# JRE version: OpenJDK Runtime Environment JBR-17.0.9+8-1166.2-nomod (17.0.9+8) (build 17.0.9+8-b1166.2)
# Java VM: OpenJDK 64-Bit Server VM JBR-17.0.9+8-1166.2-nomod (17.0.9+8-b1166.2, mixed mode, tiered, compressed oops, compressed class ptrs, g1 gc, bsd-amd64)
Heap:
 garbage-first heap   total 78848K, used 64751K [0x0000000780000000, 0x0000000800000000)
  region size 1024K, 25 young (25600K), 3 survivors (3072K)
 Metaspace       used 64377K, committed 64960K, reserved 491520K
  class space    used 8883K, committed 9152K, reserved 425984K
GC Heap History (20 events):
Event: 9.426 GC heap before
{Heap before GC invocations=10 (full 0):
 garbage-first heap   total 75776K, used 56799K [0x0000000780000000, 0x0000000800000000)
  region size 1024K, 31 young (31744K), 2 survivors (2048K)
 Metaspace       used 45408K, committed 45760K, reserved 491520K
  class space    used 6154K, committed 6336K, reserved 425984K
}
Event: 9.438 GC heap after
{Heap after GC invocations=11 (full 0):
 garbage-first heap   total 75776K, used 31731K [0x0000000780000000, 0x0000000800000000)
  region size 1024K, 4 young (4096K), 4 survivors (4096K)
 Metaspace       used 45408K, committed 45760K, reserved 491520K
  class space    used 6154K, committed 6336K, reserved 425984K
}
Event: 10.275 GC heap before
{Heap before GC invocations=11 (full 0):
 garbage-first heap   total 75776K, used 62451K [0x0000000780000000, 0x0000000800000000)
  region size 1024K, 30 young (30720K), 4 survivors (4096K)
 Metaspace       used 47189K, committed 47616K, reserved 491520K
  class space    used 6294K, committed 6464K, reserved 425984K
}
Event: 10.282 GC heap after
{Heap after GC invocations=12 (full 0):
 garbage-first heap   total 75776K, used 35492K [0x0000000780000000, 0x0000000800000000)
  region size 1024K, 4 young (4096K), 4 survivors (4096K)
 Metaspace       used 47189K, committed 47616K, reserved 491520K
  class space    used 6294K, committed 6464K, reserved 425984K
}
Event: 11.746 GC heap before
{Heap before GC invocations=12 (full 0):
 garbage-first heap   total 75776K, used 58020K [0x0000000780000000, 0x0000000800000000)
  region size 1024K, 26 young (26624K), 4 survivors (4096K)
 Metaspace       used 48876K, committed 49344K, reserved 491520K
  class space    used 6543K, committed 6720K, reserved 425984K
}
Event: 11.752 GC heap after
{Heap after GC invocations=13 (full 0):
 garbage-first heap   total 75776K, used 37813K [0x0000000780000000, 0x0000000800000000)
  region size 1024K, 3 young (3072K), 3 survivors (3072K)
 Metaspace       used 48876K, committed 49344K, reserved 491520K
  class space    used 6543K, committed 6720K, reserved 425984K
}
Event: 12.639 GC heap before
{Heap before GC invocations=13 (full 0):
 garbage-first heap   total 75776K, used 58293K [0x0000000780000000, 0x0000000800000000)
  region size 1024K, 23 young (23552K), 3 survivors (3072K)
 Metaspace       used 50509K, committed 51008K, reserved 491520K
  class space    used 6792K, committed 7040K, reserved 425984K
}
Event: 12.643 GC heap after
{Heap after GC invocations=14 (full 0):
 garbage-first heap   total 75776K, used 38983K [0x0000000780000000, 0x0000000800000000)
  region size 1024K, 2 young (2048K), 2 survivors (2048K)
 Metaspace       used 50509K, committed 51008K, reserved 491520K
  class space    used 6792K, committed 7040K, reserved 425984K
}
Event: 13.423 GC heap before
{Heap before GC invocations=15 (full 0):
 garbage-first heap   total 75776K, used 59463K [0x0000000780000000, 0x0000000800000000)
  region size 1024K, 22 young (22528K), 2 survivors (2048K)
 Metaspace       used 52602K, committed 53120K, reserved 491520K
  class space    used 7167K, committed 7424K, reserved 425984K
}
Event: 13.428 GC heap after
{Heap after GC invocations=16 (full 0):
 garbage-first heap   total 75776K, used 39691K [0x0000000780000000, 0x0000000800000000)
  region size 1024K, 2 young (2048K), 2 survivors (2048K)
 Metaspace       used 52602K, committed 53120K, reserved 491520K
  class space    used 7167K, committed 7424K, reserved 425984K
}
Event: 15.235 GC heap before
{Heap before GC invocations=16 (full 0):
 garbage-first heap   total 75776K, used 61195K [0x0000000780000000, 0x0000000800000000)
  region size 1024K, 23 young (23552K), 2 survivors (2048K)
 Metaspace       used 54718K, committed 55232K, reserved 491520K
  class space    used 7510K, committed 7744K, reserved 425984K
}
Event: 15.240 GC heap after
{Heap after GC invocations=17 (full 0):
 garbage-first heap   total 75776K, used 40240K [0x0000000780000000, 0x0000000800000000)
  region size 1024K, 2 young (2048K), 2 survivors (2048K)
 Metaspace       used 54718K, committed 55232K, reserved 491520K
  class space    used 7510K, committed 7744K, reserved 425984K
}
Event: 16.561 GC heap before
{Heap before GC invocations=18 (full 0):
 garbage-first heap   total 75776K, used 59696K [0x0000000780000000, 0x0000000800000000)
  region size 1024K, 22 young (22528K), 2 survivors (2048K)
 Metaspace       used 56712K, committed 57280K, reserved 491520K
  class space    used 7849K, committed 8128K, reserved 425984K
}
Event: 16.565 GC heap after
{Heap after GC invocations=19 (full 0):
 garbage-first heap   total 75776K, used 41135K [0x0000000780000000, 0x0000000800000000)
  region size 1024K, 3 young (3072K), 3 survivors (3072K)
 Metaspace       used 56712K, committed 57280K, reserved 491520K
  class space    used 7849K, committed 8128K, reserved 425984K
}
Event: 16.627 GC heap before
{Heap before GC invocations=19 (full 0):
 garbage-first heap   total 75776K, used 42159K [0x0000000780000000, 0x0000000800000000)
  region size 1024K, 6 young (6144K), 3 survivors (3072K)
 Metaspace       used 56843K, committed 57408K, reserved 491520K
  class space    used 7865K, committed 8128K, reserved 425984K
}
Event: 16.651 GC heap after
{Heap after GC invocations=20 (full 0):
 garbage-first heap   total 75776K, used 41746K [0x0000000780000000, 0x0000000800000000)
  region size 1024K, 3 young (3072K), 3 survivors (3072K)
 Metaspace       used 56843K, committed 57408K, reserved 491520K
  class space    used 7865K, committed 8128K, reserved 425984K
}
Event: 18.070 GC heap before
{Heap before GC invocations=21 (full 0):
 garbage-first heap   total 78848K, used 63250K [0x0000000780000000, 0x0000000800000000)
  region size 1024K, 22 young (22528K), 3 survivors (3072K)
 Metaspace       used 59689K, committed 60288K, reserved 491520K
  class space    used 8177K, committed 8448K, reserved 425984K
}
Event: 18.075 GC heap after
{Heap after GC invocations=22 (full 0):
 garbage-first heap   total 78848K, used 41732K [0x0000000780000000, 0x0000000800000000)
  region size 1024K, 2 young (2048K), 2 survivors (2048K)
 Metaspace       used 59689K, committed 60288K, reserved 491520K
  class space    used 8177K, committed 8448K, reserved 425984K
}
Event: 20.366 GC heap before
{Heap before GC invocations=22 (full 0):
 garbage-first heap   total 78848K, used 64260K [0x0000000780000000, 0x0000000800000000)
  region size 1024K, 25 young (25600K), 2 survivors (2048K)
 Metaspace       used 62786K, committed 63360K, reserved 491520K
  class space    used 8619K, committed 8896K, reserved 425984K
}
Event: 20.371 GC heap after
{Heap after GC invocations=23 (full 0):
 garbage-first heap   total 78848K, used 42813K [0x0000000780000000, 0x0000000800000000)
  region size 1024K, 3 young (3072K), 3 survivors (3072K)
 Metaspace       used 62786K, committed 63360K, reserved 491520K
  class space    used 8619K, committed 8896K, reserved 425984K
}

