# JRE version: OpenJDK Runtime Environment JBR-17.0.9+8-1166.2-nomod (17.0.9+8) (build 17.0.9+8-b1166.2)
# Java VM: OpenJDK 64-Bit Server VM JBR-17.0.9+8-1166.2-nomod (17.0.9+8-b1166.2, mixed mode, tiered, compressed oops, compressed class ptrs, g1 gc, bsd-amd64)
Heap:
 garbage-first heap   total 331776K, used 169938K [0x0000000780000000, 0x0000000800000000)
  region size 1024K, 53 young (54272K), 15 survivors (15360K)
 Metaspace       used 144445K, committed 145344K, reserved 557056K
  class space    used 18842K, committed 19264K, reserved 425984K
GC Heap History (20 events):
Event: 11.408 GC heap before
{Heap before GC invocations=37 (full 0):
 garbage-first heap   total 158720K, used 124632K [0x0000000780000000, 0x0000000800000000)
  region size 1024K, 35 young (35840K), 1 survivors (1024K)
 Metaspace       used 94488K, committed 95168K, reserved 557056K
  class space    used 13214K, committed 13504K, reserved 425984K
}
Event: 11.410 GC heap after
{Heap after GC invocations=38 (full 0):
 garbage-first heap   total 158720K, used 92124K [0x0000000780000000, 0x0000000800000000)
  region size 1024K, 3 young (3072K), 3 survivors (3072K)
 Metaspace       used 94488K, committed 95168K, reserved 557056K
  class space    used 13214K, committed 13504K, reserved 425984K
}
Event: 11.808 GC heap before
{Heap before GC invocations=39 (full 0):
 garbage-first heap   total 165888K, used 126940K [0x0000000780000000, 0x0000000800000000)
  region size 1024K, 37 young (37888K), 3 survivors (3072K)
 Metaspace       used 98356K, committed 99072K, reserved 557056K
  class space    used 13704K, committed 14016K, reserved 425984K
}
Event: 11.812 GC heap after
{Heap after GC invocations=40 (full 0):
 garbage-first heap   total 165888K, used 92907K [0x0000000780000000, 0x0000000800000000)
  region size 1024K, 2 young (2048K), 2 survivors (2048K)
 Metaspace       used 98356K, committed 99072K, reserved 557056K
  class space    used 13704K, committed 14016K, reserved 425984K
}
Event: 11.890 GC heap before
{Heap before GC invocations=40 (full 0):
 garbage-first heap   total 165888K, used 99051K [0x0000000780000000, 0x0000000800000000)
  region size 1024K, 8 young (8192K), 2 survivors (2048K)
 Metaspace       used 98965K, committed 99648K, reserved 557056K
  class space    used 13779K, committed 14080K, reserved 425984K
}
Event: 11.894 GC heap after
{Heap after GC invocations=41 (full 0):
 garbage-first heap   total 165888K, used 93566K [0x0000000780000000, 0x0000000800000000)
  region size 1024K, 1 young (1024K), 1 survivors (1024K)
 Metaspace       used 98965K, committed 99648K, reserved 557056K
  class space    used 13779K, committed 14080K, reserved 425984K
}
Event: 12.357 GC heap before
{Heap before GC invocations=41 (full 0):
 garbage-first heap   total 165888K, used 133502K [0x0000000780000000, 0x0000000800000000)
  region size 1024K, 40 young (40960K), 1 survivors (1024K)
 Metaspace       used 104261K, committed 104960K, reserved 557056K
  class space    used 14450K, committed 14784K, reserved 425984K
}
Event: 12.362 GC heap after
{Heap after GC invocations=42 (full 0):
 garbage-first heap   total 331776K, used 94473K [0x0000000780000000, 0x0000000800000000)
  region size 1024K, 2 young (2048K), 2 survivors (2048K)
 Metaspace       used 104261K, committed 104960K, reserved 557056K
  class space    used 14450K, committed 14784K, reserved 425984K
}
Event: 14.271 GC heap before
{Heap before GC invocations=43 (full 0):
 garbage-first heap   total 331776K, used 248073K [0x0000000780000000, 0x0000000800000000)
  region size 1024K, 151 young (154624K), 2 survivors (2048K)
 Metaspace       used 115992K, committed 116736K, reserved 557056K
  class space    used 15797K, committed 16128K, reserved 425984K
}
Event: 14.377 GC heap after
{Heap after GC invocations=44 (full 0):
 garbage-first heap   total 331776K, used 103028K [0x0000000780000000, 0x0000000800000000)
  region size 1024K, 10 young (10240K), 10 survivors (10240K)
 Metaspace       used 115992K, committed 116736K, reserved 557056K
  class space    used 15797K, committed 16128K, reserved 425984K
}
Event: 14.533 GC heap before
{Heap before GC invocations=44 (full 0):
 garbage-first heap   total 331776K, used 108148K [0x0000000780000000, 0x0000000800000000)
  region size 1024K, 16 young (16384K), 10 survivors (10240K)
 Metaspace       used 117006K, committed 117760K, reserved 557056K
  class space    used 15858K, committed 16192K, reserved 425984K
}
Event: 14.727 GC heap after
{Heap after GC invocations=45 (full 0):
 garbage-first heap   total 331776K, used 104049K [0x0000000780000000, 0x0000000800000000)
  region size 1024K, 2 young (2048K), 2 survivors (2048K)
 Metaspace       used 117006K, committed 117760K, reserved 557056K
  class space    used 15858K, committed 16192K, reserved 425984K
}
Event: 16.612 GC heap before
{Heap before GC invocations=45 (full 0):
 garbage-first heap   total 331776K, used 250481K [0x0000000780000000, 0x0000000800000000)
  region size 1024K, 139 young (142336K), 2 survivors (2048K)
 Metaspace       used 131708K, committed 132544K, reserved 557056K
  class space    used 17602K, committed 17984K, reserved 425984K
}
Event: 16.627 GC heap after
{Heap after GC invocations=46 (full 0):
 garbage-first heap   total 331776K, used 114445K [0x0000000780000000, 0x0000000800000000)
  region size 1024K, 6 young (6144K), 6 survivors (6144K)
 Metaspace       used 131708K, committed 132544K, reserved 557056K
  class space    used 17602K, committed 17984K, reserved 425984K
}
Event: 17.811 GC heap before
{Heap before GC invocations=46 (full 0):
 garbage-first heap   total 331776K, used 264973K [0x0000000780000000, 0x0000000800000000)
  region size 1024K, 152 young (155648K), 6 survivors (6144K)
 Metaspace       used 136289K, committed 137152K, reserved 557056K
  class space    used 18089K, committed 18496K, reserved 425984K
}
Event: 17.824 GC heap after
{Heap after GC invocations=47 (full 0):
 garbage-first heap   total 331776K, used 125595K [0x0000000780000000, 0x0000000800000000)
  region size 1024K, 17 young (17408K), 17 survivors (17408K)
 Metaspace       used 136289K, committed 137152K, reserved 557056K
  class space    used 18089K, committed 18496K, reserved 425984K
}
Event: 19.524 GC heap before
{Heap before GC invocations=47 (full 0):
 garbage-first heap   total 331776K, used 267931K [0x0000000780000000, 0x0000000800000000)
  region size 1024K, 155 young (158720K), 17 survivors (17408K)
 Metaspace       used 141910K, committed 142720K, reserved 557056K
  class space    used 18577K, committed 18944K, reserved 425984K
}
Event: 19.540 GC heap after
{Heap after GC invocations=48 (full 0):
 garbage-first heap   total 331776K, used 124463K [0x0000000780000000, 0x0000000800000000)
  region size 1024K, 8 young (8192K), 8 survivors (8192K)
 Metaspace       used 141910K, committed 142720K, reserved 557056K
  class space    used 18577K, committed 18944K, reserved 425984K
}
Event: 20.260 GC heap before
{Heap before GC invocations=48 (full 0):
 garbage-first heap   total 331776K, used 270895K [0x0000000780000000, 0x0000000800000000)
  region size 1024K, 150 young (153600K), 8 survivors (8192K)
 Metaspace       used 142595K, committed 143488K, reserved 557056K
  class space    used 18588K, committed 19008K, reserved 425984K
}
Event: 20.271 GC heap after
{Heap after GC invocations=49 (full 0):
 garbage-first heap   total 331776K, used 131504K [0x0000000780000000, 0x0000000800000000)
  region size 1024K, 15 young (15360K), 15 survivors (15360K)
 Metaspace       used 142595K, committed 143488K, reserved 557056K
  class space    used 18588K, committed 19008K, reserved 425984K
}

