# JRE version: OpenJDK Runtime Environment JBR-17.0.9+8-1166.2-nomod (17.0.9+8) (build 17.0.9+8-b1166.2)
# Java VM: OpenJDK 64-Bit Server VM JBR-17.0.9+8-1166.2-nomod (17.0.9+8-b1166.2, mixed mode, tiered, compressed oops, compressed class ptrs, g1 gc, bsd-amd64)
Heap:
 garbage-first heap   total 81920K, used 46856K [0x0000000780000000, 0x0000000800000000)
  region size 1024K, 5 young (5120K), 2 survivors (2048K)
 Metaspace       used 69038K, committed 69632K, reserved 491520K
  class space    used 9461K, committed 9728K, reserved 425984K
GC Heap History (20 events):
Event: 9.966 GC heap before
{Heap before GC invocations=10 (full 0):
 garbage-first heap   total 75776K, used 57804K [0x0000000780000000, 0x0000000800000000)
  region size 1024K, 31 young (31744K), 2 survivors (2048K)
 Metaspace       used 45404K, committed 45824K, reserved 491520K
  class space    used 6157K, committed 6336K, reserved 425984K
}
Event: 9.974 GC heap after
{Heap after GC invocations=11 (full 0):
 garbage-first heap   total 75776K, used 31180K [0x0000000780000000, 0x0000000800000000)
  region size 1024K, 4 young (4096K), 4 survivors (4096K)
 Metaspace       used 45404K, committed 45824K, reserved 491520K
  class space    used 6157K, committed 6336K, reserved 425984K
}
Event: 10.545 GC heap before
{Heap before GC invocations=11 (full 0):
 garbage-first heap   total 75776K, used 62924K [0x0000000780000000, 0x0000000800000000)
  region size 1024K, 31 young (31744K), 4 survivors (4096K)
 Metaspace       used 47103K, committed 47488K, reserved 491520K
  class space    used 6292K, committed 6464K, reserved 425984K
}
Event: 10.558 GC heap after
{Heap after GC invocations=12 (full 0):
 garbage-first heap   total 75776K, used 34294K [0x0000000780000000, 0x0000000800000000)
  region size 1024K, 4 young (4096K), 4 survivors (4096K)
 Metaspace       used 47103K, committed 47488K, reserved 491520K
  class space    used 6292K, committed 6464K, reserved 425984K
}
Event: 15.143 GC heap before
{Heap before GC invocations=12 (full 0):
 garbage-first heap   total 75776K, used 57846K [0x0000000780000000, 0x0000000800000000)
  region size 1024K, 27 young (27648K), 4 survivors (4096K)
 Metaspace       used 48930K, committed 49344K, reserved 491520K
  class space    used 6556K, committed 6720K, reserved 425984K
}
Event: 15.150 GC heap after
{Heap after GC invocations=13 (full 0):
 garbage-first heap   total 75776K, used 36700K [0x0000000780000000, 0x0000000800000000)
  region size 1024K, 3 young (3072K), 3 survivors (3072K)
 Metaspace       used 48930K, committed 49344K, reserved 491520K
  class space    used 6556K, committed 6720K, reserved 425984K
}
Event: 15.641 GC heap before
{Heap before GC invocations=13 (full 0):
 garbage-first heap   total 75776K, used 59228K [0x0000000780000000, 0x0000000800000000)
  region size 1024K, 25 young (25600K), 3 survivors (3072K)
 Metaspace       used 50823K, committed 51392K, reserved 491520K
  class space    used 6837K, committed 7104K, reserved 425984K
}
Event: 15.646 GC heap after
{Heap after GC invocations=14 (full 0):
 garbage-first heap   total 75776K, used 37982K [0x0000000780000000, 0x0000000800000000)
  region size 1024K, 2 young (2048K), 2 survivors (2048K)
 Metaspace       used 50823K, committed 51392K, reserved 491520K
  class space    used 6837K, committed 7104K, reserved 425984K
}
Event: 16.190 GC heap before
{Heap before GC invocations=15 (full 0):
 garbage-first heap   total 75776K, used 59486K [0x0000000780000000, 0x0000000800000000)
  region size 1024K, 23 young (23552K), 2 survivors (2048K)
 Metaspace       used 52984K, committed 53568K, reserved 491520K
  class space    used 7224K, committed 7488K, reserved 425984K
}
Event: 16.197 GC heap after
{Heap after GC invocations=16 (full 0):
 garbage-first heap   total 75776K, used 38630K [0x0000000780000000, 0x0000000800000000)
  region size 1024K, 2 young (2048K), 2 survivors (2048K)
 Metaspace       used 52984K, committed 53568K, reserved 491520K
  class space    used 7224K, committed 7488K, reserved 425984K
}
Event: 17.131 GC heap before
{Heap before GC invocations=16 (full 0):
 garbage-first heap   total 75776K, used 61158K [0x0000000780000000, 0x0000000800000000)
  region size 1024K, 24 young (24576K), 2 survivors (2048K)
 Metaspace       used 55482K, committed 56000K, reserved 491520K
  class space    used 7609K, committed 7808K, reserved 425984K
}
Event: 17.136 GC heap after
{Heap after GC invocations=17 (full 0):
 garbage-first heap   total 75776K, used 39659K [0x0000000780000000, 0x0000000800000000)
  region size 1024K, 2 young (2048K), 2 survivors (2048K)
 Metaspace       used 55482K, committed 56000K, reserved 491520K
  class space    used 7609K, committed 7808K, reserved 425984K
}
Event: 18.632 GC heap before
{Heap before GC invocations=18 (full 0):
 garbage-first heap   total 75776K, used 61163K [0x0000000780000000, 0x0000000800000000)
  region size 1024K, 23 young (23552K), 2 survivors (2048K)
 Metaspace       used 59575K, committed 60160K, reserved 491520K
  class space    used 8173K, committed 8448K, reserved 425984K
}
Event: 18.644 GC heap after
{Heap after GC invocations=19 (full 0):
 garbage-first heap   total 75776K, used 42067K [0x0000000780000000, 0x0000000800000000)
  region size 1024K, 3 young (3072K), 3 survivors (3072K)
 Metaspace       used 59575K, committed 60160K, reserved 491520K
  class space    used 8173K, committed 8448K, reserved 425984K
}
Event: 20.258 GC heap before
{Heap before GC invocations=19 (full 0):
 garbage-first heap   total 75776K, used 61523K [0x0000000780000000, 0x0000000800000000)
  region size 1024K, 22 young (22528K), 3 survivors (3072K)
 Metaspace       used 62170K, committed 62784K, reserved 491520K
  class space    used 8579K, committed 8896K, reserved 425984K
}
Event: 20.265 GC heap after
{Heap after GC invocations=20 (full 0):
 garbage-first heap   total 75776K, used 43288K [0x0000000780000000, 0x0000000800000000)
  region size 1024K, 2 young (2048K), 2 survivors (2048K)
 Metaspace       used 62170K, committed 62784K, reserved 491520K
  class space    used 8579K, committed 8896K, reserved 425984K
}
Event: 20.406 GC heap before
{Heap before GC invocations=21 (full 0):
 garbage-first heap   total 80896K, used 47384K [0x0000000780000000, 0x0000000800000000)
  region size 1024K, 8 young (8192K), 2 survivors (2048K)
 Metaspace       used 62716K, committed 63360K, reserved 491520K
  class space    used 8646K, committed 8960K, reserved 425984K
}
Event: 20.409 GC heap after
{Heap after GC invocations=22 (full 0):
 garbage-first heap   total 80896K, used 43718K [0x0000000780000000, 0x0000000800000000)
  region size 1024K, 2 young (2048K), 2 survivors (2048K)
 Metaspace       used 62716K, committed 63360K, reserved 491520K
  class space    used 8646K, committed 8960K, reserved 425984K
}
Event: 20.832 GC heap before
{Heap before GC invocations=23 (full 0):
 garbage-first heap   total 81920K, used 68294K [0x0000000780000000, 0x0000000800000000)
  region size 1024K, 24 young (24576K), 2 survivors (2048K)
 Metaspace       used 65909K, committed 66496K, reserved 491520K
  class space    used 8993K, committed 9280K, reserved 425984K
}
Event: 20.836 GC heap after
{Heap after GC invocations=24 (full 0):
 garbage-first heap   total 81920K, used 43780K [0x0000000780000000, 0x0000000800000000)
  region size 1024K, 1 young (1024K), 1 survivors (1024K)
 Metaspace       used 65909K, committed 66496K, reserved 491520K
  class space    used 8993K, committed 9280K, reserved 425984K
}

