# JRE version: OpenJDK Runtime Environment JBR-17.0.9+8-1166.2-nomod (17.0.9+8) (build 17.0.9+8-b1166.2)
# Java VM: OpenJDK 64-Bit Server VM JBR-17.0.9+8-1166.2-nomod (17.0.9+8-b1166.2, mixed mode, tiered, compressed oops, compressed class ptrs, g1 gc, bsd-amd64)
Heap:
 garbage-first heap   total 119808K, used 59612K [0x0000000780000000, 0x0000000800000000)
  region size 1024K, 24 young (24576K), 8 survivors (8192K)
 Metaspace       used 70893K, committed 71552K, reserved 491520K
  class space    used 9796K, committed 10112K, reserved 425984K
GC Heap History (20 events):
Event: 2.465 GC heap before
{Heap before GC invocations=6 (full 0):
 garbage-first heap   total 71680K, used 49818K [0x0000000780000000, 0x0000000800000000)
  region size 1024K, 28 young (28672K), 1 survivors (1024K)
 Metaspace       used 30216K, committed 30528K, reserved 491520K
  class space    used 4081K, committed 4224K, reserved 425984K
}
Event: 2.466 GC heap after
{Heap after GC invocations=7 (full 0):
 garbage-first heap   total 71680K, used 23408K [0x0000000780000000, 0x0000000800000000)
  region size 1024K, 2 young (2048K), 2 survivors (2048K)
 Metaspace       used 30216K, committed 30528K, reserved 491520K
  class space    used 4081K, committed 4224K, reserved 425984K
}
Event: 2.789 GC heap before
{Heap before GC invocations=7 (full 0):
 garbage-first heap   total 71680K, used 52080K [0x0000000780000000, 0x0000000800000000)
  region size 1024K, 30 young (30720K), 2 survivors (2048K)
 Metaspace       used 34014K, committed 34368K, reserved 491520K
  class space    used 4660K, committed 4800K, reserved 425984K
}
Event: 2.791 GC heap after
{Heap after GC invocations=8 (full 0):
 garbage-first heap   total 71680K, used 24642K [0x0000000780000000, 0x0000000800000000)
  region size 1024K, 3 young (3072K), 3 survivors (3072K)
 Metaspace       used 34014K, committed 34368K, reserved 491520K
  class space    used 4660K, committed 4800K, reserved 425984K
}
Event: 2.936 GC heap before
{Heap before GC invocations=8 (full 0):
 garbage-first heap   total 71680K, used 36930K [0x0000000780000000, 0x0000000800000000)
  region size 1024K, 16 young (16384K), 3 survivors (3072K)
 Metaspace       used 35620K, committed 35968K, reserved 491520K
  class space    used 4904K, committed 5056K, reserved 425984K
}
Event: 2.941 GC heap after
{Heap after GC invocations=9 (full 0):
 garbage-first heap   total 71680K, used 25314K [0x0000000780000000, 0x0000000800000000)
  region size 1024K, 2 young (2048K), 2 survivors (2048K)
 Metaspace       used 35620K, committed 35968K, reserved 491520K
  class space    used 4904K, committed 5056K, reserved 425984K
}
Event: 3.327 GC heap before
{Heap before GC invocations=10 (full 0):
 garbage-first heap   total 71680K, used 56034K [0x0000000780000000, 0x0000000800000000)
  region size 1024K, 32 young (32768K), 2 survivors (2048K)
 Metaspace       used 41762K, committed 42112K, reserved 491520K
  class space    used 5703K, committed 5888K, reserved 425984K
}
Event: 3.331 GC heap after
{Heap after GC invocations=11 (full 0):
 garbage-first heap   total 71680K, used 27739K [0x0000000780000000, 0x0000000800000000)
  region size 1024K, 4 young (4096K), 4 survivors (4096K)
 Metaspace       used 41762K, committed 42112K, reserved 491520K
  class space    used 5703K, committed 5888K, reserved 425984K
}
Event: 3.525 GC heap before
{Heap before GC invocations=11 (full 0):
 garbage-first heap   total 71680K, used 54363K [0x0000000780000000, 0x0000000800000000)
  region size 1024K, 31 young (31744K), 4 survivors (4096K)
 Metaspace       used 43570K, committed 43904K, reserved 491520K
  class space    used 5909K, committed 6080K, reserved 425984K
}
Event: 3.530 GC heap after
{Heap after GC invocations=12 (full 0):
 garbage-first heap   total 71680K, used 30384K [0x0000000780000000, 0x0000000800000000)
  region size 1024K, 3 young (3072K), 3 survivors (3072K)
 Metaspace       used 43570K, committed 43904K, reserved 491520K
  class space    used 5909K, committed 6080K, reserved 425984K
}
Event: 3.580 GC heap before
{Heap before GC invocations=12 (full 0):
 garbage-first heap   total 71680K, used 36528K [0x0000000780000000, 0x0000000800000000)
  region size 1024K, 8 young (8192K), 3 survivors (3072K)
 Metaspace       used 43857K, committed 44224K, reserved 491520K
  class space    used 5946K, committed 6144K, reserved 425984K
}
Event: 3.584 GC heap after
{Heap after GC invocations=13 (full 0):
 garbage-first heap   total 119808K, used 32336K [0x0000000780000000, 0x0000000800000000)
  region size 1024K, 1 young (1024K), 1 survivors (1024K)
 Metaspace       used 43857K, committed 44224K, reserved 491520K
  class space    used 5946K, committed 6144K, reserved 425984K
}
Event: 4.526 GC heap before
{Heap before GC invocations=13 (full 0):
 garbage-first heap   total 119808K, used 91728K [0x0000000780000000, 0x0000000800000000)
  region size 1024K, 57 young (58368K), 1 survivors (1024K)
 Metaspace       used 49515K, committed 50048K, reserved 491520K
  class space    used 6708K, committed 6976K, reserved 425984K
}
Event: 4.530 GC heap after
{Heap after GC invocations=14 (full 0):
 garbage-first heap   total 119808K, used 34314K [0x0000000780000000, 0x0000000800000000)
  region size 1024K, 5 young (5120K), 5 survivors (5120K)
 Metaspace       used 49515K, committed 50048K, reserved 491520K
  class space    used 6708K, committed 6976K, reserved 425984K
}
Event: 5.095 GC heap before
{Heap before GC invocations=14 (full 0):
 garbage-first heap   total 119808K, used 88586K [0x0000000780000000, 0x0000000800000000)
  region size 1024K, 58 young (59392K), 5 survivors (5120K)
 Metaspace       used 54929K, committed 55488K, reserved 491520K
  class space    used 7609K, committed 7872K, reserved 425984K
}
Event: 5.100 GC heap after
{Heap after GC invocations=15 (full 0):
 garbage-first heap   total 119808K, used 36815K [0x0000000780000000, 0x0000000800000000)
  region size 1024K, 7 young (7168K), 7 survivors (7168K)
 Metaspace       used 54929K, committed 55488K, reserved 491520K
  class space    used 7609K, committed 7872K, reserved 425984K
}
Event: 5.541 GC heap before
{Heap before GC invocations=15 (full 0):
 garbage-first heap   total 119808K, used 76751K [0x0000000780000000, 0x0000000800000000)
  region size 1024K, 45 young (46080K), 7 survivors (7168K)
 Metaspace       used 60001K, committed 60480K, reserved 491520K
  class space    used 8225K, committed 8448K, reserved 425984K
}
Event: 5.547 GC heap after
{Heap after GC invocations=16 (full 0):
 garbage-first heap   total 119808K, used 38004K [0x0000000780000000, 0x0000000800000000)
  region size 1024K, 4 young (4096K), 4 survivors (4096K)
 Metaspace       used 60001K, committed 60480K, reserved 491520K
  class space    used 8225K, committed 8448K, reserved 425984K
}
Event: 6.381 GC heap before
{Heap before GC invocations=17 (full 0):
 garbage-first heap   total 119808K, used 94324K [0x0000000780000000, 0x0000000800000000)
  region size 1024K, 59 young (60416K), 4 survivors (4096K)
 Metaspace       used 67601K, committed 68160K, reserved 491520K
  class space    used 9340K, committed 9600K, reserved 425984K
}
Event: 6.388 GC heap after
{Heap after GC invocations=18 (full 0):
 garbage-first heap   total 119808K, used 43228K [0x0000000780000000, 0x0000000800000000)
  region size 1024K, 8 young (8192K), 8 survivors (8192K)
 Metaspace       used 67601K, committed 68160K, reserved 491520K
  class space    used 9340K, committed 9600K, reserved 425984K
}

