# JRE version: OpenJDK Runtime Environment JBR-17.0.9+8-1166.2-nomod (17.0.9+8) (build 17.0.9+8-b1166.2)
# Java VM: OpenJDK 64-Bit Server VM JBR-17.0.9+8-1166.2-nomod (17.0.9+8-b1166.2, mixed mode, tiered, compressed oops, compressed class ptrs, g1 gc, bsd-amd64)
Heap:
 garbage-first heap   total 111616K, used 45780K [0x0000000780000000, 0x0000000800000000)
  region size 1024K, 11 young (11264K), 3 survivors (3072K)
 Metaspace       used 60976K, committed 61504K, reserved 491520K
  class space    used 8384K, committed 8640K, reserved 425984K
GC Heap History (20 events):
Event: 3.571 GC heap before
{Heap before GC invocations=5 (full 0):
 garbage-first heap   total 71680K, used 21620K [0x0000000780000000, 0x0000000800000000)
  region size 1024K, 4 young (4096K), 3 survivors (3072K)
 Metaspace       used 26743K, committed 27072K, reserved 491520K
  class space    used 3495K, committed 3648K, reserved 425984K
}
Event: 3.575 GC heap after
{Heap after GC invocations=6 (full 0):
 garbage-first heap   total 71680K, used 21989K [0x0000000780000000, 0x0000000800000000)
  region size 1024K, 1 young (1024K), 1 survivors (1024K)
 Metaspace       used 26743K, committed 27072K, reserved 491520K
  class space    used 3495K, committed 3648K, reserved 425984K
}
Event: 4.198 GC heap before
{Heap before GC invocations=6 (full 0):
 garbage-first heap   total 71680K, used 49637K [0x0000000780000000, 0x0000000800000000)
  region size 1024K, 28 young (28672K), 1 survivors (1024K)
 Metaspace       used 30266K, committed 30592K, reserved 491520K
  class space    used 4091K, committed 4224K, reserved 425984K
}
Event: 4.202 GC heap after
{Heap after GC invocations=7 (full 0):
 garbage-first heap   total 71680K, used 23252K [0x0000000780000000, 0x0000000800000000)
  region size 1024K, 2 young (2048K), 2 survivors (2048K)
 Metaspace       used 30266K, committed 30592K, reserved 491520K
  class space    used 4091K, committed 4224K, reserved 425984K
}
Event: 4.942 GC heap before
{Heap before GC invocations=7 (full 0):
 garbage-first heap   total 71680K, used 51924K [0x0000000780000000, 0x0000000800000000)
  region size 1024K, 31 young (31744K), 2 survivors (2048K)
 Metaspace       used 34217K, committed 34560K, reserved 491520K
  class space    used 4696K, committed 4864K, reserved 425984K
}
Event: 4.947 GC heap after
{Heap after GC invocations=8 (full 0):
 garbage-first heap   total 71680K, used 24515K [0x0000000780000000, 0x0000000800000000)
  region size 1024K, 3 young (3072K), 3 survivors (3072K)
 Metaspace       used 34217K, committed 34560K, reserved 491520K
  class space    used 4696K, committed 4864K, reserved 425984K
}
Event: 5.181 GC heap before
{Heap before GC invocations=8 (full 0):
 garbage-first heap   total 71680K, used 35779K [0x0000000780000000, 0x0000000800000000)
  region size 1024K, 15 young (15360K), 3 survivors (3072K)
 Metaspace       used 35639K, committed 35968K, reserved 491520K
  class space    used 4904K, committed 5056K, reserved 425984K
}
Event: 5.188 GC heap after
{Heap after GC invocations=9 (full 0):
 garbage-first heap   total 71680K, used 25106K [0x0000000780000000, 0x0000000800000000)
  region size 1024K, 2 young (2048K), 2 survivors (2048K)
 Metaspace       used 35639K, committed 35968K, reserved 491520K
  class space    used 4904K, committed 5056K, reserved 425984K
}
Event: 5.943 GC heap before
{Heap before GC invocations=10 (full 0):
 garbage-first heap   total 71680K, used 55826K [0x0000000780000000, 0x0000000800000000)
  region size 1024K, 32 young (32768K), 2 survivors (2048K)
 Metaspace       used 41785K, committed 42176K, reserved 491520K
  class space    used 5703K, committed 5888K, reserved 425984K
}
Event: 5.949 GC heap after
{Heap after GC invocations=11 (full 0):
 garbage-first heap   total 111616K, used 27648K [0x0000000780000000, 0x0000000800000000)
  region size 1024K, 4 young (4096K), 4 survivors (4096K)
 Metaspace       used 41785K, committed 42176K, reserved 491520K
  class space    used 5703K, committed 5888K, reserved 425984K
}
Event: 5.969 GC heap before
{Heap before GC invocations=11 (full 0):
 garbage-first heap   total 111616K, used 28672K [0x0000000780000000, 0x0000000800000000)
  region size 1024K, 5 young (5120K), 4 survivors (4096K)
 Metaspace       used 41947K, committed 42304K, reserved 491520K
  class space    used 5730K, committed 5888K, reserved 425984K
}
Event: 5.975 GC heap after
{Heap after GC invocations=12 (full 0):
 garbage-first heap   total 111616K, used 28082K [0x0000000780000000, 0x0000000800000000)
  region size 1024K, 1 young (1024K), 1 survivors (1024K)
 Metaspace       used 41947K, committed 42304K, reserved 491520K
  class space    used 5730K, committed 5888K, reserved 425984K
}
Event: 7.679 GC heap before
{Heap before GC invocations=12 (full 0):
 garbage-first heap   total 111616K, used 89522K [0x0000000780000000, 0x0000000800000000)
  region size 1024K, 57 young (58368K), 1 survivors (1024K)
 Metaspace       used 46664K, committed 47040K, reserved 491520K
  class space    used 6253K, committed 6400K, reserved 425984K
}
Event: 7.687 GC heap after
{Heap after GC invocations=13 (full 0):
 garbage-first heap   total 111616K, used 32972K [0x0000000780000000, 0x0000000800000000)
  region size 1024K, 6 young (6144K), 6 survivors (6144K)
 Metaspace       used 46664K, committed 47040K, reserved 491520K
  class space    used 6253K, committed 6400K, reserved 425984K
}
Event: 9.429 GC heap before
{Heap before GC invocations=13 (full 0):
 garbage-first heap   total 111616K, used 84172K [0x0000000780000000, 0x0000000800000000)
  region size 1024K, 56 young (57344K), 6 survivors (6144K)
 Metaspace       used 51434K, committed 51904K, reserved 491520K
  class space    used 7037K, committed 7232K, reserved 425984K
}
Event: 9.439 GC heap after
{Heap after GC invocations=14 (full 0):
 garbage-first heap   total 111616K, used 34748K [0x0000000780000000, 0x0000000800000000)
  region size 1024K, 3 young (3072K), 3 survivors (3072K)
 Metaspace       used 51434K, committed 51904K, reserved 491520K
  class space    used 7037K, committed 7232K, reserved 425984K
}
Event: 10.497 GC heap before
{Heap before GC invocations=14 (full 0):
 garbage-first heap   total 111616K, used 86972K [0x0000000780000000, 0x0000000800000000)
  region size 1024K, 53 young (54272K), 3 survivors (3072K)
 Metaspace       used 57332K, committed 57856K, reserved 491520K
  class space    used 7853K, committed 8064K, reserved 425984K
}
Event: 10.504 GC heap after
{Heap after GC invocations=15 (full 0):
 garbage-first heap   total 111616K, used 36522K [0x0000000780000000, 0x0000000800000000)
  region size 1024K, 4 young (4096K), 4 survivors (4096K)
 Metaspace       used 57332K, committed 57856K, reserved 491520K
  class space    used 7853K, committed 8064K, reserved 425984K
}
Event: 10.906 GC heap before
{Heap before GC invocations=15 (full 0):
 garbage-first heap   total 111616K, used 57002K [0x0000000780000000, 0x0000000800000000)
  region size 1024K, 25 young (25600K), 4 survivors (4096K)
 Metaspace       used 59977K, committed 60480K, reserved 491520K
  class space    used 8217K, committed 8448K, reserved 425984K
}
Event: 10.913 GC heap after
{Heap after GC invocations=16 (full 0):
 garbage-first heap   total 111616K, used 37588K [0x0000000780000000, 0x0000000800000000)
  region size 1024K, 3 young (3072K), 3 survivors (3072K)
 Metaspace       used 59977K, committed 60480K, reserved 491520K
  class space    used 8217K, committed 8448K, reserved 425984K
}

