# JRE version: OpenJDK Runtime Environment JBR-17.0.9+8-1166.2-nomod (17.0.9+8) (build 17.0.9+8-b1166.2)
# Java VM: OpenJDK 64-Bit Server VM JBR-17.0.9+8-1166.2-nomod (17.0.9+8-b1166.2, mixed mode, tiered, compressed oops, compressed class ptrs, g1 gc, bsd-amd64)
Heap:
 garbage-first heap   total 78848K, used 46340K [0x0000000780000000, 0x0000000800000000)
  region size 1024K, 3 young (3072K), 2 survivors (2048K)
 Metaspace       used 72683K, committed 73216K, reserved 491520K
  class space    used 10000K, committed 10240K, reserved 425984K
GC Heap History (20 events):
Event: 16.404 GC heap before
{Heap before GC invocations=10 (full 0):
 garbage-first heap   total 75776K, used 56772K [0x0000000780000000, 0x0000000800000000)
  region size 1024K, 34 young (34816K), 5 survivors (5120K)
 Metaspace       used 43919K, committed 44352K, reserved 491520K
  class space    used 5950K, committed 6144K, reserved 425984K
}
Event: 16.413 GC heap after
{Heap after GC invocations=11 (full 0):
 garbage-first heap   total 75776K, used 30857K [0x0000000780000000, 0x0000000800000000)
  region size 1024K, 3 young (3072K), 3 survivors (3072K)
 Metaspace       used 43919K, committed 44352K, reserved 491520K
  class space    used 5950K, committed 6144K, reserved 425984K
}
Event: 17.753 GC heap before
{Heap before GC invocations=11 (full 0):
 garbage-first heap   total 75776K, used 62601K [0x0000000780000000, 0x0000000800000000)
  region size 1024K, 30 young (30720K), 3 survivors (3072K)
 Metaspace       used 46819K, committed 47168K, reserved 491520K
  class space    used 6274K, committed 6400K, reserved 425984K
}
Event: 17.760 GC heap after
{Heap after GC invocations=12 (full 0):
 garbage-first heap   total 75776K, used 33586K [0x0000000780000000, 0x0000000800000000)
  region size 1024K, 4 young (4096K), 4 survivors (4096K)
 Metaspace       used 46819K, committed 47168K, reserved 491520K
  class space    used 6274K, committed 6400K, reserved 425984K
}
Event: 19.525 GC heap before
{Heap before GC invocations=12 (full 0):
 garbage-first heap   total 75776K, used 58162K [0x0000000780000000, 0x0000000800000000)
  region size 1024K, 28 young (28672K), 4 survivors (4096K)
 Metaspace       used 48831K, committed 49344K, reserved 491520K
  class space    used 6592K, committed 6848K, reserved 425984K
}
Event: 19.532 GC heap after
{Heap after GC invocations=13 (full 0):
 garbage-first heap   total 75776K, used 34978K [0x0000000780000000, 0x0000000800000000)
  region size 1024K, 2 young (2048K), 2 survivors (2048K)
 Metaspace       used 48831K, committed 49344K, reserved 491520K
  class space    used 6592K, committed 6848K, reserved 425984K
}
Event: 20.482 GC heap before
{Heap before GC invocations=13 (full 0):
 garbage-first heap   total 75776K, used 59554K [0x0000000780000000, 0x0000000800000000)
  region size 1024K, 26 young (26624K), 2 survivors (2048K)
 Metaspace       used 51375K, committed 51904K, reserved 491520K
  class space    used 7034K, committed 7296K, reserved 425984K
}
Event: 20.488 GC heap after
{Heap after GC invocations=14 (full 0):
 garbage-first heap   total 75776K, used 35622K [0x0000000780000000, 0x0000000800000000)
  region size 1024K, 3 young (3072K), 3 survivors (3072K)
 Metaspace       used 51375K, committed 51904K, reserved 491520K
  class space    used 7034K, committed 7296K, reserved 425984K
}
Event: 21.468 GC heap before
{Heap before GC invocations=14 (full 0):
 garbage-first heap   total 75776K, used 60198K [0x0000000780000000, 0x0000000800000000)
  region size 1024K, 27 young (27648K), 3 survivors (3072K)
 Metaspace       used 53924K, committed 54400K, reserved 491520K
  class space    used 7466K, committed 7680K, reserved 425984K
}
Event: 21.475 GC heap after
{Heap after GC invocations=15 (full 0):
 garbage-first heap   total 75776K, used 36731K [0x0000000780000000, 0x0000000800000000)
  region size 1024K, 4 young (4096K), 4 survivors (4096K)
 Metaspace       used 53924K, committed 54400K, reserved 491520K
  class space    used 7466K, committed 7680K, reserved 425984K
}
Event: 22.034 GC heap before
{Heap before GC invocations=15 (full 0):
 garbage-first heap   total 75776K, used 46971K [0x0000000780000000, 0x0000000800000000)
  region size 1024K, 16 young (16384K), 4 survivors (4096K)
 Metaspace       used 55011K, committed 55552K, reserved 491520K
  class space    used 7623K, committed 7872K, reserved 425984K
}
Event: 22.047 GC heap after
{Heap after GC invocations=16 (full 0):
 garbage-first heap   total 75776K, used 37648K [0x0000000780000000, 0x0000000800000000)
  region size 1024K, 3 young (3072K), 3 survivors (3072K)
 Metaspace       used 55011K, committed 55552K, reserved 491520K
  class space    used 7623K, committed 7872K, reserved 425984K
}
Event: 22.822 GC heap before
{Heap before GC invocations=17 (full 0):
 garbage-first heap   total 75776K, used 63248K [0x0000000780000000, 0x0000000800000000)
  region size 1024K, 26 young (26624K), 3 survivors (3072K)
 Metaspace       used 58335K, committed 58880K, reserved 491520K
  class space    used 7998K, committed 8256K, reserved 425984K
}
Event: 22.827 GC heap after
{Heap after GC invocations=18 (full 0):
 garbage-first heap   total 75776K, used 37739K [0x0000000780000000, 0x0000000800000000)
  region size 1024K, 3 young (3072K), 3 survivors (3072K)
 Metaspace       used 58335K, committed 58880K, reserved 491520K
  class space    used 7998K, committed 8256K, reserved 425984K
}
Event: 24.193 GC heap before
{Heap before GC invocations=18 (full 0):
 garbage-first heap   total 75776K, used 61291K [0x0000000780000000, 0x0000000800000000)
  region size 1024K, 26 young (26624K), 3 survivors (3072K)
 Metaspace       used 61290K, committed 61824K, reserved 491520K
  class space    used 8443K, committed 8704K, reserved 425984K
}
Event: 24.201 GC heap after
{Heap after GC invocations=19 (full 0):
 garbage-first heap   total 75776K, used 38896K [0x0000000780000000, 0x0000000800000000)
  region size 1024K, 4 young (4096K), 4 survivors (4096K)
 Metaspace       used 61290K, committed 61824K, reserved 491520K
  class space    used 8443K, committed 8704K, reserved 425984K
}
Event: 25.341 GC heap before
{Heap before GC invocations=20 (full 0):
 garbage-first heap   total 75776K, used 62448K [0x0000000780000000, 0x0000000800000000)
  region size 1024K, 27 young (27648K), 4 survivors (4096K)
 Metaspace       used 63416K, committed 64064K, reserved 491520K
  class space    used 8825K, committed 9152K, reserved 425984K
}
Event: 25.354 GC heap after
{Heap after GC invocations=21 (full 0):
 garbage-first heap   total 75776K, used 40474K [0x0000000780000000, 0x0000000800000000)
  region size 1024K, 4 young (4096K), 4 survivors (4096K)
 Metaspace       used 63416K, committed 64064K, reserved 491520K
  class space    used 8825K, committed 9152K, reserved 425984K
}
Event: 27.159 GC heap before
{Heap before GC invocations=21 (full 0):
 garbage-first heap   total 75776K, used 60954K [0x0000000780000000, 0x0000000800000000)
  region size 1024K, 25 young (25600K), 4 survivors (4096K)
 Metaspace       used 67817K, committed 68416K, reserved 491520K
  class space    used 9376K, committed 9664K, reserved 425984K
}
Event: 27.185 GC heap after
{Heap after GC invocations=22 (full 0):
 garbage-first heap   total 75776K, used 43730K [0x0000000780000000, 0x0000000800000000)
  region size 1024K, 4 young (4096K), 4 survivors (4096K)
 Metaspace       used 67817K, committed 68416K, reserved 491520K
  class space    used 9376K, committed 9664K, reserved 425984K
}

