# JRE version: OpenJDK Runtime Environment JBR-17.0.9+8-1166.2-nomod (17.0.9+8) (build 17.0.9+8-b1166.2)
# Java VM: OpenJDK 64-Bit Server VM JBR-17.0.9+8-1166.2-nomod (17.0.9+8-b1166.2, mixed mode, tiered, compressed oops, compressed class ptrs, g1 gc, bsd-amd64)
Heap:
 garbage-first heap   total 103424K, used 68547K [0x0000000780000000, 0x0000000800000000)
  region size 1024K, 28 young (28672K), 6 survivors (6144K)
 Metaspace       used 73801K, committed 74432K, reserved 491520K
  class space    used 10178K, committed 10496K, reserved 425984K
GC Heap History (20 events):
Event: 2.810 GC heap before
{Heap before GC invocations=7 (full 0):
 garbage-first heap   total 71680K, used 39305K [0x0000000780000000, 0x0000000800000000)
  region size 1024K, 18 young (18432K), 4 survivors (4096K)
 Metaspace       used 35724K, committed 36096K, reserved 491520K
  class space    used 4880K, committed 5056K, reserved 425984K
}
Event: 2.814 GC heap after
{Heap after GC invocations=8 (full 0):
 garbage-first heap   total 86016K, used 27012K [0x0000000780000000, 0x0000000800000000)
  region size 1024K, 1 young (1024K), 1 survivors (1024K)
 Metaspace       used 35724K, committed 36096K, reserved 491520K
  class space    used 4880K, committed 5056K, reserved 425984K
}
Event: 3.220 GC heap before
{Heap before GC invocations=9 (full 0):
 garbage-first heap   total 86016K, used 64900K [0x0000000780000000, 0x0000000800000000)
  region size 1024K, 38 young (38912K), 1 survivors (1024K)
 Metaspace       used 40856K, committed 41216K, reserved 491520K
  class space    used 5704K, committed 5888K, reserved 425984K
}
Event: 3.223 GC heap after
{Heap after GC invocations=10 (full 0):
 garbage-first heap   total 86016K, used 29070K [0x0000000780000000, 0x0000000800000000)
  region size 1024K, 3 young (3072K), 3 survivors (3072K)
 Metaspace       used 40856K, committed 41216K, reserved 491520K
  class space    used 5704K, committed 5888K, reserved 425984K
}
Event: 3.517 GC heap before
{Heap before GC invocations=10 (full 0):
 garbage-first heap   total 86016K, used 64910K [0x0000000780000000, 0x0000000800000000)
  region size 1024K, 39 young (39936K), 3 survivors (3072K)
 Metaspace       used 45461K, committed 45888K, reserved 491520K
  class space    used 6160K, committed 6336K, reserved 425984K
}
Event: 3.523 GC heap after
{Heap after GC invocations=11 (full 0):
 garbage-first heap   total 86016K, used 32350K [0x0000000780000000, 0x0000000800000000)
  region size 1024K, 5 young (5120K), 5 survivors (5120K)
 Metaspace       used 45461K, committed 45888K, reserved 491520K
  class space    used 6160K, committed 6336K, reserved 425984K
}
Event: 3.948 GC heap before
{Heap before GC invocations=11 (full 0):
 garbage-first heap   total 86016K, used 70238K [0x0000000780000000, 0x0000000800000000)
  region size 1024K, 38 young (38912K), 5 survivors (5120K)
 Metaspace       used 48630K, committed 49088K, reserved 491520K
  class space    used 6514K, committed 6720K, reserved 425984K
}
Event: 3.955 GC heap after
{Heap after GC invocations=12 (full 0):
 garbage-first heap   total 86016K, used 36138K [0x0000000780000000, 0x0000000800000000)
  region size 1024K, 4 young (4096K), 4 survivors (4096K)
 Metaspace       used 48630K, committed 49088K, reserved 491520K
  class space    used 6514K, committed 6720K, reserved 425984K
}
Event: 4.285 GC heap before
{Heap before GC invocations=12 (full 0):
 garbage-first heap   total 86016K, used 66858K [0x0000000780000000, 0x0000000800000000)
  region size 1024K, 34 young (34816K), 4 survivors (4096K)
 Metaspace       used 51335K, committed 51904K, reserved 491520K
  class space    used 6942K, committed 7232K, reserved 425984K
}
Event: 4.289 GC heap after
{Heap after GC invocations=13 (full 0):
 garbage-first heap   total 86016K, used 38011K [0x0000000780000000, 0x0000000800000000)
  region size 1024K, 2 young (2048K), 2 survivors (2048K)
 Metaspace       used 51335K, committed 51904K, reserved 491520K
  class space    used 6942K, committed 7232K, reserved 425984K
}
Event: 4.542 GC heap before
{Heap before GC invocations=13 (full 0):
 garbage-first heap   total 86016K, used 67707K [0x0000000780000000, 0x0000000800000000)
  region size 1024K, 31 young (31744K), 2 survivors (2048K)
 Metaspace       used 54364K, committed 54912K, reserved 491520K
  class space    used 7428K, committed 7680K, reserved 425984K
}
Event: 4.545 GC heap after
{Heap after GC invocations=14 (full 0):
 garbage-first heap   total 86016K, used 38697K [0x0000000780000000, 0x0000000800000000)
  region size 1024K, 3 young (3072K), 3 survivors (3072K)
 Metaspace       used 54364K, committed 54912K, reserved 491520K
  class space    used 7428K, committed 7680K, reserved 425984K
}
Event: 4.845 GC heap before
{Heap before GC invocations=14 (full 0):
 garbage-first heap   total 86016K, used 70441K [0x0000000780000000, 0x0000000800000000)
  region size 1024K, 32 young (32768K), 3 survivors (3072K)
 Metaspace       used 57875K, committed 58432K, reserved 491520K
  class space    used 7899K, committed 8128K, reserved 425984K
}
Event: 4.849 GC heap after
{Heap after GC invocations=15 (full 0):
 garbage-first heap   total 103424K, used 39900K [0x0000000780000000, 0x0000000800000000)
  region size 1024K, 3 young (3072K), 3 survivors (3072K)
 Metaspace       used 57875K, committed 58432K, reserved 491520K
  class space    used 7899K, committed 8128K, reserved 425984K
}
Event: 4.990 GC heap before
{Heap before GC invocations=15 (full 0):
 garbage-first heap   total 103424K, used 57308K [0x0000000780000000, 0x0000000800000000)
  region size 1024K, 21 young (21504K), 3 survivors (3072K)
 Metaspace       used 59888K, committed 60416K, reserved 491520K
  class space    used 8192K, committed 8448K, reserved 425984K
}
Event: 4.993 GC heap after
{Heap after GC invocations=16 (full 0):
 garbage-first heap   total 103424K, used 40292K [0x0000000780000000, 0x0000000800000000)
  region size 1024K, 3 young (3072K), 3 survivors (3072K)
 Metaspace       used 59888K, committed 60416K, reserved 491520K
  class space    used 8192K, committed 8448K, reserved 425984K
}
Event: 5.441 GC heap before
{Heap before GC invocations=17 (full 0):
 garbage-first heap   total 103424K, used 82276K [0x0000000780000000, 0x0000000800000000)
  region size 1024K, 44 young (45056K), 3 survivors (3072K)
 Metaspace       used 64109K, committed 64640K, reserved 491520K
  class space    used 8851K, committed 9088K, reserved 425984K
}
Event: 5.446 GC heap after
{Heap after GC invocations=18 (full 0):
 garbage-first heap   total 103424K, used 42724K [0x0000000780000000, 0x0000000800000000)
  region size 1024K, 5 young (5120K), 5 survivors (5120K)
 Metaspace       used 64109K, committed 64640K, reserved 491520K
  class space    used 8851K, committed 9088K, reserved 425984K
}
Event: 6.017 GC heap before
{Heap before GC invocations=19 (full 0):
 garbage-first heap   total 103424K, used 83684K [0x0000000780000000, 0x0000000800000000)
  region size 1024K, 45 young (46080K), 5 survivors (5120K)
 Metaspace       used 68795K, committed 69376K, reserved 491520K
  class space    used 9511K, committed 9792K, reserved 425984K
}
Event: 6.025 GC heap after
{Heap after GC invocations=20 (full 0):
 garbage-first heap   total 103424K, used 46435K [0x0000000780000000, 0x0000000800000000)
  region size 1024K, 6 young (6144K), 6 survivors (6144K)
 Metaspace       used 68795K, committed 69376K, reserved 491520K
  class space    used 9511K, committed 9792K, reserved 425984K
}

