# JRE version: OpenJDK Runtime Environment JBR-17.0.9+8-1166.2-nomod (17.0.9+8) (build 17.0.9+8-b1166.2)
# Java VM: OpenJDK 64-Bit Server VM JBR-17.0.9+8-1166.2-nomod (17.0.9+8-b1166.2, mixed mode, tiered, compressed oops, compressed class ptrs, g1 gc, bsd-amd64)
Heap:
 garbage-first heap   total 91136K, used 58938K [0x0000000780000000, 0x0000000800000000)
  region size 1024K, 16 young (16384K), 5 survivors (5120K)
 Metaspace       used 72457K, committed 73088K, reserved 491520K
  class space    used 10045K, committed 10304K, reserved 425984K
GC Heap History (20 events):
Event: 4.259 GC heap before
{Heap before GC invocations=9 (full 0):
 garbage-first heap   total 75776K, used 57051K [0x0000000780000000, 0x0000000800000000)
  region size 1024K, 30 young (30720K), 1 survivors (1024K)
 Metaspace       used 39751K, committed 40128K, reserved 491520K
  class space    used 5543K, committed 5696K, reserved 425984K
}
Event: 4.261 GC heap after
{Heap after GC invocations=10 (full 0):
 garbage-first heap   total 75776K, used 28151K [0x0000000780000000, 0x0000000800000000)
  region size 1024K, 2 young (2048K), 2 survivors (2048K)
 Metaspace       used 39751K, committed 40128K, reserved 491520K
  class space    used 5543K, committed 5696K, reserved 425984K
}
Event: 4.593 GC heap before
{Heap before GC invocations=10 (full 0):
 garbage-first heap   total 75776K, used 56823K [0x0000000780000000, 0x0000000800000000)
  region size 1024K, 31 young (31744K), 2 survivors (2048K)
 Metaspace       used 45392K, committed 45824K, reserved 491520K
  class space    used 6157K, committed 6336K, reserved 425984K
}
Event: 4.597 GC heap after
{Heap after GC invocations=11 (full 0):
 garbage-first heap   total 75776K, used 31174K [0x0000000780000000, 0x0000000800000000)
  region size 1024K, 4 young (4096K), 4 survivors (4096K)
 Metaspace       used 45392K, committed 45824K, reserved 491520K
  class space    used 6157K, committed 6336K, reserved 425984K
}
Event: 4.810 GC heap before
{Heap before GC invocations=11 (full 0):
 garbage-first heap   total 75776K, used 62918K [0x0000000780000000, 0x0000000800000000)
  region size 1024K, 31 young (31744K), 4 survivors (4096K)
 Metaspace       used 47032K, committed 47488K, reserved 491520K
  class space    used 6284K, committed 6464K, reserved 425984K
}
Event: 4.818 GC heap after
{Heap after GC invocations=12 (full 0):
 garbage-first heap   total 91136K, used 34371K [0x0000000780000000, 0x0000000800000000)
  region size 1024K, 4 young (4096K), 4 survivors (4096K)
 Metaspace       used 47032K, committed 47488K, reserved 491520K
  class space    used 6284K, committed 6464K, reserved 425984K
}
Event: 5.331 GC heap before
{Heap before GC invocations=12 (full 0):
 garbage-first heap   total 91136K, used 70211K [0x0000000780000000, 0x0000000800000000)
  region size 1024K, 39 young (39936K), 4 survivors (4096K)
 Metaspace       used 50096K, committed 50624K, reserved 491520K
  class space    used 6762K, committed 7040K, reserved 425984K
}
Event: 5.335 GC heap after
{Heap after GC invocations=13 (full 0):
 garbage-first heap   total 91136K, used 37471K [0x0000000780000000, 0x0000000800000000)
  region size 1024K, 4 young (4096K), 4 survivors (4096K)
 Metaspace       used 50096K, committed 50624K, reserved 491520K
  class space    used 6762K, committed 7040K, reserved 425984K
}
Event: 5.716 GC heap before
{Heap before GC invocations=13 (full 0):
 garbage-first heap   total 91136K, used 70239K [0x0000000780000000, 0x0000000800000000)
  region size 1024K, 37 young (37888K), 4 survivors (4096K)
 Metaspace       used 53118K, committed 53632K, reserved 491520K
  class space    used 7255K, committed 7488K, reserved 425984K
}
Event: 5.721 GC heap after
{Heap after GC invocations=14 (full 0):
 garbage-first heap   total 91136K, used 38779K [0x0000000780000000, 0x0000000800000000)
  region size 1024K, 2 young (2048K), 2 survivors (2048K)
 Metaspace       used 53118K, committed 53632K, reserved 491520K
  class space    used 7255K, committed 7488K, reserved 425984K
}
Event: 6.094 GC heap before
{Heap before GC invocations=14 (full 0):
 garbage-first heap   total 91136K, used 72571K [0x0000000780000000, 0x0000000800000000)
  region size 1024K, 35 young (35840K), 2 survivors (2048K)
 Metaspace       used 56371K, committed 56960K, reserved 491520K
  class space    used 7803K, committed 8064K, reserved 425984K
}
Event: 6.098 GC heap after
{Heap after GC invocations=15 (full 0):
 garbage-first heap   total 91136K, used 39864K [0x0000000780000000, 0x0000000800000000)
  region size 1024K, 3 young (3072K), 3 survivors (3072K)
 Metaspace       used 56371K, committed 56960K, reserved 491520K
  class space    used 7803K, committed 8064K, reserved 425984K
}
Event: 6.317 GC heap before
{Heap before GC invocations=15 (full 0):
 garbage-first heap   total 91136K, used 66488K [0x0000000780000000, 0x0000000800000000)
  region size 1024K, 29 young (29696K), 3 survivors (3072K)
 Metaspace       used 59858K, committed 60416K, reserved 491520K
  class space    used 8191K, committed 8448K, reserved 425984K
}
Event: 6.321 GC heap after
{Heap after GC invocations=16 (full 0):
 garbage-first heap   total 91136K, used 40553K [0x0000000780000000, 0x0000000800000000)
  region size 1024K, 4 young (4096K), 4 survivors (4096K)
 Metaspace       used 59858K, committed 60416K, reserved 491520K
  class space    used 8191K, committed 8448K, reserved 425984K
}
Event: 6.710 GC heap before
{Heap before GC invocations=17 (full 0):
 garbage-first heap   total 91136K, used 74345K [0x0000000780000000, 0x0000000800000000)
  region size 1024K, 37 young (37888K), 4 survivors (4096K)
 Metaspace       used 63594K, committed 64192K, reserved 491520K
  class space    used 8778K, committed 9024K, reserved 425984K
}
Event: 6.715 GC heap after
{Heap after GC invocations=18 (full 0):
 garbage-first heap   total 91136K, used 42497K [0x0000000780000000, 0x0000000800000000)
  region size 1024K, 4 young (4096K), 4 survivors (4096K)
 Metaspace       used 63594K, committed 64192K, reserved 491520K
  class space    used 8778K, committed 9024K, reserved 425984K
}
Event: 7.079 GC heap before
{Heap before GC invocations=19 (full 0):
 garbage-first heap   total 91136K, used 75265K [0x0000000780000000, 0x0000000800000000)
  region size 1024K, 36 young (36864K), 4 survivors (4096K)
 Metaspace       used 65897K, committed 66496K, reserved 491520K
  class space    used 9159K, committed 9408K, reserved 425984K
}
Event: 7.085 GC heap after
{Heap after GC invocations=20 (full 0):
 garbage-first heap   total 91136K, used 44478K [0x0000000780000000, 0x0000000800000000)
  region size 1024K, 4 young (4096K), 4 survivors (4096K)
 Metaspace       used 65897K, committed 66496K, reserved 491520K
  class space    used 9159K, committed 9408K, reserved 425984K
}
Event: 7.676 GC heap before
{Heap before GC invocations=20 (full 0):
 garbage-first heap   total 91136K, used 74174K [0x0000000780000000, 0x0000000800000000)
  region size 1024K, 34 young (34816K), 4 survivors (4096K)
 Metaspace       used 71469K, committed 72128K, reserved 491520K
  class space    used 9917K, committed 10240K, reserved 425984K
}
Event: 7.683 GC heap after
{Heap after GC invocations=21 (full 0):
 garbage-first heap   total 91136K, used 48329K [0x0000000780000000, 0x0000000800000000)
  region size 1024K, 5 young (5120K), 5 survivors (5120K)
 Metaspace       used 71469K, committed 72128K, reserved 491520K
  class space    used 9917K, committed 10240K, reserved 425984K
}

