# JRE version: OpenJDK Runtime Environment JBR-17.0.9+8-1166.2-nomod (17.0.9+8) (build 17.0.9+8-b1166.2)
# Java VM: OpenJDK 64-Bit Server VM JBR-17.0.9+8-1166.2-nomod (17.0.9+8-b1166.2, mixed mode, tiered, compressed oops, compressed class ptrs, g1 gc, bsd-amd64)
Heap:
 garbage-first heap   total 111616K, used 73649K [0x0000000780000000, 0x0000000800000000)
  region size 1024K, 33 young (33792K), 5 survivors (5120K)
 Metaspace       used 73812K, committed 74496K, reserved 491520K
  class space    used 10171K, committed 10496K, reserved 425984K
GC Heap History (20 events):
Event: 8.610 GC heap before
{Heap before GC invocations=7 (full 0):
 garbage-first heap   total 75776K, used 54070K [0x0000000780000000, 0x0000000800000000)
  region size 1024K, 33 young (33792K), 2 survivors (2048K)
 Metaspace       used 35006K, committed 35328K, reserved 491520K
  class space    used 4775K, committed 4928K, reserved 425984K
}
Event: 8.615 GC heap after
{Heap after GC invocations=8 (full 0):
 garbage-first heap   total 75776K, used 26372K [0x0000000780000000, 0x0000000800000000)
  region size 1024K, 5 young (5120K), 5 survivors (5120K)
 Metaspace       used 35006K, committed 35328K, reserved 491520K
  class space    used 4775K, committed 4928K, reserved 425984K
}
Event: 8.807 GC heap before
{Heap before GC invocations=8 (full 0):
 garbage-first heap   total 75776K, used 32516K [0x0000000780000000, 0x0000000800000000)
  region size 1024K, 12 young (12288K), 5 survivors (5120K)
 Metaspace       used 35802K, committed 36160K, reserved 491520K
  class space    used 4896K, committed 5120K, reserved 425984K
}
Event: 8.815 GC heap after
{Heap after GC invocations=9 (full 0):
 garbage-first heap   total 75776K, used 26999K [0x0000000780000000, 0x0000000800000000)
  region size 1024K, 1 young (1024K), 1 survivors (1024K)
 Metaspace       used 35802K, committed 36160K, reserved 491520K
  class space    used 4896K, committed 5120K, reserved 425984K
}
Event: 10.653 GC heap before
{Heap before GC invocations=10 (full 0):
 garbage-first heap   total 75776K, used 57719K [0x0000000780000000, 0x0000000800000000)
  region size 1024K, 31 young (31744K), 1 survivors (1024K)
 Metaspace       used 39980K, committed 40384K, reserved 491520K
  class space    used 5576K, committed 5760K, reserved 425984K
}
Event: 10.665 GC heap after
{Heap after GC invocations=11 (full 0):
 garbage-first heap   total 75776K, used 27829K [0x0000000780000000, 0x0000000800000000)
  region size 1024K, 2 young (2048K), 2 survivors (2048K)
 Metaspace       used 39980K, committed 40384K, reserved 491520K
  class space    used 5576K, committed 5760K, reserved 425984K
}
Event: 10.741 GC heap before
{Heap before GC invocations=11 (full 0):
 garbage-first heap   total 75776K, used 28853K [0x0000000780000000, 0x0000000800000000)
  region size 1024K, 3 young (3072K), 2 survivors (2048K)
 Metaspace       used 40183K, committed 40512K, reserved 491520K
  class space    used 5606K, committed 5760K, reserved 425984K
}
Event: 10.746 GC heap after
{Heap after GC invocations=12 (full 0):
 garbage-first heap   total 75776K, used 27748K [0x0000000780000000, 0x0000000800000000)
  region size 1024K, 1 young (1024K), 1 survivors (1024K)
 Metaspace       used 40183K, committed 40512K, reserved 491520K
  class space    used 5606K, committed 5760K, reserved 425984K
}
Event: 12.898 GC heap before
{Heap before GC invocations=12 (full 0):
 garbage-first heap   total 75776K, used 57444K [0x0000000780000000, 0x0000000800000000)
  region size 1024K, 31 young (31744K), 1 survivors (1024K)
 Metaspace       used 45433K, committed 45824K, reserved 491520K
  class space    used 6154K, committed 6336K, reserved 425984K
}
Event: 12.901 GC heap after
{Heap after GC invocations=13 (full 0):
 garbage-first heap   total 111616K, used 31095K [0x0000000780000000, 0x0000000800000000)
  region size 1024K, 4 young (4096K), 4 survivors (4096K)
 Metaspace       used 45433K, committed 45824K, reserved 491520K
  class space    used 6154K, committed 6336K, reserved 425984K
}
Event: 14.763 GC heap before
{Heap before GC invocations=13 (full 0):
 garbage-first heap   total 111616K, used 87415K [0x0000000780000000, 0x0000000800000000)
  region size 1024K, 55 young (56320K), 4 survivors (4096K)
 Metaspace       used 49290K, committed 49728K, reserved 491520K
  class space    used 6624K, committed 6784K, reserved 425984K
}
Event: 14.769 GC heap after
{Heap after GC invocations=14 (full 0):
 garbage-first heap   total 111616K, used 35089K [0x0000000780000000, 0x0000000800000000)
  region size 1024K, 7 young (7168K), 7 survivors (7168K)
 Metaspace       used 49290K, committed 49728K, reserved 491520K
  class space    used 6624K, committed 6784K, reserved 425984K
}
Event: 16.199 GC heap before
{Heap before GC invocations=14 (full 0):
 garbage-first heap   total 111616K, used 84241K [0x0000000780000000, 0x0000000800000000)
  region size 1024K, 55 young (56320K), 7 survivors (7168K)
 Metaspace       used 53802K, committed 54336K, reserved 491520K
  class space    used 7351K, committed 7616K, reserved 425984K
}
Event: 16.221 GC heap after
{Heap after GC invocations=15 (full 0):
 garbage-first heap   total 111616K, used 37355K [0x0000000780000000, 0x0000000800000000)
  region size 1024K, 3 young (3072K), 3 survivors (3072K)
 Metaspace       used 53802K, committed 54336K, reserved 491520K
  class space    used 7351K, committed 7616K, reserved 425984K
}
Event: 24.554 GC heap before
{Heap before GC invocations=15 (full 0):
 garbage-first heap   total 111616K, used 72171K [0x0000000780000000, 0x0000000800000000)
  region size 1024K, 38 young (38912K), 3 survivors (3072K)
 Metaspace       used 59933K, committed 60480K, reserved 491520K
  class space    used 8189K, committed 8448K, reserved 425984K
}
Event: 24.570 GC heap after
{Heap after GC invocations=16 (full 0):
 garbage-first heap   total 111616K, used 40426K [0x0000000780000000, 0x0000000800000000)
  region size 1024K, 6 young (6144K), 6 survivors (6144K)
 Metaspace       used 59933K, committed 60480K, reserved 491520K
  class space    used 8189K, committed 8448K, reserved 425984K
}
Event: 25.821 GC heap before
{Heap before GC invocations=17 (full 0):
 garbage-first heap   total 111616K, used 87530K [0x0000000780000000, 0x0000000800000000)
  region size 1024K, 51 young (52224K), 6 survivors (6144K)
 Metaspace       used 65781K, committed 66432K, reserved 491520K
  class space    used 8975K, committed 9280K, reserved 425984K
}
Event: 25.831 GC heap after
{Heap after GC invocations=18 (full 0):
 garbage-first heap   total 111616K, used 42191K [0x0000000780000000, 0x0000000800000000)
  region size 1024K, 5 young (5120K), 5 survivors (5120K)
 Metaspace       used 65781K, committed 66432K, reserved 491520K
  class space    used 8975K, committed 9280K, reserved 425984K
}
Event: 27.044 GC heap before
{Heap before GC invocations=18 (full 0):
 garbage-first heap   total 111616K, used 89295K [0x0000000780000000, 0x0000000800000000)
  region size 1024K, 51 young (52224K), 5 survivors (5120K)
 Metaspace       used 70529K, committed 71168K, reserved 491520K
  class space    used 9699K, committed 9984K, reserved 425984K
}
Event: 27.052 GC heap after
{Heap after GC invocations=19 (full 0):
 garbage-first heap   total 111616K, used 44978K [0x0000000780000000, 0x0000000800000000)
  region size 1024K, 5 young (5120K), 5 survivors (5120K)
 Metaspace       used 70529K, committed 71168K, reserved 491520K
  class space    used 9699K, committed 9984K, reserved 425984K
}

