# JRE version: OpenJDK Runtime Environment JBR-17.0.9+8-1166.2-nomod (17.0.9+8) (build 17.0.9+8-b1166.2)
# Java VM: OpenJDK 64-Bit Server VM JBR-17.0.9+8-1166.2-nomod (17.0.9+8-b1166.2, mixed mode, tiered, compressed oops, compressed class ptrs, g1 gc, bsd-amd64)
Heap:
 garbage-first heap   total 86016K, used 53490K [0x0000000780000000, 0x0000000800000000)
  region size 1024K, 15 young (15360K), 5 survivors (5120K)
 Metaspace       used 72955K, committed 73536K, reserved 491520K
  class space    used 10034K, committed 10304K, reserved 425984K
GC Heap History (20 events):
Event: 15.217 GC heap before
{Heap before GC invocations=11 (full 0):
 garbage-first heap   total 71680K, used 37528K [0x0000000780000000, 0x0000000800000000)
  region size 1024K, 9 young (9216K), 3 survivors (3072K)
 Metaspace       used 43886K, committed 44288K, reserved 491520K
  class space    used 5943K, committed 6144K, reserved 425984K
}
Event: 15.221 GC heap after
{Heap after GC invocations=12 (full 0):
 garbage-first heap   total 71680K, used 32597K [0x0000000780000000, 0x0000000800000000)
  region size 1024K, 1 young (1024K), 1 survivors (1024K)
 Metaspace       used 43886K, committed 44288K, reserved 491520K
  class space    used 5943K, committed 6144K, reserved 425984K
}
Event: 16.183 GC heap before
{Heap before GC invocations=13 (full 0):
 garbage-first heap   total 71680K, used 58197K [0x0000000780000000, 0x0000000800000000)
  region size 1024K, 24 young (24576K), 1 survivors (1024K)
 Metaspace       used 46607K, committed 47040K, reserved 491520K
  class space    used 6243K, committed 6400K, reserved 425984K
}
Event: 16.188 GC heap after
{Heap after GC invocations=14 (full 0):
 garbage-first heap   total 71680K, used 32917K [0x0000000780000000, 0x0000000800000000)
  region size 1024K, 3 young (3072K), 3 survivors (3072K)
 Metaspace       used 46607K, committed 47040K, reserved 491520K
  class space    used 6243K, committed 6400K, reserved 425984K
}
Event: 16.620 GC heap before
{Heap before GC invocations=14 (full 0):
 garbage-first heap   total 71680K, used 55445K [0x0000000780000000, 0x0000000800000000)
  region size 1024K, 26 young (26624K), 3 survivors (3072K)
 Metaspace       used 48431K, committed 48960K, reserved 491520K
  class space    used 6526K, committed 6784K, reserved 425984K
}
Event: 16.626 GC heap after
{Heap after GC invocations=15 (full 0):
 garbage-first heap   total 71680K, used 34293K [0x0000000780000000, 0x0000000800000000)
  region size 1024K, 2 young (2048K), 2 survivors (2048K)
 Metaspace       used 48431K, committed 48960K, reserved 491520K
  class space    used 6526K, committed 6784K, reserved 425984K
}
Event: 16.985 GC heap before
{Heap before GC invocations=15 (full 0):
 garbage-first heap   total 71680K, used 56821K [0x0000000780000000, 0x0000000800000000)
  region size 1024K, 24 young (24576K), 2 survivors (2048K)
 Metaspace       used 50817K, committed 51328K, reserved 491520K
  class space    used 6930K, committed 7168K, reserved 425984K
}
Event: 16.990 GC heap after
{Heap after GC invocations=16 (full 0):
 garbage-first heap   total 71680K, used 35032K [0x0000000780000000, 0x0000000800000000)
  region size 1024K, 3 young (3072K), 3 survivors (3072K)
 Metaspace       used 50817K, committed 51328K, reserved 491520K
  class space    used 6930K, committed 7168K, reserved 425984K
}
Event: 17.339 GC heap before
{Heap before GC invocations=17 (full 0):
 garbage-first heap   total 71680K, used 57560K [0x0000000780000000, 0x0000000800000000)
  region size 1024K, 25 young (25600K), 3 survivors (3072K)
 Metaspace       used 53080K, committed 53632K, reserved 491520K
  class space    used 7315K, committed 7552K, reserved 425984K
}
Event: 17.346 GC heap after
{Heap after GC invocations=18 (full 0):
 garbage-first heap   total 71680K, used 35623K [0x0000000780000000, 0x0000000800000000)
  region size 1024K, 3 young (3072K), 3 survivors (3072K)
 Metaspace       used 53080K, committed 53632K, reserved 491520K
  class space    used 7315K, committed 7552K, reserved 425984K
}
Event: 17.651 GC heap before
{Heap before GC invocations=18 (full 0):
 garbage-first heap   total 71680K, used 53031K [0x0000000780000000, 0x0000000800000000)
  region size 1024K, 22 young (22528K), 3 survivors (3072K)
 Metaspace       used 54872K, committed 55360K, reserved 491520K
  class space    used 7606K, committed 7808K, reserved 425984K
}
Event: 17.656 GC heap after
{Heap after GC invocations=19 (full 0):
 garbage-first heap   total 71680K, used 37096K [0x0000000780000000, 0x0000000800000000)
  region size 1024K, 3 young (3072K), 3 survivors (3072K)
 Metaspace       used 54872K, committed 55360K, reserved 491520K
  class space    used 7606K, committed 7808K, reserved 425984K
}
Event: 18.068 GC heap before
{Heap before GC invocations=20 (full 0):
 garbage-first heap   total 71680K, used 60648K [0x0000000780000000, 0x0000000800000000)
  region size 1024K, 24 young (24576K), 3 survivors (3072K)
 Metaspace       used 58051K, committed 58560K, reserved 491520K
  class space    used 7958K, committed 8192K, reserved 425984K
}
Event: 18.071 GC heap after
{Heap after GC invocations=21 (full 0):
 garbage-first heap   total 71680K, used 37104K [0x0000000780000000, 0x0000000800000000)
  region size 1024K, 2 young (2048K), 2 survivors (2048K)
 Metaspace       used 58051K, committed 58560K, reserved 491520K
  class space    used 7958K, committed 8192K, reserved 425984K
}
Event: 18.536 GC heap before
{Heap before GC invocations=21 (full 0):
 garbage-first heap   total 71680K, used 58608K [0x0000000780000000, 0x0000000800000000)
  region size 1024K, 23 young (23552K), 2 survivors (2048K)
 Metaspace       used 60877K, committed 61376K, reserved 491520K
  class space    used 8377K, committed 8576K, reserved 425984K
}
Event: 18.541 GC heap after
{Heap after GC invocations=22 (full 0):
 garbage-first heap   total 86016K, used 38052K [0x0000000780000000, 0x0000000800000000)
  region size 1024K, 3 young (3072K), 3 survivors (3072K)
 Metaspace       used 60877K, committed 61376K, reserved 491520K
  class space    used 8377K, committed 8576K, reserved 425984K
}
Event: 19.282 GC heap before
{Heap before GC invocations=23 (full 0):
 garbage-first heap   total 86016K, used 69796K [0x0000000780000000, 0x0000000800000000)
  region size 1024K, 34 young (34816K), 3 survivors (3072K)
 Metaspace       used 63627K, committed 64256K, reserved 491520K
  class space    used 8849K, committed 9152K, reserved 425984K
}
Event: 19.289 GC heap after
{Heap after GC invocations=24 (full 0):
 garbage-first heap   total 86016K, used 40465K [0x0000000780000000, 0x0000000800000000)
  region size 1024K, 5 young (5120K), 5 survivors (5120K)
 Metaspace       used 63627K, committed 64256K, reserved 491520K
  class space    used 8849K, committed 9152K, reserved 425984K
}
Event: 20.495 GC heap before
{Heap before GC invocations=24 (full 0):
 garbage-first heap   total 86016K, used 69137K [0x0000000780000000, 0x0000000800000000)
  region size 1024K, 34 young (34816K), 5 survivors (5120K)
 Metaspace       used 70605K, committed 71168K, reserved 491520K
  class space    used 9759K, committed 9984K, reserved 425984K
}
Event: 20.513 GC heap after
{Heap after GC invocations=25 (full 0):
 garbage-first heap   total 86016K, used 43868K [0x0000000780000000, 0x0000000800000000)
  region size 1024K, 5 young (5120K), 5 survivors (5120K)
 Metaspace       used 70605K, committed 71168K, reserved 491520K
  class space    used 9759K, committed 9984K, reserved 425984K
}

