# JRE version: OpenJDK Runtime Environment JBR-17.0.9+8-1166.2-nomod (17.0.9+8) (build 17.0.9+8-b1166.2)
# Java VM: OpenJDK 64-Bit Server VM JBR-17.0.9+8-1166.2-nomod (17.0.9+8-b1166.2, mixed mode, tiered, compressed oops, compressed class ptrs, g1 gc, bsd-amd64)
Heap:
 garbage-first heap   total 99328K, used 59013K [0x0000000780000000, 0x0000000800000000)
  region size 1024K, 16 young (16384K), 4 survivors (4096K)
 Metaspace       used 74098K, committed 74752K, reserved 491520K
  class space    used 10211K, committed 10496K, reserved 425984K
GC Heap History (20 events):
Event: 8.220 GC heap before
{Heap before GC invocations=9 (full 0):
 garbage-first heap   total 75776K, used 55892K [0x0000000780000000, 0x0000000800000000)
  region size 1024K, 30 young (30720K), 1 survivors (1024K)
 Metaspace       used 39672K, committed 40000K, reserved 491520K
  class space    used 5524K, committed 5696K, reserved 425984K
}
Event: 8.225 GC heap after
{Heap after GC invocations=10 (full 0):
 garbage-first heap   total 75776K, used 27981K [0x0000000780000000, 0x0000000800000000)
  region size 1024K, 2 young (2048K), 2 survivors (2048K)
 Metaspace       used 39672K, committed 40000K, reserved 491520K
  class space    used 5524K, committed 5696K, reserved 425984K
}
Event: 9.002 GC heap before
{Heap before GC invocations=10 (full 0):
 garbage-first heap   total 75776K, used 56653K [0x0000000780000000, 0x0000000800000000)
  region size 1024K, 31 young (31744K), 2 survivors (2048K)
 Metaspace       used 45402K, committed 45760K, reserved 491520K
  class space    used 6157K, committed 6336K, reserved 425984K
}
Event: 9.010 GC heap after
{Heap after GC invocations=11 (full 0):
 garbage-first heap   total 75776K, used 31070K [0x0000000780000000, 0x0000000800000000)
  region size 1024K, 4 young (4096K), 4 survivors (4096K)
 Metaspace       used 45402K, committed 45760K, reserved 491520K
  class space    used 6157K, committed 6336K, reserved 425984K
}
Event: 9.455 GC heap before
{Heap before GC invocations=11 (full 0):
 garbage-first heap   total 75776K, used 62814K [0x0000000780000000, 0x0000000800000000)
  region size 1024K, 31 young (31744K), 4 survivors (4096K)
 Metaspace       used 46936K, committed 47360K, reserved 491520K
  class space    used 6271K, committed 6464K, reserved 425984K
}
Event: 9.483 GC heap after
{Heap after GC invocations=12 (full 0):
 garbage-first heap   total 75776K, used 34069K [0x0000000780000000, 0x0000000800000000)
  region size 1024K, 3 young (3072K), 3 survivors (3072K)
 Metaspace       used 46936K, committed 47360K, reserved 491520K
  class space    used 6271K, committed 6464K, reserved 425984K
}
Event: 10.454 GC heap before
{Heap before GC invocations=12 (full 0):
 garbage-first heap   total 75776K, used 57621K [0x0000000780000000, 0x0000000800000000)
  region size 1024K, 27 young (27648K), 3 survivors (3072K)
 Metaspace       used 48934K, committed 49280K, reserved 491520K
  class space    used 6554K, committed 6720K, reserved 425984K
}
Event: 10.458 GC heap after
{Heap after GC invocations=13 (full 0):
 garbage-first heap   total 99328K, used 36564K [0x0000000780000000, 0x0000000800000000)
  region size 1024K, 3 young (3072K), 3 survivors (3072K)
 Metaspace       used 48934K, committed 49280K, reserved 491520K
  class space    used 6554K, committed 6720K, reserved 425984K
}
Event: 11.084 GC heap before
{Heap before GC invocations=13 (full 0):
 garbage-first heap   total 99328K, used 76500K [0x0000000780000000, 0x0000000800000000)
  region size 1024K, 42 young (43008K), 3 survivors (3072K)
 Metaspace       used 52655K, committed 53184K, reserved 491520K
  class space    used 7162K, committed 7424K, reserved 425984K
}
Event: 11.089 GC heap after
{Heap after GC invocations=14 (full 0):
 garbage-first heap   total 99328K, used 38113K [0x0000000780000000, 0x0000000800000000)
  region size 1024K, 4 young (4096K), 4 survivors (4096K)
 Metaspace       used 52655K, committed 53184K, reserved 491520K
  class space    used 7162K, committed 7424K, reserved 425984K
}
Event: 11.616 GC heap before
{Heap before GC invocations=14 (full 0):
 garbage-first heap   total 99328K, used 78049K [0x0000000780000000, 0x0000000800000000)
  region size 1024K, 43 young (44032K), 4 survivors (4096K)
 Metaspace       used 58001K, committed 58496K, reserved 491520K
  class space    used 7921K, committed 8128K, reserved 425984K
}
Event: 11.621 GC heap after
{Heap after GC invocations=15 (full 0):
 garbage-first heap   total 99328K, used 41324K [0x0000000780000000, 0x0000000800000000)
  region size 1024K, 5 young (5120K), 5 survivors (5120K)
 Metaspace       used 58001K, committed 58496K, reserved 491520K
  class space    used 7921K, committed 8128K, reserved 425984K
}
Event: 13.245 GC heap before
{Heap before GC invocations=15 (full 0):
 garbage-first heap   total 99328K, used 47468K [0x0000000780000000, 0x0000000800000000)
  region size 1024K, 13 young (13312K), 5 survivors (5120K)
 Metaspace       used 59695K, committed 60160K, reserved 491520K
  class space    used 8169K, committed 8384K, reserved 425984K
}
Event: 13.249 GC heap after
{Heap after GC invocations=16 (full 0):
 garbage-first heap   total 99328K, used 42052K [0x0000000780000000, 0x0000000800000000)
  region size 1024K, 4 young (4096K), 4 survivors (4096K)
 Metaspace       used 59695K, committed 60160K, reserved 491520K
  class space    used 8169K, committed 8384K, reserved 425984K
}
Event: 14.048 GC heap before
{Heap before GC invocations=17 (full 0):
 garbage-first heap   total 99328K, used 81988K [0x0000000780000000, 0x0000000800000000)
  region size 1024K, 41 young (41984K), 4 survivors (4096K)
 Metaspace       used 64590K, committed 65280K, reserved 491520K
  class space    used 8827K, committed 9152K, reserved 425984K
}
Event: 14.052 GC heap after
{Heap after GC invocations=18 (full 0):
 garbage-first heap   total 99328K, used 43336K [0x0000000780000000, 0x0000000800000000)
  region size 1024K, 3 young (3072K), 3 survivors (3072K)
 Metaspace       used 64590K, committed 65280K, reserved 491520K
  class space    used 8827K, committed 9152K, reserved 425984K
}
Event: 14.538 GC heap before
{Heap before GC invocations=18 (full 0):
 garbage-first heap   total 99328K, used 80200K [0x0000000780000000, 0x0000000800000000)
  region size 1024K, 39 young (39936K), 3 survivors (3072K)
 Metaspace       used 69186K, committed 69760K, reserved 491520K
  class space    used 9506K, committed 9792K, reserved 425984K
}
Event: 14.541 GC heap after
{Heap after GC invocations=19 (full 0):
 garbage-first heap   total 99328K, used 44669K [0x0000000780000000, 0x0000000800000000)
  region size 1024K, 4 young (4096K), 4 survivors (4096K)
 Metaspace       used 69186K, committed 69760K, reserved 491520K
  class space    used 9506K, committed 9792K, reserved 425984K
}
Event: 16.494 GC heap before
{Heap before GC invocations=19 (full 0):
 garbage-first heap   total 99328K, used 81533K [0x0000000780000000, 0x0000000800000000)
  region size 1024K, 40 young (40960K), 4 survivors (4096K)
 Metaspace       used 71750K, committed 72448K, reserved 491520K
  class space    used 9929K, committed 10240K, reserved 425984K
}
Event: 16.498 GC heap after
{Heap after GC invocations=20 (full 0):
 garbage-first heap   total 99328K, used 47170K [0x0000000780000000, 0x0000000800000000)
  region size 1024K, 4 young (4096K), 4 survivors (4096K)
 Metaspace       used 71750K, committed 72448K, reserved 491520K
  class space    used 9929K, committed 10240K, reserved 425984K
}

