# JRE version: OpenJDK Runtime Environment AdoptOpenJDK-11.0.11+9 (11.0.11+9) (build 11.0.11+9)
# Java VM: OpenJDK 64-Bit Server VM AdoptOpenJDK-11.0.11+9 (11.0.11+9, mixed mode, tiered, compressed oops, g1 gc, bsd-amd64)
Heap:
 garbage-first heap   total 262144K, used 192506K [0x0000000780000000, 0x0000000800000000)
  region size 1024K, 153 young (156672K), 12 survivors (12288K)
 Metaspace       used 71893K, capacity 74565K, committed 74832K, reserved 581632K
  class space    used 9505K, capacity 10464K, committed 10496K, reserved 516096K
GC Heap History (20 events):
Event: 0.896 GC heap before
{Heap before GC invocations=0 (full 0):
 garbage-first heap   total 262144K, used 27648K [0x0000000780000000, 0x0000000800000000)
  region size 1024K, 24 young (24576K), 0 survivors (0K)
 Metaspace       used 7616K, capacity 7758K, committed 7936K, reserved 524288K
  class space    used 688K, capacity 759K, committed 768K, reserved 516096K
}
Event: 0.919 GC heap after
{Heap after GC invocations=1 (full 0):
 garbage-first heap   total 262144K, used 10638K [0x0000000780000000, 0x0000000800000000)
  region size 1024K, 3 young (3072K), 3 survivors (3072K)
 Metaspace       used 7616K, capacity 7758K, committed 7936K, reserved 524288K
  class space    used 688K, capacity 759K, committed 768K, reserved 516096K
}
Event: 3.627 GC heap before
{Heap before GC invocations=1 (full 0):
 garbage-first heap   total 262144K, used 105870K [0x0000000780000000, 0x0000000800000000)
  region size 1024K, 95 young (97280K), 3 survivors (3072K)
 Metaspace       used 16961K, capacity 17288K, committed 17408K, reserved 532480K
  class space    used 1929K, capacity 2042K, committed 2048K, reserved 516096K
}
Event: 3.670 GC heap after
{Heap after GC invocations=2 (full 0):
 garbage-first heap   total 262144K, used 18486K [0x0000000780000000, 0x0000000800000000)
  region size 1024K, 10 young (10240K), 10 survivors (10240K)
 Metaspace       used 16961K, capacity 17288K, committed 17408K, reserved 532480K
  class space    used 1929K, capacity 2042K, committed 2048K, reserved 516096K
}
Event: 4.543 GC heap before
{Heap before GC invocations=2 (full 0):
 garbage-first heap   total 262144K, used 47158K [0x0000000780000000, 0x0000000800000000)
  region size 1024K, 39 young (39936K), 10 survivors (10240K)
 Metaspace       used 20683K, capacity 21096K, committed 21296K, reserved 536576K
  class space    used 2445K, capacity 2584K, committed 2688K, reserved 516096K
}
Event: 4.565 GC heap after
{Heap after GC invocations=3 (full 0):
 garbage-first heap   total 262144K, used 19621K [0x0000000780000000, 0x0000000800000000)
  region size 1024K, 2 young (2048K), 2 survivors (2048K)
 Metaspace       used 20683K, capacity 21096K, committed 21296K, reserved 536576K
  class space    used 2445K, capacity 2584K, committed 2688K, reserved 516096K
}
Event: 6.435 GC heap before
{Heap before GC invocations=4 (full 0):
 garbage-first heap   total 262144K, used 103589K [0x0000000780000000, 0x0000000800000000)
  region size 1024K, 84 young (86016K), 2 survivors (2048K)
 Metaspace       used 26663K, capacity 27331K, committed 27440K, reserved 540672K
  class space    used 3420K, capacity 3662K, committed 3712K, reserved 516096K
}
Event: 6.439 GC heap after
{Heap after GC invocations=5 (full 0):
 garbage-first heap   total 262144K, used 21494K [0x0000000780000000, 0x0000000800000000)
  region size 1024K, 4 young (4096K), 4 survivors (4096K)
 Metaspace       used 26663K, capacity 27331K, committed 27440K, reserved 540672K
  class space    used 3420K, capacity 3662K, committed 3712K, reserved 516096K
}
Event: 8.224 GC heap before
{Heap before GC invocations=5 (full 0):
 garbage-first heap   total 262144K, used 122870K [0x0000000780000000, 0x0000000800000000)
  region size 1024K, 105 young (107520K), 4 survivors (4096K)
 Metaspace       used 34688K, capacity 35686K, committed 35888K, reserved 548864K
  class space    used 4588K, capacity 4967K, committed 4992K, reserved 516096K
}
Event: 8.238 GC heap after
{Heap after GC invocations=6 (full 0):
 garbage-first heap   total 262144K, used 26378K [0x0000000780000000, 0x0000000800000000)
  region size 1024K, 8 young (8192K), 8 survivors (8192K)
 Metaspace       used 34688K, capacity 35686K, committed 35888K, reserved 548864K
  class space    used 4588K, capacity 4967K, committed 4992K, reserved 516096K
}
Event: 10.605 GC heap before
{Heap before GC invocations=7 (full 0):
 garbage-first heap   total 262144K, used 178954K [0x0000000780000000, 0x0000000800000000)
  region size 1024K, 153 young (156672K), 8 survivors (8192K)
 Metaspace       used 47974K, capacity 49543K, committed 49692K, reserved 559104K
  class space    used 6197K, capacity 6749K, committed 6784K, reserved 516096K
}
Event: 10.622 GC heap after
{Heap after GC invocations=8 (full 0):
 garbage-first heap   total 262144K, used 35302K [0x0000000780000000, 0x0000000800000000)
  region size 1024K, 17 young (17408K), 17 survivors (17408K)
 Metaspace       used 47974K, capacity 49543K, committed 49692K, reserved 559104K
  class space    used 6197K, capacity 6749K, committed 6784K, reserved 516096K
}
Event: 11.841 GC heap before
{Heap before GC invocations=8 (full 0):
 garbage-first heap   total 262144K, used 174566K [0x0000000780000000, 0x0000000800000000)
  region size 1024K, 153 young (156672K), 17 survivors (17408K)
 Metaspace       used 56833K, capacity 58780K, committed 59036K, reserved 567296K
  class space    used 7471K, capacity 8186K, committed 8192K, reserved 516096K
}
Event: 11.858 GC heap after
{Heap after GC invocations=9 (full 0):
 garbage-first heap   total 262144K, used 40184K [0x0000000780000000, 0x0000000800000000)
  region size 1024K, 14 young (14336K), 14 survivors (14336K)
 Metaspace       used 56833K, capacity 58780K, committed 59036K, reserved 567296K
  class space    used 7471K, capacity 8186K, committed 8192K, reserved 516096K
}
Event: 14.280 GC heap before
{Heap before GC invocations=9 (full 0):
 garbage-first heap   total 262144K, used 45304K [0x0000000780000000, 0x0000000800000000)
  region size 1024K, 20 young (20480K), 14 survivors (14336K)
 Metaspace       used 58290K, capacity 60090K, committed 60316K, reserved 569344K
  class space    used 7676K, capacity 8387K, committed 8448K, reserved 516096K
}
Event: 14.301 GC heap after
{Heap after GC invocations=10 (full 0):
 garbage-first heap   total 262144K, used 41060K [0x0000000780000000, 0x0000000800000000)
  region size 1024K, 6 young (6144K), 6 survivors (6144K)
 Metaspace       used 58290K, capacity 60090K, committed 60316K, reserved 569344K
  class space    used 7676K, capacity 8387K, committed 8448K, reserved 516096K
}
Event: 15.909 GC heap before
{Heap before GC invocations=11 (full 0):
 garbage-first heap   total 262144K, used 184420K [0x0000000780000000, 0x0000000800000000)
  region size 1024K, 144 young (147456K), 6 survivors (6144K)
 Metaspace       used 68432K, capacity 70764K, committed 70864K, reserved 577536K
  class space    used 9015K, capacity 9825K, committed 9856K, reserved 516096K
}
Event: 15.917 GC heap after
{Heap after GC invocations=12 (full 0):
 garbage-first heap   total 262144K, used 44336K [0x0000000780000000, 0x0000000800000000)
  region size 1024K, 10 young (10240K), 10 survivors (10240K)
 Metaspace       used 68432K, capacity 70764K, committed 70864K, reserved 577536K
  class space    used 9015K, capacity 9825K, committed 9856K, reserved 516096K
}
Event: 18.956 GC heap before
{Heap before GC invocations=12 (full 0):
 garbage-first heap   total 262144K, used 187696K [0x0000000780000000, 0x0000000800000000)
  region size 1024K, 151 young (154624K), 10 survivors (10240K)
 Metaspace       used 71118K, capacity 73582K, committed 73936K, reserved 581632K
  class space    used 9372K, capacity 10247K, committed 10368K, reserved 516096K
}
Event: 18.978 GC heap after
{Heap after GC invocations=13 (full 0):
 garbage-first heap   total 262144K, used 47098K [0x0000000780000000, 0x0000000800000000)
  region size 1024K, 12 young (12288K), 12 survivors (12288K)
 Metaspace       used 71118K, capacity 73582K, committed 73936K, reserved 581632K
  class space    used 9372K, capacity 10247K, committed 10368K, reserved 516096K
}

