# JRE version: OpenJDK Runtime Environment JBR-17.0.9+8-1166.2-nomod (17.0.9+8) (build 17.0.9+8-b1166.2)
# Java VM: OpenJDK 64-Bit Server VM JBR-17.0.9+8-1166.2-nomod (17.0.9+8-b1166.2, mixed mode, tiered, compressed oops, compressed class ptrs, g1 gc, bsd-amd64)
Heap:
 garbage-first heap   total 86016K, used 61429K [0x0000000780000000, 0x0000000800000000)
  region size 1024K, 15 young (15360K), 3 survivors (3072K)
 Metaspace       used 72217K, committed 72832K, reserved 491520K
  class space    used 9995K, committed 10304K, reserved 425984K
GC Heap History (20 events):
Event: 18.771 GC heap before
{Heap before GC invocations=13 (full 0):
 garbage-first heap   total 75776K, used 58342K [0x0000000780000000, 0x0000000800000000)
  region size 1024K, 26 young (26624K), 4 survivors (4096K)
 Metaspace       used 49071K, committed 49536K, reserved 491520K
  class space    used 6585K, committed 6784K, reserved 425984K
}
Event: 18.780 GC heap after
{Heap after GC invocations=14 (full 0):
 garbage-first heap   total 75776K, used 38091K [0x0000000780000000, 0x0000000800000000)
  region size 1024K, 3 young (3072K), 3 survivors (3072K)
 Metaspace       used 49071K, committed 49536K, reserved 491520K
  class space    used 6585K, committed 6784K, reserved 425984K
}
Event: 19.453 GC heap before
{Heap before GC invocations=14 (full 0):
 garbage-first heap   total 75776K, used 59595K [0x0000000780000000, 0x0000000800000000)
  region size 1024K, 24 young (24576K), 3 survivors (3072K)
 Metaspace       used 50804K, committed 51328K, reserved 491520K
  class space    used 6837K, committed 7104K, reserved 425984K
}
Event: 19.464 GC heap after
{Heap after GC invocations=15 (full 0):
 garbage-first heap   total 75776K, used 39504K [0x0000000780000000, 0x0000000800000000)
  region size 1024K, 2 young (2048K), 2 survivors (2048K)
 Metaspace       used 50804K, committed 51328K, reserved 491520K
  class space    used 6837K, committed 7104K, reserved 425984K
}
Event: 20.054 GC heap before
{Heap before GC invocations=16 (full 0):
 garbage-first heap   total 75776K, used 59984K [0x0000000780000000, 0x0000000800000000)
  region size 1024K, 22 young (22528K), 2 survivors (2048K)
 Metaspace       used 52841K, committed 53376K, reserved 491520K
  class space    used 7201K, committed 7488K, reserved 425984K
}
Event: 20.059 GC heap after
{Heap after GC invocations=17 (full 0):
 garbage-first heap   total 75776K, used 39998K [0x0000000780000000, 0x0000000800000000)
  region size 1024K, 2 young (2048K), 2 survivors (2048K)
 Metaspace       used 52841K, committed 53376K, reserved 491520K
  class space    used 7201K, committed 7488K, reserved 425984K
}
Event: 20.768 GC heap before
{Heap before GC invocations=17 (full 0):
 garbage-first heap   total 75776K, used 61502K [0x0000000780000000, 0x0000000800000000)
  region size 1024K, 23 young (23552K), 2 survivors (2048K)
 Metaspace       used 54971K, committed 55488K, reserved 491520K
  class space    used 7556K, committed 7808K, reserved 425984K
}
Event: 20.773 GC heap after
{Heap after GC invocations=18 (full 0):
 garbage-first heap   total 75776K, used 40724K [0x0000000780000000, 0x0000000800000000)
  region size 1024K, 2 young (2048K), 2 survivors (2048K)
 Metaspace       used 54971K, committed 55488K, reserved 491520K
  class space    used 7556K, committed 7808K, reserved 425984K
}
Event: 21.693 GC heap before
{Heap before GC invocations=19 (full 0):
 garbage-first heap   total 75776K, used 59156K [0x0000000780000000, 0x0000000800000000)
  region size 1024K, 22 young (22528K), 2 survivors (2048K)
 Metaspace       used 56849K, committed 57408K, reserved 491520K
  class space    used 7868K, committed 8128K, reserved 425984K
}
Event: 21.719 GC heap after
{Heap after GC invocations=20 (full 0):
 garbage-first heap   total 75776K, used 41910K [0x0000000780000000, 0x0000000800000000)
  region size 1024K, 3 young (3072K), 3 survivors (3072K)
 Metaspace       used 56849K, committed 57408K, reserved 491520K
  class space    used 7868K, committed 8128K, reserved 425984K
}
Event: 22.394 GC heap before
{Heap before GC invocations=21 (full 0):
 garbage-first heap   total 78848K, used 64438K [0x0000000780000000, 0x0000000800000000)
  region size 1024K, 23 young (23552K), 3 survivors (3072K)
 Metaspace       used 59784K, committed 60352K, reserved 491520K
  class space    used 8190K, committed 8448K, reserved 425984K
}
Event: 22.401 GC heap after
{Heap after GC invocations=22 (full 0):
 garbage-first heap   total 78848K, used 42002K [0x0000000780000000, 0x0000000800000000)
  region size 1024K, 2 young (2048K), 2 survivors (2048K)
 Metaspace       used 59784K, committed 60352K, reserved 491520K
  class space    used 8190K, committed 8448K, reserved 425984K
}
Event: 23.471 GC heap before
{Heap before GC invocations=22 (full 0):
 garbage-first heap   total 78848K, used 64530K [0x0000000780000000, 0x0000000800000000)
  region size 1024K, 25 young (25600K), 2 survivors (2048K)
 Metaspace       used 62922K, committed 63488K, reserved 491520K
  class space    used 8640K, committed 8896K, reserved 425984K
}
Event: 23.479 GC heap after
{Heap after GC invocations=23 (full 0):
 garbage-first heap   total 78848K, used 43166K [0x0000000780000000, 0x0000000800000000)
  region size 1024K, 3 young (3072K), 3 survivors (3072K)
 Metaspace       used 62922K, committed 63488K, reserved 491520K
  class space    used 8640K, committed 8896K, reserved 425984K
}
Event: 23.866 GC heap before
{Heap before GC invocations=24 (full 0):
 garbage-first heap   total 80896K, used 65694K [0x0000000780000000, 0x0000000800000000)
  region size 1024K, 25 young (25600K), 3 survivors (3072K)
 Metaspace       used 64585K, committed 65152K, reserved 491520K
  class space    used 8907K, committed 9152K, reserved 425984K
}
Event: 23.875 GC heap after
{Heap after GC invocations=25 (full 0):
 garbage-first heap   total 80896K, used 44639K [0x0000000780000000, 0x0000000800000000)
  region size 1024K, 4 young (4096K), 4 survivors (4096K)
 Metaspace       used 64585K, committed 65152K, reserved 491520K
  class space    used 8907K, committed 9152K, reserved 425984K
}
Event: 24.341 GC heap before
{Heap before GC invocations=25 (full 0):
 garbage-first heap   total 80896K, used 67167K [0x0000000780000000, 0x0000000800000000)
  region size 1024K, 26 young (26624K), 4 survivors (4096K)
 Metaspace       used 66090K, committed 66752K, reserved 491520K
  class space    used 9174K, committed 9472K, reserved 425984K
}
Event: 24.348 GC heap after
{Heap after GC invocations=26 (full 0):
 garbage-first heap   total 80896K, used 46390K [0x0000000780000000, 0x0000000800000000)
  region size 1024K, 4 young (4096K), 4 survivors (4096K)
 Metaspace       used 66090K, committed 66752K, reserved 491520K
  class space    used 9174K, committed 9472K, reserved 425984K
}
Event: 24.880 GC heap before
{Heap before GC invocations=27 (full 0):
 garbage-first heap   total 86016K, used 66870K [0x0000000780000000, 0x0000000800000000)
  region size 1024K, 24 young (24576K), 4 survivors (4096K)
 Metaspace       used 69436K, committed 70080K, reserved 491520K
  class space    used 9613K, committed 9920K, reserved 425984K
}
Event: 24.888 GC heap after
{Heap after GC invocations=28 (full 0):
 garbage-first heap   total 86016K, used 49141K [0x0000000780000000, 0x0000000800000000)
  region size 1024K, 3 young (3072K), 3 survivors (3072K)
 Metaspace       used 69436K, committed 70080K, reserved 491520K
  class space    used 9613K, committed 9920K, reserved 425984K
}

