# JRE version: OpenJDK Runtime Environment JBR-17.0.9+8-1166.2-nomod (17.0.9+8) (build 17.0.9+8-b1166.2)
# Java VM: OpenJDK 64-Bit Server VM JBR-17.0.9+8-1166.2-nomod (17.0.9+8-b1166.2, mixed mode, tiered, compressed oops, compressed class ptrs, g1 gc, bsd-amd64)
Heap:
 garbage-first heap   total 91136K, used 68700K [0x0000000780000000, 0x0000000800000000)
  region size 1024K, 27 young (27648K), 5 survivors (5120K)
 Metaspace       used 72303K, committed 72960K, reserved 491520K
  class space    used 10001K, committed 10304K, reserved 425984K
GC Heap History (20 events):
Event: 18.703 GC heap before
{Heap before GC invocations=10 (full 0):
 garbage-first heap   total 75776K, used 57549K [0x0000000780000000, 0x0000000800000000)
  region size 1024K, 32 young (32768K), 2 survivors (2048K)
 Metaspace       used 45518K, committed 45888K, reserved 491520K
  class space    used 6162K, committed 6336K, reserved 425984K
}
Event: 18.733 GC heap after
{Heap after GC invocations=11 (full 0):
 garbage-first heap   total 75776K, used 31126K [0x0000000780000000, 0x0000000800000000)
  region size 1024K, 4 young (4096K), 4 survivors (4096K)
 Metaspace       used 45518K, committed 45888K, reserved 491520K
  class space    used 6162K, committed 6336K, reserved 425984K
}
Event: 20.773 GC heap before
{Heap before GC invocations=11 (full 0):
 garbage-first heap   total 75776K, used 62870K [0x0000000780000000, 0x0000000800000000)
  region size 1024K, 31 young (31744K), 4 survivors (4096K)
 Metaspace       used 47316K, committed 47680K, reserved 491520K
  class space    used 6303K, committed 6464K, reserved 425984K
}
Event: 20.786 GC heap after
{Heap after GC invocations=12 (full 0):
 garbage-first heap   total 75776K, used 34862K [0x0000000780000000, 0x0000000800000000)
  region size 1024K, 4 young (4096K), 4 survivors (4096K)
 Metaspace       used 47316K, committed 47680K, reserved 491520K
  class space    used 6303K, committed 6464K, reserved 425984K
}
Event: 22.373 GC heap before
{Heap before GC invocations=12 (full 0):
 garbage-first heap   total 75776K, used 58414K [0x0000000780000000, 0x0000000800000000)
  region size 1024K, 27 young (27648K), 4 survivors (4096K)
 Metaspace       used 49103K, committed 49536K, reserved 491520K
  class space    used 6590K, committed 6784K, reserved 425984K
}
Event: 22.381 GC heap after
{Heap after GC invocations=13 (full 0):
 garbage-first heap   total 75776K, used 37247K [0x0000000780000000, 0x0000000800000000)
  region size 1024K, 3 young (3072K), 3 survivors (3072K)
 Metaspace       used 49103K, committed 49536K, reserved 491520K
  class space    used 6590K, committed 6784K, reserved 425984K
}
Event: 23.300 GC heap before
{Heap before GC invocations=13 (full 0):
 garbage-first heap   total 75776K, used 58751K [0x0000000780000000, 0x0000000800000000)
  region size 1024K, 24 young (24576K), 3 survivors (3072K)
 Metaspace       used 50793K, committed 51328K, reserved 491520K
  class space    used 6830K, committed 7104K, reserved 425984K
}
Event: 23.329 GC heap after
{Heap after GC invocations=14 (full 0):
 garbage-first heap   total 75776K, used 38621K [0x0000000780000000, 0x0000000800000000)
  region size 1024K, 2 young (2048K), 2 survivors (2048K)
 Metaspace       used 50793K, committed 51328K, reserved 491520K
  class space    used 6830K, committed 7104K, reserved 425984K
}
Event: 24.432 GC heap before
{Heap before GC invocations=15 (full 0):
 garbage-first heap   total 75776K, used 60125K [0x0000000780000000, 0x0000000800000000)
  region size 1024K, 23 young (23552K), 2 survivors (2048K)
 Metaspace       used 52922K, committed 53504K, reserved 491520K
  class space    used 7212K, committed 7488K, reserved 425984K
}
Event: 24.437 GC heap after
{Heap after GC invocations=16 (full 0):
 garbage-first heap   total 75776K, used 39299K [0x0000000780000000, 0x0000000800000000)
  region size 1024K, 3 young (3072K), 3 survivors (3072K)
 Metaspace       used 52922K, committed 53504K, reserved 491520K
  class space    used 7212K, committed 7488K, reserved 425984K
}
Event: 25.460 GC heap before
{Heap before GC invocations=16 (full 0):
 garbage-first heap   total 75776K, used 60803K [0x0000000780000000, 0x0000000800000000)
  region size 1024K, 24 young (24576K), 3 survivors (3072K)
 Metaspace       used 55068K, committed 55680K, reserved 491520K
  class space    used 7571K, committed 7872K, reserved 425984K
}
Event: 25.475 GC heap after
{Heap after GC invocations=17 (full 0):
 garbage-first heap   total 75776K, used 40013K [0x0000000780000000, 0x0000000800000000)
  region size 1024K, 2 young (2048K), 2 survivors (2048K)
 Metaspace       used 55068K, committed 55680K, reserved 491520K
  class space    used 7571K, committed 7872K, reserved 425984K
}
Event: 26.486 GC heap before
{Heap before GC invocations=18 (full 0):
 garbage-first heap   total 75776K, used 58445K [0x0000000780000000, 0x0000000800000000)
  region size 1024K, 22 young (22528K), 2 survivors (2048K)
 Metaspace       used 56899K, committed 57472K, reserved 491520K
  class space    used 7873K, committed 8128K, reserved 425984K
}
Event: 26.496 GC heap after
{Heap after GC invocations=19 (full 0):
 garbage-first heap   total 91136K, used 41368K [0x0000000780000000, 0x0000000800000000)
  region size 1024K, 3 young (3072K), 3 survivors (3072K)
 Metaspace       used 56899K, committed 57472K, reserved 491520K
  class space    used 7873K, committed 8128K, reserved 425984K
}
Event: 28.274 GC heap before
{Heap before GC invocations=19 (full 0):
 garbage-first heap   total 91136K, used 77208K [0x0000000780000000, 0x0000000800000000)
  region size 1024K, 36 young (36864K), 3 survivors (3072K)
 Metaspace       used 61232K, committed 61760K, reserved 491520K
  class space    used 8380K, committed 8640K, reserved 425984K
}
Event: 28.299 GC heap after
{Heap after GC invocations=20 (full 0):
 garbage-first heap   total 91136K, used 41790K [0x0000000780000000, 0x0000000800000000)
  region size 1024K, 3 young (3072K), 3 survivors (3072K)
 Metaspace       used 61232K, committed 61760K, reserved 491520K
  class space    used 8380K, committed 8640K, reserved 425984K
}
Event: 30.216 GC heap before
{Heap before GC invocations=20 (full 0):
 garbage-first heap   total 91136K, used 74558K [0x0000000780000000, 0x0000000800000000)
  region size 1024K, 35 young (35840K), 3 survivors (3072K)
 Metaspace       used 64509K, committed 65088K, reserved 491520K
  class space    used 8896K, committed 9152K, reserved 425984K
}
Event: 30.225 GC heap after
{Heap after GC invocations=21 (full 0):
 garbage-first heap   total 91136K, used 44032K [0x0000000780000000, 0x0000000800000000)
  region size 1024K, 5 young (5120K), 5 survivors (5120K)
 Metaspace       used 64509K, committed 65088K, reserved 491520K
  class space    used 8896K, committed 9152K, reserved 425984K
}
Event: 31.664 GC heap before
{Heap before GC invocations=21 (full 0):
 garbage-first heap   total 91136K, used 73728K [0x0000000780000000, 0x0000000800000000)
  region size 1024K, 35 young (35840K), 5 survivors (5120K)
 Metaspace       used 67685K, committed 68288K, reserved 491520K
  class space    used 9374K, committed 9664K, reserved 425984K
}
Event: 31.680 GC heap after
{Heap after GC invocations=22 (full 0):
 garbage-first heap   total 91136K, used 46567K [0x0000000780000000, 0x0000000800000000)
  region size 1024K, 5 young (5120K), 5 survivors (5120K)
 Metaspace       used 67685K, committed 68288K, reserved 491520K
  class space    used 9374K, committed 9664K, reserved 425984K
}

