# JRE version: OpenJDK Runtime Environment JBR-17.0.9+8-1166.2-nomod (17.0.9+8) (build 17.0.9+8-b1166.2)
# Java VM: OpenJDK 64-Bit Server VM JBR-17.0.9+8-1166.2-nomod (17.0.9+8-b1166.2, mixed mode, tiered, compressed oops, compressed class ptrs, g1 gc, bsd-amd64)
Heap:
 garbage-first heap   total 103424K, used 73933K [0x0000000780000000, 0x0000000800000000)
  region size 1024K, 38 young (38912K), 6 survivors (6144K)
 Metaspace       used 70982K, committed 71552K, reserved 491520K
  class space    used 9833K, committed 10112K, reserved 425984K
GC Heap History (20 events):
Event: 3.593 GC heap before
{Heap before GC invocations=5 (full 0):
 garbage-first heap   total 71680K, used 48547K [0x0000000780000000, 0x0000000800000000)
  region size 1024K, 30 young (30720K), 3 survivors (3072K)
 Metaspace       used 30083K, committed 30336K, reserved 491520K
  class space    used 4054K, committed 4160K, reserved 425984K
}
Event: 3.597 GC heap after
{Heap after GC invocations=6 (full 0):
 garbage-first heap   total 71680K, used 23375K [0x0000000780000000, 0x0000000800000000)
  region size 1024K, 4 young (4096K), 4 survivors (4096K)
 Metaspace       used 30083K, committed 30336K, reserved 491520K
  class space    used 4054K, committed 4160K, reserved 425984K
}
Event: 4.018 GC heap before
{Heap before GC invocations=6 (full 0):
 garbage-first heap   total 71680K, used 52047K [0x0000000780000000, 0x0000000800000000)
  region size 1024K, 32 young (32768K), 4 survivors (4096K)
 Metaspace       used 33844K, committed 34176K, reserved 491520K
  class space    used 4636K, committed 4736K, reserved 425984K
}
Event: 4.023 GC heap after
{Heap after GC invocations=7 (full 0):
 garbage-first heap   total 71680K, used 24651K [0x0000000780000000, 0x0000000800000000)
  region size 1024K, 3 young (3072K), 3 survivors (3072K)
 Metaspace       used 33844K, committed 34176K, reserved 491520K
  class space    used 4636K, committed 4736K, reserved 425984K
}
Event: 4.238 GC heap before
{Heap before GC invocations=7 (full 0):
 garbage-first heap   total 71680K, used 37963K [0x0000000780000000, 0x0000000800000000)
  region size 1024K, 18 young (18432K), 3 survivors (3072K)
 Metaspace       used 35749K, committed 36096K, reserved 491520K
  class space    used 4933K, committed 5120K, reserved 425984K
}
Event: 4.242 GC heap after
{Heap after GC invocations=8 (full 0):
 garbage-first heap   total 86016K, used 25284K [0x0000000780000000, 0x0000000800000000)
  region size 1024K, 2 young (2048K), 2 survivors (2048K)
 Metaspace       used 35749K, committed 36096K, reserved 491520K
  class space    used 4933K, committed 5120K, reserved 425984K
}
Event: 5.118 GC heap before
{Heap before GC invocations=9 (full 0):
 garbage-first heap   total 86016K, used 64196K [0x0000000780000000, 0x0000000800000000)
  region size 1024K, 41 young (41984K), 2 survivors (2048K)
 Metaspace       used 43270K, committed 43648K, reserved 491520K
  class space    used 5885K, committed 6080K, reserved 425984K
}
Event: 5.123 GC heap after
{Heap after GC invocations=10 (full 0):
 garbage-first heap   total 86016K, used 29560K [0x0000000780000000, 0x0000000800000000)
  region size 1024K, 6 young (6144K), 6 survivors (6144K)
 Metaspace       used 43270K, committed 43648K, reserved 491520K
  class space    used 5885K, committed 6080K, reserved 425984K
}
Event: 5.526 GC heap before
{Heap before GC invocations=10 (full 0):
 garbage-first heap   total 86016K, used 69496K [0x0000000780000000, 0x0000000800000000)
  region size 1024K, 41 young (41984K), 6 survivors (6144K)
 Metaspace       used 45831K, committed 46208K, reserved 491520K
  class space    used 6121K, committed 6272K, reserved 425984K
}
Event: 5.532 GC heap after
{Heap after GC invocations=11 (full 0):
 garbage-first heap   total 86016K, used 32695K [0x0000000780000000, 0x0000000800000000)
  region size 1024K, 4 young (4096K), 4 survivors (4096K)
 Metaspace       used 45831K, committed 46208K, reserved 491520K
  class space    used 6121K, committed 6272K, reserved 425984K
}
Event: 5.982 GC heap before
{Heap before GC invocations=11 (full 0):
 garbage-first heap   total 86016K, used 65463K [0x0000000780000000, 0x0000000800000000)
  region size 1024K, 36 young (36864K), 4 survivors (4096K)
 Metaspace       used 48340K, committed 48832K, reserved 491520K
  class space    used 6516K, committed 6720K, reserved 425984K
}
Event: 5.988 GC heap after
{Heap after GC invocations=12 (full 0):
 garbage-first heap   total 86016K, used 34670K [0x0000000780000000, 0x0000000800000000)
  region size 1024K, 3 young (3072K), 3 survivors (3072K)
 Metaspace       used 48340K, committed 48832K, reserved 491520K
  class space    used 6516K, committed 6720K, reserved 425984K
}
Event: 6.389 GC heap before
{Heap before GC invocations=12 (full 0):
 garbage-first heap   total 86016K, used 66414K [0x0000000780000000, 0x0000000800000000)
  region size 1024K, 34 young (34816K), 3 survivors (3072K)
 Metaspace       used 51597K, committed 52096K, reserved 491520K
  class space    used 7068K, committed 7296K, reserved 425984K
}
Event: 6.393 GC heap after
{Heap after GC invocations=13 (full 0):
 garbage-first heap   total 86016K, used 35743K [0x0000000780000000, 0x0000000800000000)
  region size 1024K, 4 young (4096K), 4 survivors (4096K)
 Metaspace       used 51597K, committed 52096K, reserved 491520K
  class space    used 7068K, committed 7296K, reserved 425984K
}
Event: 6.908 GC heap before
{Heap before GC invocations=13 (full 0):
 garbage-first heap   total 86016K, used 67487K [0x0000000780000000, 0x0000000800000000)
  region size 1024K, 35 young (35840K), 4 survivors (4096K)
 Metaspace       used 54851K, committed 55424K, reserved 491520K
  class space    used 7601K, committed 7872K, reserved 425984K
}
Event: 6.914 GC heap after
{Heap after GC invocations=14 (full 0):
 garbage-first heap   total 103424K, used 37111K [0x0000000780000000, 0x0000000800000000)
  region size 1024K, 3 young (3072K), 3 survivors (3072K)
 Metaspace       used 54851K, committed 55424K, reserved 491520K
  class space    used 7601K, committed 7872K, reserved 425984K
}
Event: 7.405 GC heap before
{Heap before GC invocations=14 (full 0):
 garbage-first heap   total 103424K, used 76023K [0x0000000780000000, 0x0000000800000000)
  region size 1024K, 40 young (40960K), 3 survivors (3072K)
 Metaspace       used 59987K, committed 60480K, reserved 491520K
  class space    used 8218K, committed 8448K, reserved 425984K
}
Event: 7.409 GC heap after
{Heap after GC invocations=15 (full 0):
 garbage-first heap   total 103424K, used 38166K [0x0000000780000000, 0x0000000800000000)
  region size 1024K, 4 young (4096K), 4 survivors (4096K)
 Metaspace       used 59987K, committed 60480K, reserved 491520K
  class space    used 8218K, committed 8448K, reserved 425984K
}
Event: 8.056 GC heap before
{Heap before GC invocations=16 (full 0):
 garbage-first heap   total 103424K, used 83222K [0x0000000780000000, 0x0000000800000000)
  region size 1024K, 48 young (49152K), 4 survivors (4096K)
 Metaspace       used 64761K, committed 65344K, reserved 491520K
  class space    used 9012K, committed 9280K, reserved 425984K
}
Event: 8.064 GC heap after
{Heap after GC invocations=17 (full 0):
 garbage-first heap   total 103424K, used 41660K [0x0000000780000000, 0x0000000800000000)
  region size 1024K, 6 young (6144K), 6 survivors (6144K)
 Metaspace       used 64761K, committed 65344K, reserved 491520K
  class space    used 9012K, committed 9280K, reserved 425984K
}

