# JRE version: OpenJDK Runtime Environment JBR-17.0.9+8-1166.2-nomod (17.0.9+8) (build 17.0.9+8-b1166.2)
# Java VM: OpenJDK 64-Bit Server VM JBR-17.0.9+8-1166.2-nomod (17.0.9+8-b1166.2, mixed mode, tiered, compressed oops, compressed class ptrs, g1 gc, bsd-amd64)
Heap:
 garbage-first heap   total 86016K, used 69024K [0x0000000780000000, 0x0000000800000000)
  region size 1024K, 26 young (26624K), 4 survivors (4096K)
 Metaspace       used 74167K, committed 74880K, reserved 491520K
  class space    used 10201K, committed 10560K, reserved 425984K
GC Heap History (20 events):
Event: 4.582 GC heap before
{Heap before GC invocations=11 (full 0):
 garbage-first heap   total 71680K, used 60451K [0x0000000780000000, 0x0000000800000000)
  region size 1024K, 29 young (29696K), 4 survivors (4096K)
 Metaspace       used 46432K, committed 46848K, reserved 491520K
  class space    used 6206K, committed 6400K, reserved 425984K
}
Event: 4.593 GC heap after
{Heap after GC invocations=12 (full 0):
 garbage-first heap   total 71680K, used 33599K [0x0000000780000000, 0x0000000800000000)
  region size 1024K, 3 young (3072K), 3 survivors (3072K)
 Metaspace       used 46432K, committed 46848K, reserved 491520K
  class space    used 6206K, committed 6400K, reserved 425984K
}
Event: 5.463 GC heap before
{Heap before GC invocations=12 (full 0):
 garbage-first heap   total 71680K, used 56127K [0x0000000780000000, 0x0000000800000000)
  region size 1024K, 25 young (25600K), 3 survivors (3072K)
 Metaspace       used 48516K, committed 48896K, reserved 491520K
  class space    used 6490K, committed 6656K, reserved 425984K
}
Event: 5.468 GC heap after
{Heap after GC invocations=13 (full 0):
 garbage-first heap   total 86016K, used 36631K [0x0000000780000000, 0x0000000800000000)
  region size 1024K, 3 young (3072K), 3 survivors (3072K)
 Metaspace       used 48516K, committed 48896K, reserved 491520K
  class space    used 6490K, committed 6656K, reserved 425984K
}
Event: 6.139 GC heap before
{Heap before GC invocations=13 (full 0):
 garbage-first heap   total 86016K, used 65303K [0x0000000780000000, 0x0000000800000000)
  region size 1024K, 31 young (31744K), 3 survivors (3072K)
 Metaspace       used 50596K, committed 51072K, reserved 491520K
  class space    used 6808K, committed 7040K, reserved 425984K
}
Event: 6.151 GC heap after
{Heap after GC invocations=14 (full 0):
 garbage-first heap   total 86016K, used 38114K [0x0000000780000000, 0x0000000800000000)
  region size 1024K, 2 young (2048K), 2 survivors (2048K)
 Metaspace       used 50596K, committed 51072K, reserved 491520K
  class space    used 6808K, committed 7040K, reserved 425984K
}
Event: 7.000 GC heap before
{Heap before GC invocations=14 (full 0):
 garbage-first heap   total 86016K, used 66786K [0x0000000780000000, 0x0000000800000000)
  region size 1024K, 30 young (30720K), 2 survivors (2048K)
 Metaspace       used 53481K, committed 54016K, reserved 491520K
  class space    used 7309K, committed 7552K, reserved 425984K
}
Event: 7.004 GC heap after
{Heap after GC invocations=15 (full 0):
 garbage-first heap   total 86016K, used 39159K [0x0000000780000000, 0x0000000800000000)
  region size 1024K, 3 young (3072K), 3 survivors (3072K)
 Metaspace       used 53481K, committed 54016K, reserved 491520K
  class space    used 7309K, committed 7552K, reserved 425984K
}
Event: 7.728 GC heap before
{Heap before GC invocations=15 (full 0):
 garbage-first heap   total 86016K, used 67831K [0x0000000780000000, 0x0000000800000000)
  region size 1024K, 31 young (31744K), 3 survivors (3072K)
 Metaspace       used 56323K, committed 56896K, reserved 491520K
  class space    used 7797K, committed 8064K, reserved 425984K
}
Event: 7.734 GC heap after
{Heap after GC invocations=16 (full 0):
 garbage-first heap   total 86016K, used 40424K [0x0000000780000000, 0x0000000800000000)
  region size 1024K, 3 young (3072K), 3 survivors (3072K)
 Metaspace       used 56323K, committed 56896K, reserved 491520K
  class space    used 7797K, committed 8064K, reserved 425984K
}
Event: 7.839 GC heap before
{Heap before GC invocations=16 (full 0):
 garbage-first heap   total 86016K, used 45544K [0x0000000780000000, 0x0000000800000000)
  region size 1024K, 9 young (9216K), 3 survivors (3072K)
 Metaspace       used 56906K, committed 57472K, reserved 491520K
  class space    used 7868K, committed 8128K, reserved 425984K
}
Event: 7.844 GC heap after
{Heap after GC invocations=17 (full 0):
 garbage-first heap   total 86016K, used 41179K [0x0000000780000000, 0x0000000800000000)
  region size 1024K, 2 young (2048K), 2 survivors (2048K)
 Metaspace       used 56906K, committed 57472K, reserved 491520K
  class space    used 7868K, committed 8128K, reserved 425984K
}
Event: 8.569 GC heap before
{Heap before GC invocations=18 (full 0):
 garbage-first heap   total 86016K, used 71899K [0x0000000780000000, 0x0000000800000000)
  region size 1024K, 30 young (30720K), 2 survivors (2048K)
 Metaspace       used 60814K, committed 61376K, reserved 491520K
  class space    used 8327K, committed 8576K, reserved 425984K
}
Event: 8.572 GC heap after
{Heap after GC invocations=19 (full 0):
 garbage-first heap   total 86016K, used 41249K [0x0000000780000000, 0x0000000800000000)
  region size 1024K, 3 young (3072K), 3 survivors (3072K)
 Metaspace       used 60814K, committed 61376K, reserved 491520K
  class space    used 8327K, committed 8576K, reserved 425984K
}
Event: 9.633 GC heap before
{Heap before GC invocations=19 (full 0):
 garbage-first heap   total 86016K, used 69921K [0x0000000780000000, 0x0000000800000000)
  region size 1024K, 31 young (31744K), 3 survivors (3072K)
 Metaspace       used 63831K, committed 64448K, reserved 491520K
  class space    used 8813K, committed 9088K, reserved 425984K
}
Event: 9.649 GC heap after
{Heap after GC invocations=20 (full 0):
 garbage-first heap   total 86016K, used 43240K [0x0000000780000000, 0x0000000800000000)
  region size 1024K, 4 young (4096K), 4 survivors (4096K)
 Metaspace       used 63831K, committed 64448K, reserved 491520K
  class space    used 8813K, committed 9088K, reserved 425984K
}
Event: 11.102 GC heap before
{Heap before GC invocations=21 (full 0):
 garbage-first heap   total 86016K, used 70888K [0x0000000780000000, 0x0000000800000000)
  region size 1024K, 31 young (31744K), 4 survivors (4096K)
 Metaspace       used 65854K, committed 66496K, reserved 491520K
  class space    used 9147K, committed 9408K, reserved 425984K
}
Event: 11.109 GC heap after
{Heap after GC invocations=22 (full 0):
 garbage-first heap   total 86016K, used 44856K [0x0000000780000000, 0x0000000800000000)
  region size 1024K, 4 young (4096K), 4 survivors (4096K)
 Metaspace       used 65854K, committed 66496K, reserved 491520K
  class space    used 9147K, committed 9408K, reserved 425984K
}
Event: 12.990 GC heap before
{Heap before GC invocations=22 (full 0):
 garbage-first heap   total 86016K, used 69432K [0x0000000780000000, 0x0000000800000000)
  region size 1024K, 29 young (29696K), 4 survivors (4096K)
 Metaspace       used 69762K, committed 70400K, reserved 491520K
  class space    used 9664K, committed 9984K, reserved 425984K
}
Event: 13.007 GC heap after
{Heap after GC invocations=23 (full 0):
 garbage-first heap   total 86016K, used 47520K [0x0000000780000000, 0x0000000800000000)
  region size 1024K, 4 young (4096K), 4 survivors (4096K)
 Metaspace       used 69762K, committed 70400K, reserved 491520K
  class space    used 9664K, committed 9984K, reserved 425984K
}

