# JRE version: Java(TM) SE Runtime Environment (15.0.1+9) (build 15.0.1+9-18)
# Java VM: Java HotSpot(TM) 64-Bit Server VM (15.0.1+9-18, mixed mode, sharing, tiered, compressed oops, g1 gc, bsd-amd64)
GC Precious Log:
 CPUs: 8 total, 8 available
 Memory: 16384M
 Large Page Support: Disabled
 NUMA Support: Disabled
 Compressed Oops: Enabled (Zero based)
 Heap Region Size: 1M
 Heap Min Capacity: 8M
 Heap Initial Capacity: 256M
 Heap Max Capacity: 2G
 Pre-touch: Disabled
 Parallel Workers: 8
 Concurrent Workers: 2
 Concurrent Refinement Workers: 8
 Periodic GC: Disabled
Heap:
 garbage-first heap   total 107520K, used 51089K [0x0000000780000000, 0x0000000800000000)
  region size 1024K, 19 young (19456K), 4 survivors (4096K)
 Metaspace       used 50423K, capacity 51205K, committed 51996K, reserved 561152K
  class space    used 6938K, capacity 7225K, committed 7276K, reserved 516096K
GC Heap History (18 events):
Event: 0.359 GC heap before
{Heap before GC invocations=0 (full 0):
 garbage-first heap   total 264192K, used 27432K [0x0000000780000000, 0x0000000800000000)
  region size 1024K, 23 young (23552K), 0 survivors (0K)
 Metaspace       used 1958K, capacity 5209K, committed 5504K, reserved 524288K
  class space    used 195K, capacity 499K, committed 640K, reserved 516096K
}
Event: 0.363 GC heap after
{Heap after GC invocations=1 (full 0):
 garbage-first heap   total 264192K, used 11342K [0x0000000780000000, 0x0000000800000000)
  region size 1024K, 3 young (3072K), 3 survivors (3072K)
 Metaspace       used 1958K, capacity 5209K, committed 5504K, reserved 524288K
  class space    used 195K, capacity 499K, committed 640K, reserved 516096K
}
Event: 0.692 GC heap before
{Heap before GC invocations=1 (full 0):
 garbage-first heap   total 264192K, used 46158K [0x0000000780000000, 0x0000000800000000)
  region size 1024K, 37 young (37888K), 3 survivors (3072K)
 Metaspace       used 4519K, capacity 6812K, committed 7040K, reserved 524288K
  class space    used 566K, capacity 776K, committed 896K, reserved 516096K
}
Event: 0.695 GC heap after
{Heap after GC invocations=2 (full 0):
 garbage-first heap   total 264192K, used 13205K [0x0000000780000000, 0x0000000800000000)
  region size 1024K, 2 young (2048K), 2 survivors (2048K)
 Metaspace       used 4519K, capacity 6812K, committed 7040K, reserved 524288K
  class space    used 566K, capacity 776K, committed 896K, reserved 516096K
}
Event: 2.065 GC heap before
{Heap before GC invocations=2 (full 0):
 garbage-first heap   total 264192K, used 129941K [0x0000000780000000, 0x0000000800000000)
  region size 1024K, 116 young (118784K), 2 survivors (2048K)
 Metaspace       used 20541K, capacity 20947K, committed 21296K, reserved 534528K
  class space    used 2953K, capacity 3098K, committed 3200K, reserved 516096K
}
Event: 2.073 GC heap after
{Heap after GC invocations=3 (full 0):
 garbage-first heap   total 264192K, used 23424K [0x0000000780000000, 0x0000000800000000)
  region size 1024K, 11 young (11264K), 11 survivors (11264K)
 Metaspace       used 20541K, capacity 20947K, committed 21296K, reserved 534528K
  class space    used 2953K, capacity 3098K, committed 3200K, reserved 516096K
}
Event: 2.528 GC heap before
{Heap before GC invocations=4 (full 0):
 garbage-first heap   total 89088K, used 65408K [0x0000000780000000, 0x0000000800000000)
  region size 1024K, 52 young (53248K), 11 survivors (11264K)
 Metaspace       used 25573K, capacity 25928K, committed 26416K, reserved 538624K
  class space    used 3737K, capacity 3882K, committed 3968K, reserved 516096K
}
Event: 2.539 GC heap after
{Heap after GC invocations=5 (full 0):
 garbage-first heap   total 89088K, used 25182K [0x0000000780000000, 0x0000000800000000)
  region size 1024K, 2 young (2048K), 2 survivors (2048K)
 Metaspace       used 25573K, capacity 25928K, committed 26416K, reserved 538624K
  class space    used 3737K, capacity 3882K, committed 3968K, reserved 516096K
}
Event: 2.909 GC heap before
{Heap before GC invocations=5 (full 0):
 garbage-first heap   total 89088K, used 64094K [0x0000000780000000, 0x0000000800000000)
  region size 1024K, 41 young (41984K), 2 survivors (2048K)
 Metaspace       used 31511K, capacity 32095K, committed 32688K, reserved 544768K
  class space    used 4374K, capacity 4572K, committed 4608K, reserved 516096K
}
Event: 2.913 GC heap after
{Heap after GC invocations=6 (full 0):
 garbage-first heap   total 89088K, used 29751K [0x0000000780000000, 0x0000000800000000)
  region size 1024K, 6 young (6144K), 6 survivors (6144K)
 Metaspace       used 31511K, capacity 32095K, committed 32688K, reserved 544768K
  class space    used 4374K, capacity 4572K, committed 4608K, reserved 516096K
}
Event: 3.194 GC heap before
{Heap before GC invocations=6 (full 0):
 garbage-first heap   total 89088K, used 64567K [0x0000000780000000, 0x0000000800000000)
  region size 1024K, 37 young (37888K), 6 survivors (6144K)
 Metaspace       used 34758K, capacity 35279K, committed 35888K, reserved 548864K
  class space    used 4768K, capacity 4949K, committed 4992K, reserved 516096K
}
Event: 3.199 GC heap after
{Heap after GC invocations=7 (full 0):
 garbage-first heap   total 89088K, used 31221K [0x0000000780000000, 0x0000000800000000)
  region size 1024K, 3 young (3072K), 3 survivors (3072K)
 Metaspace       used 34758K, capacity 35279K, committed 35888K, reserved 548864K
  class space    used 4768K, capacity 4949K, committed 4992K, reserved 516096K
}
Event: 3.979 GC heap before
{Heap before GC invocations=8 (full 0):
 garbage-first heap   total 89088K, used 67061K [0x0000000780000000, 0x0000000800000000)
  region size 1024K, 38 young (38912K), 3 survivors (3072K)
 Metaspace       used 37681K, capacity 38363K, committed 38940K, reserved 550912K
  class space    used 5195K, capacity 5456K, committed 5484K, reserved 516096K
}
Event: 3.984 GC heap after
{Heap after GC invocations=9 (full 0):
 garbage-first heap   total 107520K, used 33495K [0x0000000780000000, 0x0000000800000000)
  region size 1024K, 5 young (5120K), 5 survivors (5120K)
 Metaspace       used 37681K, capacity 38363K, committed 38940K, reserved 550912K
  class space    used 5195K, capacity 5456K, committed 5484K, reserved 516096K
}
Event: 4.480 GC heap before
{Heap before GC invocations=9 (full 0):
 garbage-first heap   total 107520K, used 82647K [0x0000000780000000, 0x0000000800000000)
  region size 1024K, 53 young (54272K), 5 survivors (5120K)
 Metaspace       used 42695K, capacity 43443K, committed 44188K, reserved 555008K
  class space    used 5967K, capacity 6250K, committed 6380K, reserved 516096K
}
Event: 4.485 GC heap after
{Heap after GC invocations=10 (full 0):
 garbage-first heap   total 107520K, used 35315K [0x0000000780000000, 0x0000000800000000)
  region size 1024K, 5 young (5120K), 5 survivors (5120K)
 Metaspace       used 42695K, capacity 43443K, committed 44188K, reserved 555008K
  class space    used 5967K, capacity 6250K, committed 6380K, reserved 516096K
}
Event: 4.930 GC heap before
{Heap before GC invocations=10 (full 0):
 garbage-first heap   total 107520K, used 84467K [0x0000000780000000, 0x0000000800000000)
  region size 1024K, 52 young (53248K), 5 survivors (5120K)
 Metaspace       used 48313K, capacity 49090K, committed 49692K, reserved 559104K
  class space    used 6638K, capacity 6904K, committed 7020K, reserved 516096K
}
Event: 4.934 GC heap after
{Heap after GC invocations=11 (full 0):
 garbage-first heap   total 107520K, used 36753K [0x0000000780000000, 0x0000000800000000)
  region size 1024K, 4 young (4096K), 4 survivors (4096K)
 Metaspace       used 48313K, capacity 49090K, committed 49692K, reserved 559104K
  class space    used 6638K, capacity 6904K, committed 7020K, reserved 516096K
}

