# JRE version: Java(TM) SE Runtime Environment (15.0.1+9) (build 15.0.1+9-18)
# Java VM: Java HotSpot(TM) 64-Bit Server VM (15.0.1+9-18, mixed mode, sharing, tiered, compressed oops, g1 gc, bsd-amd64)
GC Precious Log:
 CPUs: 8 total, 8 available
 Memory: 16384M
 Large Page Support: Disabled
 NUMA Support: Disabled
 Compressed Oops: Enabled (Zero based)
 Heap Region Size: 1M
 Heap Min Capacity: 8M
 Heap Initial Capacity: 256M
 Heap Max Capacity: 2G
 Pre-touch: Disabled
 Parallel Workers: 8
 Concurrent Workers: 2
 Concurrent Refinement Workers: 8
 Periodic GC: Disabled
Heap:
 garbage-first heap   total 107520K, used 51405K [0x0000000780000000, 0x0000000800000000)
  region size 1024K, 18 young (18432K), 4 survivors (4096K)
 Metaspace       used 50422K, capacity 51205K, committed 51740K, reserved 561152K
  class space    used 6935K, capacity 7225K, committed 7276K, reserved 516096K
GC Heap History (20 events):
Event: 0.377 GC heap before
{Heap before GC invocations=0 (full 0):
 garbage-first heap   total 264192K, used 27432K [0x0000000780000000, 0x0000000800000000)
  region size 1024K, 23 young (23552K), 0 survivors (0K)
 Metaspace       used 2056K, capacity 5305K, committed 5504K, reserved 524288K
  class space    used 218K, capacity 531K, committed 640K, reserved 516096K
}
Event: 0.381 GC heap after
{Heap after GC invocations=1 (full 0):
 garbage-first heap   total 264192K, used 11038K [0x0000000780000000, 0x0000000800000000)
  region size 1024K, 3 young (3072K), 3 survivors (3072K)
 Metaspace       used 2056K, capacity 5305K, committed 5504K, reserved 524288K
  class space    used 218K, capacity 531K, committed 640K, reserved 516096K
}
Event: 0.700 GC heap before
{Heap before GC invocations=1 (full 0):
 garbage-first heap   total 264192K, used 42782K [0x0000000780000000, 0x0000000800000000)
  region size 1024K, 35 young (35840K), 3 survivors (3072K)
 Metaspace       used 4509K, capacity 6812K, committed 7040K, reserved 524288K
  class space    used 566K, capacity 776K, committed 896K, reserved 516096K
}
Event: 0.704 GC heap after
{Heap after GC invocations=2 (full 0):
 garbage-first heap   total 264192K, used 12788K [0x0000000780000000, 0x0000000800000000)
  region size 1024K, 2 young (2048K), 2 survivors (2048K)
 Metaspace       used 4509K, capacity 6812K, committed 7040K, reserved 524288K
  class space    used 566K, capacity 776K, committed 896K, reserved 516096K
}
Event: 1.983 GC heap before
{Heap before GC invocations=2 (full 0):
 garbage-first heap   total 264192K, used 120308K [0x0000000780000000, 0x0000000800000000)
  region size 1024K, 106 young (108544K), 2 survivors (2048K)
 Metaspace       used 19115K, capacity 19492K, committed 19840K, reserved 534528K
  class space    used 2731K, capacity 2869K, committed 2944K, reserved 516096K
}
Event: 1.992 GC heap after
{Heap after GC invocations=3 (full 0):
 garbage-first heap   total 264192K, used 22305K [0x0000000780000000, 0x0000000800000000)
  region size 1024K, 10 young (10240K), 10 survivors (10240K)
 Metaspace       used 19115K, capacity 19492K, committed 19840K, reserved 534528K
  class space    used 2731K, capacity 2869K, committed 2944K, reserved 516096K
}
Event: 2.116 GC heap before
{Heap before GC invocations=3 (full 0):
 garbage-first heap   total 264192K, used 34593K [0x0000000780000000, 0x0000000800000000)
  region size 1024K, 23 young (23552K), 10 survivors (10240K)
 Metaspace       used 20637K, capacity 21043K, committed 21296K, reserved 534528K
  class space    used 2969K, capacity 3130K, committed 3200K, reserved 516096K
}
Event: 2.122 GC heap after
{Heap after GC invocations=4 (full 0):
 garbage-first heap   total 264192K, used 23482K [0x0000000780000000, 0x0000000800000000)
  region size 1024K, 12 young (12288K), 12 survivors (12288K)
 Metaspace       used 20637K, capacity 21043K, committed 21296K, reserved 534528K
  class space    used 2969K, capacity 3130K, committed 3200K, reserved 516096K
}
Event: 2.610 GC heap before
{Heap before GC invocations=5 (full 0):
 garbage-first heap   total 89088K, used 64442K [0x0000000780000000, 0x0000000800000000)
  region size 1024K, 52 young (53248K), 12 survivors (12288K)
 Metaspace       used 25594K, capacity 25992K, committed 26416K, reserved 538624K
  class space    used 3741K, capacity 3882K, committed 3968K, reserved 516096K
}
Event: 2.622 GC heap after
{Heap after GC invocations=6 (full 0):
 garbage-first heap   total 89088K, used 25275K [0x0000000780000000, 0x0000000800000000)
  region size 1024K, 3 young (3072K), 3 survivors (3072K)
 Metaspace       used 25594K, capacity 25992K, committed 26416K, reserved 538624K
  class space    used 3741K, capacity 3882K, committed 3968K, reserved 516096K
}
Event: 3.047 GC heap before
{Heap before GC invocations=6 (full 0):
 garbage-first heap   total 89088K, used 67259K [0x0000000780000000, 0x0000000800000000)
  region size 1024K, 45 young (46080K), 3 survivors (3072K)
 Metaspace       used 31499K, capacity 31999K, committed 32688K, reserved 544768K
  class space    used 4370K, capacity 4540K, committed 4608K, reserved 516096K
}
Event: 3.052 GC heap after
{Heap after GC invocations=7 (full 0):
 garbage-first heap   total 89088K, used 29946K [0x0000000780000000, 0x0000000800000000)
  region size 1024K, 6 young (6144K), 6 survivors (6144K)
 Metaspace       used 31499K, capacity 31999K, committed 32688K, reserved 544768K
  class space    used 4370K, capacity 4540K, committed 4608K, reserved 516096K
}
Event: 3.362 GC heap before
{Heap before GC invocations=7 (full 0):
 garbage-first heap   total 89088K, used 60666K [0x0000000780000000, 0x0000000800000000)
  region size 1024K, 33 young (33792K), 6 survivors (6144K)
 Metaspace       used 34817K, capacity 35343K, committed 35888K, reserved 548864K
  class space    used 4775K, capacity 4949K, committed 4992K, reserved 516096K
}
Event: 3.370 GC heap after
{Heap after GC invocations=8 (full 0):
 garbage-first heap   total 89088K, used 32688K [0x0000000780000000, 0x0000000800000000)
  region size 1024K, 3 young (3072K), 3 survivors (3072K)
 Metaspace       used 34817K, capacity 35343K, committed 35888K, reserved 548864K
  class space    used 4775K, capacity 4949K, committed 4992K, reserved 516096K
}
Event: 3.819 GC heap before
{Heap before GC invocations=9 (full 0):
 garbage-first heap   total 89088K, used 67504K [0x0000000780000000, 0x0000000800000000)
  region size 1024K, 37 young (37888K), 3 survivors (3072K)
 Metaspace       used 37600K, capacity 38235K, committed 38684K, reserved 550912K
  class space    used 5185K, capacity 5456K, committed 5484K, reserved 516096K
}
Event: 3.824 GC heap after
{Heap after GC invocations=10 (full 0):
 garbage-first heap   total 107520K, used 34743K [0x0000000780000000, 0x0000000800000000)
  region size 1024K, 5 young (5120K), 5 survivors (5120K)
 Metaspace       used 37600K, capacity 38235K, committed 38684K, reserved 550912K
  class space    used 5185K, capacity 5456K, committed 5484K, reserved 516096K
}
Event: 4.361 GC heap before
{Heap before GC invocations=10 (full 0):
 garbage-first heap   total 107520K, used 82871K [0x0000000780000000, 0x0000000800000000)
  region size 1024K, 52 young (53248K), 5 survivors (5120K)
 Metaspace       used 42642K, capacity 43315K, committed 43932K, reserved 555008K
  class space    used 5960K, capacity 6250K, committed 6380K, reserved 516096K
}
Event: 4.368 GC heap after
{Heap after GC invocations=11 (full 0):
 garbage-first heap   total 107520K, used 36614K [0x0000000780000000, 0x0000000800000000)
  region size 1024K, 5 young (5120K), 5 survivors (5120K)
 Metaspace       used 42642K, capacity 43315K, committed 43932K, reserved 555008K
  class space    used 5960K, capacity 6250K, committed 6380K, reserved 516096K
}
Event: 4.815 GC heap before
{Heap before GC invocations=11 (full 0):
 garbage-first heap   total 107520K, used 85766K [0x0000000780000000, 0x0000000800000000)
  region size 1024K, 52 young (53248K), 5 survivors (5120K)
 Metaspace       used 48354K, capacity 49154K, committed 49692K, reserved 559104K
  class space    used 6644K, capacity 6904K, committed 7020K, reserved 516096K
}
Event: 4.820 GC heap after
{Heap after GC invocations=12 (full 0):
 garbage-first heap   total 107520K, used 38093K [0x0000000780000000, 0x0000000800000000)
  region size 1024K, 4 young (4096K), 4 survivors (4096K)
 Metaspace       used 48354K, capacity 49154K, committed 49692K, reserved 559104K
  class space    used 6644K, capacity 6904K, committed 7020K, reserved 516096K
}

