# JRE version: Java(TM) SE Runtime Environment (15.0.1+9) (build 15.0.1+9-18)
# Java VM: Java HotSpot(TM) 64-Bit Server VM (15.0.1+9-18, mixed mode, sharing, tiered, compressed oops, g1 gc, bsd-amd64)
GC Precious Log:
 CPUs: 8 total, 8 available
 Memory: 16384M
 Large Page Support: Disabled
 NUMA Support: Disabled
 Compressed Oops: Enabled (Zero based)
 Heap Region Size: 1M
 Heap Min Capacity: 8M
 Heap Initial Capacity: 256M
 Heap Max Capacity: 2G
 Pre-touch: Disabled
 Parallel Workers: 8
 Concurrent Workers: 2
 Concurrent Refinement Workers: 8
 Periodic GC: Disabled
Heap:
 garbage-first heap   total 103424K, used 57848K [0x0000000780000000, 0x0000000800000000)
  region size 1024K, 23 young (23552K), 3 survivors (3072K)
 Metaspace       used 51738K, capacity 52627K, committed 52944K, reserved 563200K
  class space    used 7134K, capacity 7439K, committed 7552K, reserved 516096K
GC Heap History (20 events):
Event: 0.423 GC heap before
{Heap before GC invocations=0 (full 0):
 garbage-first heap   total 264192K, used 27432K [0x0000000780000000, 0x0000000800000000)
  region size 1024K, 23 young (23552K), 0 survivors (0K)
 Metaspace       used 1855K, capacity 5145K, committed 5504K, reserved 524288K
  class space    used 186K, capacity 499K, committed 640K, reserved 516096K
}
Event: 0.428 GC heap after
{Heap after GC invocations=1 (full 0):
 garbage-first heap   total 264192K, used 10858K [0x0000000780000000, 0x0000000800000000)
  region size 1024K, 3 young (3072K), 3 survivors (3072K)
 Metaspace       used 1855K, capacity 5145K, committed 5504K, reserved 524288K
  class space    used 186K, capacity 499K, committed 640K, reserved 516096K
}
Event: 0.833 GC heap before
{Heap before GC invocations=1 (full 0):
 garbage-first heap   total 264192K, used 44650K [0x0000000780000000, 0x0000000800000000)
  region size 1024K, 36 young (36864K), 3 survivors (3072K)
 Metaspace       used 4514K, capacity 6812K, committed 7040K, reserved 524288K
  class space    used 566K, capacity 776K, committed 896K, reserved 516096K
}
Event: 0.836 GC heap after
{Heap after GC invocations=2 (full 0):
 garbage-first heap   total 264192K, used 12679K [0x0000000780000000, 0x0000000800000000)
  region size 1024K, 2 young (2048K), 2 survivors (2048K)
 Metaspace       used 4514K, capacity 6812K, committed 7040K, reserved 524288K
  class space    used 566K, capacity 776K, committed 896K, reserved 516096K
}
Event: 2.938 GC heap before
{Heap before GC invocations=2 (full 0):
 garbage-first heap   total 264192K, used 132487K [0x0000000780000000, 0x0000000800000000)
  region size 1024K, 119 young (121856K), 2 survivors (2048K)
 Metaspace       used 20813K, capacity 21123K, committed 21296K, reserved 534528K
  class space    used 3000K, capacity 3130K, committed 3200K, reserved 516096K
}
Event: 2.947 GC heap after
{Heap after GC invocations=3 (full 0):
 garbage-first heap   total 264192K, used 23027K [0x0000000780000000, 0x0000000800000000)
  region size 1024K, 11 young (11264K), 11 survivors (11264K)
 Metaspace       used 20813K, capacity 21123K, committed 21296K, reserved 534528K
  class space    used 3000K, capacity 3130K, committed 3200K, reserved 516096K
}
Event: 3.455 GC heap before
{Heap before GC invocations=4 (full 0):
 garbage-first heap   total 86016K, used 62963K [0x0000000780000000, 0x0000000800000000)
  region size 1024K, 50 young (51200K), 11 survivors (11264K)
 Metaspace       used 25593K, capacity 25944K, committed 26160K, reserved 538624K
  class space    used 3743K, capacity 3882K, committed 3968K, reserved 516096K
}
Event: 3.464 GC heap after
{Heap after GC invocations=5 (full 0):
 garbage-first heap   total 86016K, used 24671K [0x0000000780000000, 0x0000000800000000)
  region size 1024K, 2 young (2048K), 2 survivors (2048K)
 Metaspace       used 25593K, capacity 25944K, committed 26160K, reserved 538624K
  class space    used 3743K, capacity 3882K, committed 3968K, reserved 516096K
}
Event: 3.934 GC heap before
{Heap before GC invocations=5 (full 0):
 garbage-first heap   total 86016K, used 61535K [0x0000000780000000, 0x0000000800000000)
  region size 1024K, 39 young (39936K), 2 survivors (2048K)
 Metaspace       used 31499K, capacity 32015K, committed 32176K, reserved 544768K
  class space    used 4370K, capacity 4540K, committed 4608K, reserved 516096K
}
Event: 3.939 GC heap after
{Heap after GC invocations=6 (full 0):
 garbage-first heap   total 86016K, used 29240K [0x0000000780000000, 0x0000000800000000)
  region size 1024K, 5 young (5120K), 5 survivors (5120K)
 Metaspace       used 31499K, capacity 32015K, committed 32176K, reserved 544768K
  class space    used 4370K, capacity 4540K, committed 4608K, reserved 516096K
}
Event: 4.289 GC heap before
{Heap before GC invocations=6 (full 0):
 garbage-first heap   total 86016K, used 67128K [0x0000000780000000, 0x0000000800000000)
  region size 1024K, 38 young (38912K), 5 survivors (5120K)
 Metaspace       used 35113K, capacity 35668K, committed 35920K, reserved 548864K
  class space    used 4800K, capacity 4988K, committed 5120K, reserved 516096K
}
Event: 4.296 GC heap after
{Heap after GC invocations=7 (full 0):
 garbage-first heap   total 86016K, used 32712K [0x0000000780000000, 0x0000000800000000)
  region size 1024K, 4 young (4096K), 4 survivors (4096K)
 Metaspace       used 35113K, capacity 35668K, committed 35920K, reserved 548864K
  class space    used 4800K, capacity 4988K, committed 5120K, reserved 516096K
}
Event: 4.302 GC heap before
{Heap before GC invocations=7 (full 0):
 garbage-first heap   total 86016K, used 32712K [0x0000000780000000, 0x0000000800000000)
  region size 1024K, 5 young (5120K), 4 survivors (4096K)
 Metaspace       used 35195K, capacity 35732K, committed 35920K, reserved 548864K
  class space    used 4813K, capacity 4988K, committed 5120K, reserved 516096K
}
Event: 4.306 GC heap after
{Heap after GC invocations=8 (full 0):
 garbage-first heap   total 103424K, used 33303K [0x0000000780000000, 0x0000000800000000)
  region size 1024K, 1 young (1024K), 1 survivors (1024K)
 Metaspace       used 35195K, capacity 35732K, committed 35920K, reserved 548864K
  class space    used 4813K, capacity 4988K, committed 5120K, reserved 516096K
}
Event: 4.941 GC heap before
{Heap before GC invocations=9 (full 0):
 garbage-first heap   total 103424K, used 79383K [0x0000000780000000, 0x0000000800000000)
  region size 1024K, 46 young (47104K), 1 survivors (1024K)
 Metaspace       used 39053K, capacity 39765K, committed 39888K, reserved 550912K
  class space    used 5398K, capacity 5662K, committed 5760K, reserved 516096K
}
Event: 4.945 GC heap after
{Heap after GC invocations=10 (full 0):
 garbage-first heap   total 103424K, used 35464K [0x0000000780000000, 0x0000000800000000)
  region size 1024K, 3 young (3072K), 3 survivors (3072K)
 Metaspace       used 39053K, capacity 39765K, committed 39888K, reserved 550912K
  class space    used 5398K, capacity 5662K, committed 5760K, reserved 516096K
}
Event: 5.426 GC heap before
{Heap before GC invocations=10 (full 0):
 garbage-first heap   total 103424K, used 79496K [0x0000000780000000, 0x0000000800000000)
  region size 1024K, 46 young (47104K), 3 survivors (3072K)
 Metaspace       used 43440K, capacity 44278K, committed 44496K, reserved 555008K
  class space    used 6095K, capacity 6389K, committed 6528K, reserved 516096K
}
Event: 5.430 GC heap after
{Heap after GC invocations=11 (full 0):
 garbage-first heap   total 103424K, used 36952K [0x0000000780000000, 0x0000000800000000)
  region size 1024K, 5 young (5120K), 5 survivors (5120K)
 Metaspace       used 43440K, capacity 44278K, committed 44496K, reserved 555008K
  class space    used 6095K, capacity 6389K, committed 6528K, reserved 516096K
}
Event: 5.953 GC heap before
{Heap before GC invocations=11 (full 0):
 garbage-first heap   total 103424K, used 83032K [0x0000000780000000, 0x0000000800000000)
  region size 1024K, 48 young (49152K), 5 survivors (5120K)
 Metaspace       used 49071K, capacity 49842K, committed 50128K, reserved 561152K
  class space    used 6735K, capacity 7000K, committed 7040K, reserved 516096K
}
Event: 5.958 GC heap after
{Heap after GC invocations=12 (full 0):
 garbage-first heap   total 103424K, used 38392K [0x0000000780000000, 0x0000000800000000)
  region size 1024K, 3 young (3072K), 3 survivors (3072K)
 Metaspace       used 49071K, capacity 49842K, committed 50128K, reserved 561152K
  class space    used 6735K, capacity 7000K, committed 7040K, reserved 516096K
}

