# JRE version: Java(TM) SE Runtime Environment (15.0.1+9) (build 15.0.1+9-18)
# Java VM: Java HotSpot(TM) 64-Bit Server VM (15.0.1+9-18, mixed mode, sharing, tiered, compressed oops, g1 gc, bsd-amd64)
GC Precious Log:
 CPUs: 8 total, 8 available
 Memory: 16384M
 Large Page Support: Disabled
 NUMA Support: Disabled
 Compressed Oops: Enabled (Zero based)
 Heap Region Size: 1M
 Heap Min Capacity: 8M
 Heap Initial Capacity: 256M
 Heap Max Capacity: 2G
 Pre-touch: Disabled
 Parallel Workers: 8
 Concurrent Workers: 2
 Concurrent Refinement Workers: 8
 Periodic GC: Disabled
Heap:
 garbage-first heap   total 128000K, used 100410K [0x0000000780000000, 0x0000000800000000)
  region size 1024K, 69 young (70656K), 7 survivors (7168K)
 Metaspace       used 51906K, capacity 52736K, committed 52944K, reserved 563200K
  class space    used 7200K, capacity 7458K, committed 7552K, reserved 516096K
GC Heap History (18 events):
Event: 0.358 GC heap before
{Heap before GC invocations=0 (full 0):
 garbage-first heap   total 264192K, used 27432K [0x0000000780000000, 0x0000000800000000)
  region size 1024K, 23 young (23552K), 0 survivors (0K)
 Metaspace       used 1953K, capacity 5209K, committed 5504K, reserved 524288K
  class space    used 195K, capacity 499K, committed 640K, reserved 516096K
}
Event: 0.362 GC heap after
{Heap after GC invocations=1 (full 0):
 garbage-first heap   total 264192K, used 11294K [0x0000000780000000, 0x0000000800000000)
  region size 1024K, 3 young (3072K), 3 survivors (3072K)
 Metaspace       used 1953K, capacity 5209K, committed 5504K, reserved 524288K
  class space    used 195K, capacity 499K, committed 640K, reserved 516096K
}
Event: 0.980 GC heap before
{Heap before GC invocations=1 (full 0):
 garbage-first heap   total 264192K, used 46110K [0x0000000780000000, 0x0000000800000000)
  region size 1024K, 37 young (37888K), 3 survivors (3072K)
 Metaspace       used 4516K, capacity 6812K, committed 7040K, reserved 524288K
  class space    used 566K, capacity 776K, committed 896K, reserved 516096K
}
Event: 1.026 GC heap after
{Heap after GC invocations=2 (full 0):
 garbage-first heap   total 264192K, used 12782K [0x0000000780000000, 0x0000000800000000)
  region size 1024K, 2 young (2048K), 2 survivors (2048K)
 Metaspace       used 4516K, capacity 6812K, committed 7040K, reserved 524288K
  class space    used 566K, capacity 776K, committed 896K, reserved 516096K
}
Event: 2.399 GC heap before
{Heap before GC invocations=2 (full 0):
 garbage-first heap   total 264192K, used 93678K [0x0000000780000000, 0x0000000800000000)
  region size 1024K, 80 young (81920K), 2 survivors (2048K)
 Metaspace       used 15936K, capacity 16314K, committed 16512K, reserved 530432K
  class space    used 2223K, capacity 2347K, committed 2432K, reserved 516096K
}
Event: 2.411 GC heap after
{Heap after GC invocations=3 (full 0):
 garbage-first heap   total 264192K, used 20926K [0x0000000780000000, 0x0000000800000000)
  region size 1024K, 9 young (9216K), 9 survivors (9216K)
 Metaspace       used 15936K, capacity 16314K, committed 16512K, reserved 530432K
  class space    used 2223K, capacity 2347K, committed 2432K, reserved 516096K
}
Event: 2.974 GC heap before
{Heap before GC invocations=3 (full 0):
 garbage-first heap   total 264192K, used 59838K [0x0000000780000000, 0x0000000800000000)
  region size 1024K, 48 young (49152K), 9 survivors (9216K)
 Metaspace       used 20808K, capacity 21171K, committed 21296K, reserved 534528K
  class space    used 3001K, capacity 3130K, committed 3200K, reserved 516096K
}
Event: 2.980 GC heap after
{Heap after GC invocations=4 (full 0):
 garbage-first heap   total 264192K, used 23330K [0x0000000780000000, 0x0000000800000000)
  region size 1024K, 11 young (11264K), 11 survivors (11264K)
 Metaspace       used 20808K, capacity 21171K, committed 21296K, reserved 534528K
  class space    used 3001K, capacity 3130K, committed 3200K, reserved 516096K
}
Event: 3.496 GC heap before
{Heap before GC invocations=5 (full 0):
 garbage-first heap   total 86016K, used 63266K [0x0000000780000000, 0x0000000800000000)
  region size 1024K, 50 young (51200K), 11 survivors (11264K)
 Metaspace       used 25594K, capacity 25928K, committed 26160K, reserved 538624K
  class space    used 3739K, capacity 3882K, committed 3968K, reserved 516096K
}
Event: 3.511 GC heap after
{Heap after GC invocations=6 (full 0):
 garbage-first heap   total 86016K, used 25058K [0x0000000780000000, 0x0000000800000000)
  region size 1024K, 5 young (5120K), 5 survivors (5120K)
 Metaspace       used 25594K, capacity 25928K, committed 26160K, reserved 538624K
  class space    used 3739K, capacity 3882K, committed 3968K, reserved 516096K
}
Event: 3.984 GC heap before
{Heap before GC invocations=6 (full 0):
 garbage-first heap   total 86016K, used 62946K [0x0000000780000000, 0x0000000800000000)
  region size 1024K, 43 young (44032K), 5 survivors (5120K)
 Metaspace       used 31513K, capacity 32095K, committed 32176K, reserved 544768K
  class space    used 4374K, capacity 4572K, committed 4608K, reserved 516096K
}
Event: 3.990 GC heap after
{Heap after GC invocations=7 (full 0):
 garbage-first heap   total 86016K, used 29947K [0x0000000780000000, 0x0000000800000000)
  region size 1024K, 6 young (6144K), 6 survivors (6144K)
 Metaspace       used 31513K, capacity 32095K, committed 32176K, reserved 544768K
  class space    used 4374K, capacity 4572K, committed 4608K, reserved 516096K
}
Event: 4.316 GC heap before
{Heap before GC invocations=7 (full 0):
 garbage-first heap   total 86016K, used 67835K [0x0000000780000000, 0x0000000800000000)
  region size 1024K, 40 young (40960K), 6 survivors (6144K)
 Metaspace       used 35127K, capacity 35713K, committed 35920K, reserved 548864K
  class space    used 4804K, capacity 4987K, committed 5120K, reserved 516096K
}
Event: 4.322 GC heap after
{Heap after GC invocations=8 (full 0):
 garbage-first heap   total 86016K, used 31891K [0x0000000780000000, 0x0000000800000000)
  region size 1024K, 3 young (3072K), 3 survivors (3072K)
 Metaspace       used 35127K, capacity 35713K, committed 35920K, reserved 548864K
  class space    used 4804K, capacity 4987K, committed 5120K, reserved 516096K
}
Event: 4.972 GC heap before
{Heap before GC invocations=9 (full 0):
 garbage-first heap   total 86016K, used 65683K [0x0000000780000000, 0x0000000800000000)
  region size 1024K, 36 young (36864K), 3 survivors (3072K)
 Metaspace       used 37687K, capacity 38363K, committed 38608K, reserved 550912K
  class space    used 5196K, capacity 5456K, committed 5504K, reserved 516096K
}
Event: 4.988 GC heap after
{Heap after GC invocations=10 (full 0):
 garbage-first heap   total 128000K, used 33702K [0x0000000780000000, 0x0000000800000000)
  region size 1024K, 5 young (5120K), 5 survivors (5120K)
 Metaspace       used 37687K, capacity 38363K, committed 38608K, reserved 550912K
  class space    used 5196K, capacity 5456K, committed 5504K, reserved 516096K
}
Event: 5.798 GC heap before
{Heap before GC invocations=10 (full 0):
 garbage-first heap   total 128000K, used 98214K [0x0000000780000000, 0x0000000800000000)
  region size 1024K, 68 young (69632K), 5 survivors (5120K)
 Metaspace       used 44121K, capacity 44924K, committed 45008K, reserved 555008K
  class space    used 6186K, capacity 6454K, committed 6528K, reserved 516096K
}
Event: 5.803 GC heap after
{Heap after GC invocations=11 (full 0):
 garbage-first heap   total 128000K, used 35898K [0x0000000780000000, 0x0000000800000000)
  region size 1024K, 7 young (7168K), 7 survivors (7168K)
 Metaspace       used 44121K, capacity 44924K, committed 45008K, reserved 555008K
  class space    used 6186K, capacity 6454K, committed 6528K, reserved 516096K
}

