# JRE version: Java(TM) SE Runtime Environment (15.0.1+9) (build 15.0.1+9-18)
# Java VM: Java HotSpot(TM) 64-Bit Server VM (15.0.1+9-18, mixed mode, sharing, tiered, compressed oops, g1 gc, bsd-amd64)
GC Precious Log:
 CPUs: 8 total, 8 available
 Memory: 16384M
 Large Page Support: Disabled
 NUMA Support: Disabled
 Compressed Oops: Enabled (Zero based)
 Heap Region Size: 1M
 Heap Min Capacity: 8M
 Heap Initial Capacity: 256M
 Heap Max Capacity: 2G
 Pre-touch: Disabled
 Parallel Workers: 8
 Concurrent Workers: 2
 Concurrent Refinement Workers: 8
 Periodic GC: Disabled
Heap:
 garbage-first heap   total 103424K, used 52635K [0x0000000780000000, 0x0000000800000000)
  region size 1024K, 17 young (17408K), 6 survivors (6144K)
 Metaspace       used 58769K, capacity 59610K, committed 60420K, reserved 569344K
  class space    used 7966K, capacity 8272K, committed 8300K, reserved 516096K
GC Heap History (20 events):
Event: 0.754 GC heap before
{Heap before GC invocations=1 (full 0):
 garbage-first heap   total 264192K, used 45658K [0x0000000780000000, 0x0000000800000000)
  region size 1024K, 37 young (37888K), 3 survivors (3072K)
 Metaspace       used 4516K, capacity 6812K, committed 7040K, reserved 524288K
  class space    used 566K, capacity 776K, committed 896K, reserved 516096K
}
Event: 0.757 GC heap after
{Heap after GC invocations=2 (full 0):
 garbage-first heap   total 264192K, used 12828K [0x0000000780000000, 0x0000000800000000)
  region size 1024K, 2 young (2048K), 2 survivors (2048K)
 Metaspace       used 4516K, capacity 6812K, committed 7040K, reserved 524288K
  class space    used 566K, capacity 776K, committed 896K, reserved 516096K
}
Event: 2.229 GC heap before
{Heap before GC invocations=2 (full 0):
 garbage-first heap   total 264192K, used 130588K [0x0000000780000000, 0x0000000800000000)
  region size 1024K, 117 young (119808K), 2 survivors (2048K)
 Metaspace       used 20630K, capacity 20995K, committed 21296K, reserved 534528K
  class space    used 2969K, capacity 3130K, committed 3200K, reserved 516096K
}
Event: 2.239 GC heap after
{Heap after GC invocations=3 (full 0):
 garbage-first heap   total 264192K, used 23115K [0x0000000780000000, 0x0000000800000000)
  region size 1024K, 11 young (11264K), 11 survivors (11264K)
 Metaspace       used 20630K, capacity 20995K, committed 21296K, reserved 534528K
  class space    used 2969K, capacity 3130K, committed 3200K, reserved 516096K
}
Event: 2.805 GC heap before
{Heap before GC invocations=4 (full 0):
 garbage-first heap   total 86016K, used 63051K [0x0000000780000000, 0x0000000800000000)
  region size 1024K, 50 young (51200K), 11 survivors (11264K)
 Metaspace       used 25390K, capacity 25816K, committed 26416K, reserved 538624K
  class space    used 3708K, capacity 3882K, committed 3968K, reserved 516096K
}
Event: 2.814 GC heap after
{Heap after GC invocations=5 (full 0):
 garbage-first heap   total 86016K, used 24784K [0x0000000780000000, 0x0000000800000000)
  region size 1024K, 3 young (3072K), 3 survivors (3072K)
 Metaspace       used 25390K, capacity 25816K, committed 26416K, reserved 538624K
  class space    used 3708K, capacity 3882K, committed 3968K, reserved 516096K
}
Event: 3.175 GC heap before
{Heap before GC invocations=5 (full 0):
 garbage-first heap   total 86016K, used 60624K [0x0000000780000000, 0x0000000800000000)
  region size 1024K, 39 young (39936K), 3 survivors (3072K)
 Metaspace       used 31506K, capacity 32015K, committed 32688K, reserved 544768K
  class space    used 4373K, capacity 4540K, committed 4608K, reserved 516096K
}
Event: 3.180 GC heap after
{Heap after GC invocations=6 (full 0):
 garbage-first heap   total 86016K, used 28244K [0x0000000780000000, 0x0000000800000000)
  region size 1024K, 5 young (5120K), 5 survivors (5120K)
 Metaspace       used 31506K, capacity 32015K, committed 32688K, reserved 544768K
  class space    used 4373K, capacity 4540K, committed 4608K, reserved 516096K
}
Event: 3.476 GC heap before
{Heap before GC invocations=6 (full 0):
 garbage-first heap   total 86016K, used 67156K [0x0000000780000000, 0x0000000800000000)
  region size 1024K, 39 young (39936K), 5 survivors (5120K)
 Metaspace       used 34742K, capacity 35295K, committed 35888K, reserved 548864K
  class space    used 4767K, capacity 4949K, committed 4992K, reserved 516096K
}
Event: 3.482 GC heap after
{Heap after GC invocations=7 (full 0):
 garbage-first heap   total 86016K, used 30511K [0x0000000780000000, 0x0000000800000000)
  region size 1024K, 3 young (3072K), 3 survivors (3072K)
 Metaspace       used 34742K, capacity 35295K, committed 35888K, reserved 548864K
  class space    used 4767K, capacity 4949K, committed 4992K, reserved 516096K
}
Event: 3.490 GC heap before
{Heap before GC invocations=7 (full 0):
 garbage-first heap   total 86016K, used 30511K [0x0000000780000000, 0x0000000800000000)
  region size 1024K, 4 young (4096K), 3 survivors (3072K)
 Metaspace       used 34764K, capacity 35295K, committed 35888K, reserved 548864K
  class space    used 4771K, capacity 4949K, committed 4992K, reserved 516096K
}
Event: 3.492 GC heap after
{Heap after GC invocations=8 (full 0):
 garbage-first heap   total 103424K, used 30699K [0x0000000780000000, 0x0000000800000000)
  region size 1024K, 3 young (3072K), 3 survivors (3072K)
 Metaspace       used 34764K, capacity 35295K, committed 35888K, reserved 548864K
  class space    used 4771K, capacity 4949K, committed 4992K, reserved 516096K
}
Event: 4.064 GC heap before
{Heap before GC invocations=9 (full 0):
 garbage-first heap   total 103424K, used 75755K [0x0000000780000000, 0x0000000800000000)
  region size 1024K, 47 young (48128K), 3 survivors (3072K)
 Metaspace       used 38654K, capacity 39255K, committed 39836K, reserved 550912K
  class space    used 5344K, capacity 5556K, committed 5612K, reserved 516096K
}
Event: 4.069 GC heap after
{Heap after GC invocations=10 (full 0):
 garbage-first heap   total 103424K, used 33172K [0x0000000780000000, 0x0000000800000000)
  region size 1024K, 6 young (6144K), 6 survivors (6144K)
 Metaspace       used 38654K, capacity 39255K, committed 39836K, reserved 550912K
  class space    used 5344K, capacity 5556K, committed 5612K, reserved 516096K
}
Event: 4.515 GC heap before
{Heap before GC invocations=10 (full 0):
 garbage-first heap   total 103424K, used 77204K [0x0000000780000000, 0x0000000800000000)
  region size 1024K, 49 young (50176K), 6 survivors (6144K)
 Metaspace       used 43058K, capacity 43763K, committed 44444K, reserved 555008K
  class space    used 6033K, capacity 6286K, committed 6380K, reserved 516096K
}
Event: 4.520 GC heap after
{Heap after GC invocations=11 (full 0):
 garbage-first heap   total 103424K, used 34692K [0x0000000780000000, 0x0000000800000000)
  region size 1024K, 5 young (5120K), 5 survivors (5120K)
 Metaspace       used 43058K, capacity 43763K, committed 44444K, reserved 555008K
  class space    used 6033K, capacity 6286K, committed 6380K, reserved 516096K
}
Event: 4.913 GC heap before
{Heap before GC invocations=11 (full 0):
 garbage-first heap   total 103424K, used 80772K [0x0000000780000000, 0x0000000800000000)
  region size 1024K, 49 young (50176K), 5 survivors (5120K)
 Metaspace       used 48306K, capacity 49100K, committed 49692K, reserved 559104K
  class space    used 6639K, capacity 6902K, committed 7020K, reserved 516096K
}
Event: 4.918 GC heap after
{Heap after GC invocations=12 (full 0):
 garbage-first heap   total 103424K, used 36211K [0x0000000780000000, 0x0000000800000000)
  region size 1024K, 3 young (3072K), 3 survivors (3072K)
 Metaspace       used 48306K, capacity 49100K, committed 49692K, reserved 559104K
  class space    used 6639K, capacity 6902K, committed 7020K, reserved 516096K
}
Event: 5.503 GC heap before
{Heap before GC invocations=12 (full 0):
 garbage-first heap   total 103424K, used 81267K [0x0000000780000000, 0x0000000800000000)
  region size 1024K, 47 young (48128K), 3 survivors (3072K)
 Metaspace       used 57682K, capacity 58615K, committed 59420K, reserved 567296K
  class space    used 7843K, capacity 8175K, committed 8300K, reserved 516096K
}
Event: 5.511 GC heap after
{Heap after GC invocations=13 (full 0):
 garbage-first heap   total 103424K, used 42395K [0x0000000780000000, 0x0000000800000000)
  region size 1024K, 6 young (6144K), 6 survivors (6144K)
 Metaspace       used 57682K, capacity 58615K, committed 59420K, reserved 567296K
  class space    used 7843K, capacity 8175K, committed 8300K, reserved 516096K
}

