# JRE version: Java(TM) SE Runtime Environment (15.0.1+9) (build 15.0.1+9-18)
# Java VM: Java HotSpot(TM) 64-Bit Server VM (15.0.1+9-18, mixed mode, sharing, tiered, compressed oops, g1 gc, bsd-amd64)
GC Precious Log:
 CPUs: 8 total, 8 available
 Memory: 16384M
 Large Page Support: Disabled
 NUMA Support: Disabled
 Compressed Oops: Enabled (Zero based)
 Heap Region Size: 1M
 Heap Min Capacity: 8M
 Heap Initial Capacity: 256M
 Heap Max Capacity: 2G
 Pre-touch: Disabled
 Parallel Workers: 8
 Concurrent Workers: 2
 Concurrent Refinement Workers: 8
 Periodic GC: Disabled
Heap:
 garbage-first heap   total 86016K, used 59769K [0x0000000780000000, 0x0000000800000000)
  region size 1024K, 28 young (28672K), 4 survivors (4096K)
 Metaspace       used 51892K, capacity 52744K, committed 52944K, reserved 563200K
  class space    used 7197K, capacity 7458K, committed 7552K, reserved 516096K
GC Heap History (20 events):
Event: 0.921 GC heap before
{Heap before GC invocations=1 (full 0):
 garbage-first heap   total 264192K, used 44892K [0x0000000780000000, 0x0000000800000000)
  region size 1024K, 36 young (36864K), 3 survivors (3072K)
 Metaspace       used 4516K, capacity 6812K, committed 7040K, reserved 524288K
  class space    used 566K, capacity 776K, committed 896K, reserved 516096K
}
Event: 0.925 GC heap after
{Heap after GC invocations=2 (full 0):
 garbage-first heap   total 264192K, used 12718K [0x0000000780000000, 0x0000000800000000)
  region size 1024K, 2 young (2048K), 2 survivors (2048K)
 Metaspace       used 4516K, capacity 6812K, committed 7040K, reserved 524288K
  class space    used 566K, capacity 776K, committed 896K, reserved 516096K
}
Event: 2.807 GC heap before
{Heap before GC invocations=2 (full 0):
 garbage-first heap   total 264192K, used 132526K [0x0000000780000000, 0x0000000800000000)
  region size 1024K, 119 young (121856K), 2 survivors (2048K)
 Metaspace       used 20741K, capacity 21115K, committed 21296K, reserved 534528K
  class space    used 2991K, capacity 3130K, committed 3200K, reserved 516096K
}
Event: 2.815 GC heap after
{Heap after GC invocations=3 (full 0):
 garbage-first heap   total 264192K, used 22880K [0x0000000780000000, 0x0000000800000000)
  region size 1024K, 11 young (11264K), 11 survivors (11264K)
 Metaspace       used 20741K, capacity 21115K, committed 21296K, reserved 534528K
  class space    used 2991K, capacity 3130K, committed 3200K, reserved 516096K
}
Event: 3.316 GC heap before
{Heap before GC invocations=4 (full 0):
 garbage-first heap   total 86016K, used 62816K [0x0000000780000000, 0x0000000800000000)
  region size 1024K, 50 young (51200K), 11 survivors (11264K)
 Metaspace       used 25516K, capacity 25936K, committed 26160K, reserved 538624K
  class space    used 3723K, capacity 3882K, committed 3968K, reserved 516096K
}
Event: 3.325 GC heap after
{Heap after GC invocations=5 (full 0):
 garbage-first heap   total 86016K, used 24830K [0x0000000780000000, 0x0000000800000000)
  region size 1024K, 3 young (3072K), 3 survivors (3072K)
 Metaspace       used 25516K, capacity 25936K, committed 26160K, reserved 538624K
  class space    used 3723K, capacity 3882K, committed 3968K, reserved 516096K
}
Event: 3.811 GC heap before
{Heap before GC invocations=5 (full 0):
 garbage-first heap   total 86016K, used 60670K [0x0000000780000000, 0x0000000800000000)
  region size 1024K, 39 young (39936K), 3 survivors (3072K)
 Metaspace       used 31507K, capacity 32007K, committed 32176K, reserved 544768K
  class space    used 4370K, capacity 4540K, committed 4608K, reserved 516096K
}
Event: 3.815 GC heap after
{Heap after GC invocations=6 (full 0):
 garbage-first heap   total 86016K, used 28354K [0x0000000780000000, 0x0000000800000000)
  region size 1024K, 5 young (5120K), 5 survivors (5120K)
 Metaspace       used 31507K, capacity 32007K, committed 32176K, reserved 544768K
  class space    used 4370K, capacity 4540K, committed 4608K, reserved 516096K
}
Event: 4.132 GC heap before
{Heap before GC invocations=6 (full 0):
 garbage-first heap   total 86016K, used 68290K [0x0000000780000000, 0x0000000800000000)
  region size 1024K, 39 young (39936K), 5 survivors (5120K)
 Metaspace       used 34860K, capacity 35447K, committed 35760K, reserved 546816K
  class space    used 4778K, capacity 4981K, committed 5120K, reserved 516096K
}
Event: 4.137 GC heap after
{Heap after GC invocations=7 (full 0):
 garbage-first heap   total 86016K, used 30795K [0x0000000780000000, 0x0000000800000000)
  region size 1024K, 3 young (3072K), 3 survivors (3072K)
 Metaspace       used 34860K, capacity 35447K, committed 35760K, reserved 546816K
  class space    used 4778K, capacity 4981K, committed 5120K, reserved 516096K
}
Event: 4.163 GC heap before
{Heap before GC invocations=7 (full 0):
 garbage-first heap   total 86016K, used 31819K [0x0000000780000000, 0x0000000800000000)
  region size 1024K, 5 young (5120K), 3 survivors (3072K)
 Metaspace       used 35200K, capacity 35756K, committed 35920K, reserved 548864K
  class space    used 4815K, capacity 5020K, committed 5120K, reserved 516096K
}
Event: 4.166 GC heap after
{Heap after GC invocations=8 (full 0):
 garbage-first heap   total 86016K, used 30853K [0x0000000780000000, 0x0000000800000000)
  region size 1024K, 3 young (3072K), 3 survivors (3072K)
 Metaspace       used 35200K, capacity 35756K, committed 35920K, reserved 548864K
  class space    used 4815K, capacity 5020K, committed 5120K, reserved 516096K
}
Event: 4.658 GC heap before
{Heap before GC invocations=9 (full 0):
 garbage-first heap   total 86016K, used 65669K [0x0000000780000000, 0x0000000800000000)
  region size 1024K, 37 young (37888K), 3 survivors (3072K)
 Metaspace       used 37870K, capacity 38569K, committed 38864K, reserved 550912K
  class space    used 5213K, capacity 5458K, committed 5504K, reserved 516096K
}
Event: 4.663 GC heap after
{Heap after GC invocations=10 (full 0):
 garbage-first heap   total 86016K, used 33225K [0x0000000780000000, 0x0000000800000000)
  region size 1024K, 3 young (3072K), 3 survivors (3072K)
 Metaspace       used 37870K, capacity 38569K, committed 38864K, reserved 550912K
  class space    used 5213K, capacity 5458K, committed 5504K, reserved 516096K
}
Event: 5.021 GC heap before
{Heap before GC invocations=10 (full 0):
 garbage-first heap   total 86016K, used 65993K [0x0000000780000000, 0x0000000800000000)
  region size 1024K, 35 young (35840K), 3 survivors (3072K)
 Metaspace       used 41277K, capacity 41986K, committed 42320K, reserved 552960K
  class space    used 5742K, capacity 6018K, committed 6144K, reserved 516096K
}
Event: 5.025 GC heap after
{Heap after GC invocations=11 (full 0):
 garbage-first heap   total 86016K, used 34171K [0x0000000780000000, 0x0000000800000000)
  region size 1024K, 4 young (4096K), 4 survivors (4096K)
 Metaspace       used 41277K, capacity 41986K, committed 42320K, reserved 552960K
  class space    used 5742K, capacity 6018K, committed 6144K, reserved 516096K
}
Event: 5.399 GC heap before
{Heap before GC invocations=11 (full 0):
 garbage-first heap   total 86016K, used 68987K [0x0000000780000000, 0x0000000800000000)
  region size 1024K, 36 young (36864K), 4 survivors (4096K)
 Metaspace       used 45214K, capacity 46020K, committed 46160K, reserved 557056K
  class space    used 6232K, capacity 6518K, committed 6656K, reserved 516096K
}
Event: 5.404 GC heap after
{Heap after GC invocations=12 (full 0):
 garbage-first heap   total 86016K, used 35394K [0x0000000780000000, 0x0000000800000000)
  region size 1024K, 3 young (3072K), 3 survivors (3072K)
 Metaspace       used 45214K, capacity 46020K, committed 46160K, reserved 557056K
  class space    used 6232K, capacity 6518K, committed 6656K, reserved 516096K
}
Event: 5.781 GC heap before
{Heap before GC invocations=12 (full 0):
 garbage-first heap   total 86016K, used 68162K [0x0000000780000000, 0x0000000800000000)
  region size 1024K, 35 young (35840K), 3 survivors (3072K)
 Metaspace       used 49001K, capacity 49834K, committed 50128K, reserved 561152K
  class space    used 6728K, capacity 7000K, committed 7040K, reserved 516096K
}
Event: 5.784 GC heap after
{Heap after GC invocations=13 (full 0):
 garbage-first heap   total 86016K, used 36217K [0x0000000780000000, 0x0000000800000000)
  region size 1024K, 4 young (4096K), 4 survivors (4096K)
 Metaspace       used 49001K, capacity 49834K, committed 50128K, reserved 561152K
  class space    used 6728K, capacity 7000K, committed 7040K, reserved 516096K
}

