# JRE version: Java(TM) SE Runtime Environment (15.0.1+9) (build 15.0.1+9-18)
# Java VM: Java HotSpot(TM) 64-Bit Server VM (15.0.1+9-18, mixed mode, sharing, tiered, compressed oops, g1 gc, bsd-amd64)
GC Precious Log:
 CPUs: 8 total, 8 available
 Memory: 16384M
 Large Page Support: Disabled
 NUMA Support: Disabled
 Compressed Oops: Enabled (Zero based)
 Heap Region Size: 1M
 Heap Min Capacity: 8M
 Heap Initial Capacity: 256M
 Heap Max Capacity: 2G
 Pre-touch: Disabled
 Parallel Workers: 8
 Concurrent Workers: 2
 Concurrent Refinement Workers: 8
 Periodic GC: Disabled
Heap:
 garbage-first heap   total 223232K, used 91900K [0x0000000780000000, 0x0000000800000000)
  region size 1024K, 9 young (9216K), 8 survivors (8192K)
 Metaspace       used 135314K, capacity 136473K, committed 139440K, reserved 638976K
  class space    used 16876K, capacity 17280K, committed 17408K, reserved 516096K
GC Heap History (20 events):
Event: 33.699 GC heap before
{Heap before GC invocations=77 (full 0):
 garbage-first heap   total 223232K, used 182016K [0x0000000780000000, 0x0000000800000000)
  region size 1024K, 107 young (109568K), 11 survivors (11264K)
 Metaspace       used 123159K, capacity 124258K, committed 126896K, reserved 628736K
  class space    used 15439K, capacity 15811K, committed 15872K, reserved 516096K
}
Event: 33.706 GC heap after
{Heap after GC invocations=78 (full 0):
 garbage-first heap   total 223232K, used 85633K [0x0000000780000000, 0x0000000800000000)
  region size 1024K, 9 young (9216K), 9 survivors (9216K)
 Metaspace       used 123159K, capacity 124258K, committed 126896K, reserved 628736K
  class space    used 15439K, capacity 15811K, committed 15872K, reserved 516096K
}
Event: 33.871 GC heap before
{Heap before GC invocations=78 (full 0):
 garbage-first heap   total 223232K, used 184961K [0x0000000780000000, 0x0000000800000000)
  region size 1024K, 106 young (108544K), 9 survivors (9216K)
 Metaspace       used 123176K, capacity 124258K, committed 126896K, reserved 628736K
  class space    used 15441K, capacity 15811K, committed 15872K, reserved 516096K
}
Event: 33.878 GC heap after
{Heap after GC invocations=79 (full 0):
 garbage-first heap   total 223232K, used 86577K [0x0000000780000000, 0x0000000800000000)
  region size 1024K, 4 young (4096K), 4 survivors (4096K)
 Metaspace       used 123176K, capacity 124258K, committed 126896K, reserved 628736K
  class space    used 15441K, capacity 15811K, committed 15872K, reserved 516096K
}
Event: 34.056 GC heap before
{Heap before GC invocations=79 (full 0):
 garbage-first heap   total 223232K, used 186929K [0x0000000780000000, 0x0000000800000000)
  region size 1024K, 102 young (104448K), 4 survivors (4096K)
 Metaspace       used 123177K, capacity 124258K, committed 126896K, reserved 628736K
  class space    used 15441K, capacity 15811K, committed 15872K, reserved 516096K
}
Event: 34.060 GC heap after
{Heap after GC invocations=80 (full 0):
 garbage-first heap   total 223232K, used 87637K [0x0000000780000000, 0x0000000800000000)
  region size 1024K, 5 young (5120K), 5 survivors (5120K)
 Metaspace       used 123177K, capacity 124258K, committed 126896K, reserved 628736K
  class space    used 15441K, capacity 15811K, committed 15872K, reserved 516096K
}
Event: 34.223 GC heap before
{Heap before GC invocations=80 (full 0):
 garbage-first heap   total 223232K, used 187989K [0x0000000780000000, 0x0000000800000000)
  region size 1024K, 103 young (105472K), 5 survivors (5120K)
 Metaspace       used 123177K, capacity 124258K, committed 126896K, reserved 628736K
  class space    used 15441K, capacity 15811K, committed 15872K, reserved 516096K
}
Event: 34.226 GC heap after
{Heap after GC invocations=81 (full 0):
 garbage-first heap   total 223232K, used 88762K [0x0000000780000000, 0x0000000800000000)
  region size 1024K, 6 young (6144K), 6 survivors (6144K)
 Metaspace       used 123177K, capacity 124258K, committed 126896K, reserved 628736K
  class space    used 15441K, capacity 15811K, committed 15872K, reserved 516096K
}
Event: 34.376 GC heap before
{Heap before GC invocations=81 (full 0):
 garbage-first heap   total 223232K, used 190138K [0x0000000780000000, 0x0000000800000000)
  region size 1024K, 105 young (107520K), 6 survivors (6144K)
 Metaspace       used 123178K, capacity 124258K, committed 126896K, reserved 628736K
  class space    used 15442K, capacity 15811K, committed 15872K, reserved 516096K
}
Event: 34.380 GC heap after
{Heap after GC invocations=82 (full 0):
 garbage-first heap   total 223232K, used 90480K [0x0000000780000000, 0x0000000800000000)
  region size 1024K, 8 young (8192K), 8 survivors (8192K)
 Metaspace       used 123178K, capacity 124258K, committed 126896K, reserved 628736K
  class space    used 15442K, capacity 15811K, committed 15872K, reserved 516096K
}
Event: 34.538 GC heap before
{Heap before GC invocations=82 (full 0):
 garbage-first heap   total 223232K, used 189808K [0x0000000780000000, 0x0000000800000000)
  region size 1024K, 105 young (107520K), 8 survivors (8192K)
 Metaspace       used 123178K, capacity 124258K, committed 126896K, reserved 628736K
  class space    used 15442K, capacity 15811K, committed 15872K, reserved 516096K
}
Event: 34.542 GC heap after
{Heap after GC invocations=83 (full 0):
 garbage-first heap   total 223232K, used 91918K [0x0000000780000000, 0x0000000800000000)
  region size 1024K, 9 young (9216K), 9 survivors (9216K)
 Metaspace       used 123178K, capacity 124258K, committed 126896K, reserved 628736K
  class space    used 15442K, capacity 15811K, committed 15872K, reserved 516096K
}
Event: 34.800 GC heap before
{Heap before GC invocations=83 (full 0):
 garbage-first heap   total 223232K, used 189198K [0x0000000780000000, 0x0000000800000000)
  region size 1024K, 104 young (106496K), 9 survivors (9216K)
 Metaspace       used 123182K, capacity 124258K, committed 126896K, reserved 628736K
  class space    used 15442K, capacity 15811K, committed 15872K, reserved 516096K
}
Event: 34.802 GC heap after
{Heap after GC invocations=84 (full 0):
 garbage-first heap   total 223232K, used 85307K [0x0000000780000000, 0x0000000800000000)
  region size 1024K, 2 young (2048K), 2 survivors (2048K)
 Metaspace       used 123182K, capacity 124258K, committed 126896K, reserved 628736K
  class space    used 15442K, capacity 15811K, committed 15872K, reserved 516096K
}
Event: 35.130 GC heap before
{Heap before GC invocations=84 (full 0):
 garbage-first heap   total 223232K, used 191803K [0x0000000780000000, 0x0000000800000000)
  region size 1024K, 106 young (108544K), 2 survivors (2048K)
 Metaspace       used 123310K, capacity 124386K, committed 127152K, reserved 628736K
  class space    used 15459K, capacity 15811K, committed 15872K, reserved 516096K
}
Event: 35.131 GC heap after
{Heap after GC invocations=85 (full 0):
 garbage-first heap   total 223232K, used 84358K [0x0000000780000000, 0x0000000800000000)
  region size 1024K, 1 young (1024K), 1 survivors (1024K)
 Metaspace       used 123310K, capacity 124386K, committed 127152K, reserved 628736K
  class space    used 15459K, capacity 15811K, committed 15872K, reserved 516096K
}
Event: 35.913 GC heap before
{Heap before GC invocations=85 (full 0):
 garbage-first heap   total 223232K, used 193926K [0x0000000780000000, 0x0000000800000000)
  region size 1024K, 107 young (109568K), 1 survivors (1024K)
 Metaspace       used 127251K, capacity 128343K, committed 131248K, reserved 632832K
  class space    used 15908K, capacity 16298K, committed 16384K, reserved 516096K
}
Event: 35.915 GC heap after
{Heap after GC invocations=86 (full 0):
 garbage-first heap   total 223232K, used 84953K [0x0000000780000000, 0x0000000800000000)
  region size 1024K, 2 young (2048K), 2 survivors (2048K)
 Metaspace       used 127251K, capacity 128343K, committed 131248K, reserved 632832K
  class space    used 15908K, capacity 16298K, committed 16384K, reserved 516096K
}
Event: 36.752 GC heap before
{Heap before GC invocations=86 (full 0):
 garbage-first heap   total 223232K, used 192473K [0x0000000780000000, 0x0000000800000000)
  region size 1024K, 107 young (109568K), 2 survivors (2048K)
 Metaspace       used 135245K, capacity 136473K, committed 139440K, reserved 638976K
  class space    used 16866K, capacity 17280K, committed 17408K, reserved 516096K
}
Event: 36.759 GC heap after
{Heap after GC invocations=87 (full 0):
 garbage-first heap   total 223232K, used 91900K [0x0000000780000000, 0x0000000800000000)
  region size 1024K, 8 young (8192K), 8 survivors (8192K)
 Metaspace       used 135245K, capacity 136473K, committed 139440K, reserved 638976K
  class space    used 16866K, capacity 17280K, committed 17408K, reserved 516096K
}

