# JRE version: Java(TM) SE Runtime Environment (15.0.1+9) (build 15.0.1+9-18)
# Java VM: Java HotSpot(TM) 64-Bit Server VM (15.0.1+9-18, mixed mode, sharing, tiered, compressed oops, g1 gc, bsd-amd64)
GC Precious Log:
 CPUs: 8 total, 8 available
 Memory: 16384M
 Large Page Support: Disabled
 NUMA Support: Disabled
 Compressed Oops: Enabled (Zero based)
 Heap Region Size: 1M
 Heap Min Capacity: 8M
 Heap Initial Capacity: 256M
 Heap Max Capacity: 2G
 Pre-touch: Disabled
 Parallel Workers: 8
 Concurrent Workers: 2
 Concurrent Refinement Workers: 8
 Periodic GC: Disabled
Heap:
 garbage-first heap   total 103424K, used 48279K [0x0000000780000000, 0x0000000800000000)
  region size 1024K, 17 young (17408K), 4 survivors (4096K)
 Metaspace       used 50425K, capacity 51273K, committed 51996K, reserved 561152K
  class space    used 6940K, capacity 7225K, committed 7276K, reserved 516096K
GC Heap History (20 events):
Event: 0.363 GC heap before
{Heap before GC invocations=0 (full 0):
 garbage-first heap   total 264192K, used 27432K [0x0000000780000000, 0x0000000800000000)
  region size 1024K, 23 young (23552K), 0 survivors (0K)
 Metaspace       used 1864K, capacity 5145K, committed 5504K, reserved 524288K
  class space    used 187K, capacity 499K, committed 640K, reserved 516096K
}
Event: 0.367 GC heap after
{Heap after GC invocations=1 (full 0):
 garbage-first heap   total 264192K, used 11415K [0x0000000780000000, 0x0000000800000000)
  region size 1024K, 3 young (3072K), 3 survivors (3072K)
 Metaspace       used 1864K, capacity 5145K, committed 5504K, reserved 524288K
  class space    used 187K, capacity 499K, committed 640K, reserved 516096K
}
Event: 0.694 GC heap before
{Heap before GC invocations=1 (full 0):
 garbage-first heap   total 264192K, used 45207K [0x0000000780000000, 0x0000000800000000)
  region size 1024K, 36 young (36864K), 3 survivors (3072K)
 Metaspace       used 4515K, capacity 6812K, committed 7040K, reserved 524288K
  class space    used 567K, capacity 776K, committed 896K, reserved 516096K
}
Event: 0.697 GC heap after
{Heap after GC invocations=2 (full 0):
 garbage-first heap   total 264192K, used 12719K [0x0000000780000000, 0x0000000800000000)
  region size 1024K, 2 young (2048K), 2 survivors (2048K)
 Metaspace       used 4515K, capacity 6812K, committed 7040K, reserved 524288K
  class space    used 567K, capacity 776K, committed 896K, reserved 516096K
}
Event: 2.129 GC heap before
{Heap before GC invocations=2 (full 0):
 garbage-first heap   total 264192K, used 131503K [0x0000000780000000, 0x0000000800000000)
  region size 1024K, 118 young (120832K), 2 survivors (2048K)
 Metaspace       used 20637K, capacity 20983K, committed 21296K, reserved 534528K
  class space    used 2971K, capacity 3130K, committed 3200K, reserved 516096K
}
Event: 2.138 GC heap after
{Heap after GC invocations=3 (full 0):
 garbage-first heap   total 264192K, used 22966K [0x0000000780000000, 0x0000000800000000)
  region size 1024K, 11 young (11264K), 11 survivors (11264K)
 Metaspace       used 20637K, capacity 20983K, committed 21296K, reserved 534528K
  class space    used 2971K, capacity 3130K, committed 3200K, reserved 516096K
}
Event: 2.613 GC heap before
{Heap before GC invocations=4 (full 0):
 garbage-first heap   total 86016K, used 62902K [0x0000000780000000, 0x0000000800000000)
  region size 1024K, 50 young (51200K), 11 survivors (11264K)
 Metaspace       used 25401K, capacity 25804K, committed 26416K, reserved 538624K
  class space    used 3709K, capacity 3882K, committed 3968K, reserved 516096K
}
Event: 2.624 GC heap after
{Heap after GC invocations=5 (full 0):
 garbage-first heap   total 86016K, used 24547K [0x0000000780000000, 0x0000000800000000)
  region size 1024K, 2 young (2048K), 2 survivors (2048K)
 Metaspace       used 25401K, capacity 25804K, committed 26416K, reserved 538624K
  class space    used 3709K, capacity 3882K, committed 3968K, reserved 516096K
}
Event: 2.993 GC heap before
{Heap before GC invocations=5 (full 0):
 garbage-first heap   total 86016K, used 61411K [0x0000000780000000, 0x0000000800000000)
  region size 1024K, 39 young (39936K), 2 survivors (2048K)
 Metaspace       used 31511K, capacity 32035K, committed 32688K, reserved 544768K
  class space    used 4376K, capacity 4572K, committed 4608K, reserved 516096K
}
Event: 2.998 GC heap after
{Heap after GC invocations=6 (full 0):
 garbage-first heap   total 86016K, used 28881K [0x0000000780000000, 0x0000000800000000)
  region size 1024K, 5 young (5120K), 5 survivors (5120K)
 Metaspace       used 31511K, capacity 32035K, committed 32688K, reserved 544768K
  class space    used 4376K, capacity 4572K, committed 4608K, reserved 516096K
}
Event: 3.280 GC heap before
{Heap before GC invocations=6 (full 0):
 garbage-first heap   total 86016K, used 67793K [0x0000000780000000, 0x0000000800000000)
  region size 1024K, 38 young (38912K), 5 survivors (5120K)
 Metaspace       used 34743K, capacity 35283K, committed 35888K, reserved 548864K
  class space    used 4768K, capacity 4949K, committed 4992K, reserved 516096K
}
Event: 3.285 GC heap after
{Heap after GC invocations=7 (full 0):
 garbage-first heap   total 86016K, used 31442K [0x0000000780000000, 0x0000000800000000)
  region size 1024K, 3 young (3072K), 3 survivors (3072K)
 Metaspace       used 34743K, capacity 35283K, committed 35888K, reserved 548864K
  class space    used 4768K, capacity 4949K, committed 4992K, reserved 516096K
}
Event: 3.290 GC heap before
{Heap before GC invocations=7 (full 0):
 garbage-first heap   total 86016K, used 31442K [0x0000000780000000, 0x0000000800000000)
  region size 1024K, 4 young (4096K), 3 survivors (3072K)
 Metaspace       used 34762K, capacity 35283K, committed 35888K, reserved 548864K
  class space    used 4773K, capacity 4949K, committed 4992K, reserved 516096K
}
Event: 3.292 GC heap after
{Heap after GC invocations=8 (full 0):
 garbage-first heap   total 103424K, used 31365K [0x0000000780000000, 0x0000000800000000)
  region size 1024K, 3 young (3072K), 3 survivors (3072K)
 Metaspace       used 34762K, capacity 35283K, committed 35888K, reserved 548864K
  class space    used 4773K, capacity 4949K, committed 4992K, reserved 516096K
}
Event: 4.247 GC heap before
{Heap before GC invocations=9 (full 0):
 garbage-first heap   total 103424K, used 78469K [0x0000000780000000, 0x0000000800000000)
  region size 1024K, 49 young (50176K), 3 survivors (3072K)
 Metaspace       used 38876K, capacity 39561K, committed 40220K, reserved 550912K
  class space    used 5371K, capacity 5598K, committed 5740K, reserved 516096K
}
Event: 4.252 GC heap after
{Heap after GC invocations=10 (full 0):
 garbage-first heap   total 103424K, used 33956K [0x0000000780000000, 0x0000000800000000)
  region size 1024K, 6 young (6144K), 6 survivors (6144K)
 Metaspace       used 38876K, capacity 39561K, committed 40220K, reserved 550912K
  class space    used 5371K, capacity 5598K, committed 5740K, reserved 516096K
}
Event: 4.691 GC heap before
{Heap before GC invocations=10 (full 0):
 garbage-first heap   total 103424K, used 79012K [0x0000000780000000, 0x0000000800000000)
  region size 1024K, 50 young (51200K), 6 survivors (6144K)
 Metaspace       used 43230K, capacity 43958K, committed 44572K, reserved 555008K
  class space    used 6066K, capacity 6353K, committed 6508K, reserved 516096K
}
Event: 4.697 GC heap after
{Heap after GC invocations=11 (full 0):
 garbage-first heap   total 103424K, used 35588K [0x0000000780000000, 0x0000000800000000)
  region size 1024K, 5 young (5120K), 5 survivors (5120K)
 Metaspace       used 43230K, capacity 43958K, committed 44572K, reserved 555008K
  class space    used 6066K, capacity 6353K, committed 6508K, reserved 516096K
}
Event: 5.102 GC heap before
{Heap before GC invocations=11 (full 0):
 garbage-first heap   total 103424K, used 82692K [0x0000000780000000, 0x0000000800000000)
  region size 1024K, 49 young (50176K), 5 survivors (5120K)
 Metaspace       used 48581K, capacity 49350K, committed 49948K, reserved 559104K
  class space    used 6682K, capacity 6968K, committed 7020K, reserved 516096K
}
Event: 5.107 GC heap after
{Heap after GC invocations=12 (full 0):
 garbage-first heap   total 103424K, used 37015K [0x0000000780000000, 0x0000000800000000)
  region size 1024K, 4 young (4096K), 4 survivors (4096K)
 Metaspace       used 48581K, capacity 49350K, committed 49948K, reserved 559104K
  class space    used 6682K, capacity 6968K, committed 7020K, reserved 516096K
}

